2022-12-13 12:09:10,469 INFO 

		 *** NEW EXPERIMENT ***
args=Namespace(adam_epsilon=1e-08, convert_abstain_to_random=False, datapath='../data', dataset='econ_reg', debug=False, device=device(type='cuda'), downsample=1.0, eval_batch_size=16, experiment_folder='../experiments/econ_reg', finetuning_rate=0.0001, fp16=False, hard_student_rule=False, learning_rate=0.0001, logdir='../experiments/econ_reg/Dec13_12-09_ECON_experiments/seed0/2022_12_13-12_09_stBERT', logging_steps=500, loss_weights=False, lower_case=False, max_grad_norm=1.0, max_rule_seq_length=10, max_seq_length=64, max_size=1000, metric='mse', n_gpu=1, no_cuda=False, num_epochs=15, num_iter=25, num_labels=1, num_supervised_trials=5, num_unsup_epochs=25, oversample=1, overwrite=False, sample_size=16384, seed=0, soft_labels=False, student_name='bert', teacher_name='ran', tokenizer_method='clean', train_batch_size=16, unsup_batch_size=128, warmup_steps=0, weak_sources=None, weight_decay=0.0)
2022-12-13 12:09:10,469 INFO building student: bert
2022-12-13 12:09:10,469 INFO building teacher
2022-12-13 12:09:10,469 INFO No weak sources specified for Teacher. Using default: ['econ_regrules']
2022-12-13 12:09:10,469 INFO loading data
2022-12-13 12:09:10,475 INFO Pre-processing train data for student...
2022-12-13 12:09:10,475 INFO train DATASET: 247 examples
2022-12-13 12:09:10,475 INFO train LABELS:
3.338052914979758
2022-12-13 12:09:10,478 INFO Pre-processing dev data for student...
2022-12-13 12:09:10,478 INFO dev DATASET: 18 examples
2022-12-13 12:09:10,478 INFO dev LABELS:
2.138967777777778
2022-12-13 12:09:10,478 INFO [4.57732, 5.39412, 3.88678, 0.93698, -1.04081, -0.58869, -1.53302, 3.76668, 7.29736, 10.30496, 13.36852, 10.56301, 9.14988, 7.2547, 5.47138, 5.17, 3.60142, 2.24206, 5.36784, 6.19179, 6.78258, 5.42076, 0.52335, -1.7829, -2.43001, -0.76976, 2.72709, 6.16873, 7.77884, 8.0145, 6.57755, 3.21555, 2.40215, 0.9469, 1.99603, 3.04933, 1.98087, 3.07291, 0.35513, -2.87143, -2.01841, -0.7248, 2.65814, 7.41665, 9.1219, 6.73, 4.58866, 4.92542, 2.05821, 2.48539, 0.88268, -0.66913, 1.56445, 3.00992, 6.39553, 7.56728, 6.72769, 6.00401, 4.3071, 3.59787, 3.82216, 4.81693, 5.15824, 6.21582, 6.18075, 5.51983, 5.15634, 5.47714, 5.65928, 6.3469, 8.46216, 8.4775, 7.49014, 6.04287, 4.50502, 2.92504, 2.63752, 2.73849, 2.67084, 3.84521, 5.51558, 5.33667, 4.95957, 4.4716, 3.06714, 2.9501, 2.04665, 0.32493, 0.16284, 0.42258, -0.1667, 2.69724, 3.10661, 3.00589, 4.3672, 3.47607, 5.25519, 5.38194, 6.89448, 7.56189, 6.31966, 4.77109, 4.02376, 0.63877, -0.20842, -0.629, -1.94545, -2.29905, -1.83426, 0.79868, 2.55402, 6.15239, 6.17259, 4.95864, 4.31481, 3.22596, 4.46632, 5.7709, 5.01203, 4.11706, 6.07815, 5.24577, 6.6581, 6.50991, 2.65686, 2.38992, 1.28456, 1.42078, -0.77506, -1.6238, -0.03913, 1.59998, 2.9687, 4.32577, 1.2999, -2.19035, -1.01057, -2.55592, -1.44316, 1.43146, 3.26853, 5.73717, 7.89997, 8.57828, 7.9967, 6.90084, 5.5758, 4.55509, 3.68422, 4.26244, 4.18227, 4.14559, 3.70158, 3.11924, 2.90803, 2.71584, 3.35848, 3.26693, 4.47902, 4.24219, 4.4846, 4.19287, 3.79897, 4.31524, 3.74829, 3.90811, 2.7438, 2.8213, 2.41277, 1.72722, 0.60286, -0.95024, -0.53889, -0.10272, 1.1665, 2.85887, 3.16976, 3.66532, 4.38259, 3.31998, 2.80667, 2.28652, 2.60762, 3.43052, 4.2254, 4.33678, 4.11593, 3.48113, 2.40217, 2.67311, 2.19958, 2.6011, 4.00213, 4.04992, 4.42131, 4.31413, 4.30807, 4.6738, 4.48768, 4.85501, 4.09573, 4.09777, 4.87954, 4.82186, 4.72753, 4.80021, 4.82763, 4.22596, 5.24468, 3.97408, 2.90162, 2.19554, 0.99193, 0.48735, 0.17064, 1.32881, 1.32288, 2.14067, 1.99129, 1.67619, 1.95699, 3.23991, 4.29508, 4.35338, 4.23481, 3.49083, 3.35577, 3.90862, 3.60741, 3.44767, 2.98267, 3.22486, 2.97727, 2.32829, 2.6089, 1.54072, 1.93864, 2.39856, 2.16088, 1.4468, 1.38013, 0.2422, -2.54034, -3.28239, -3.9955, -3.13768, 0.08166]
2022-12-13 12:09:10,481 INFO Pre-processing test data for student...
2022-12-13 12:09:10,481 INFO test DATASET: 32 examples
2022-12-13 12:09:10,481 INFO test LABELS:
2.1615075
2022-12-13 12:09:10,485 INFO Pre-processing unlabeled data for student...
2022-12-13 12:09:10,485 INFO unlabeled DATASET: 444 examples
2022-12-13 12:09:10,485 INFO unlabeled LABELS:
-999.0
2022-12-13 12:09:10,485 INFO creating pseudo-dataset
2022-12-13 12:09:10,485 INFO copying data from unlabeled dataset
2022-12-13 12:09:10,495 INFO done
2022-12-13 12:09:10,501 INFO PSEUDO-DATASET:
444 examples
 with mean PSEUDO-LABELS:
-999.0
2022-12-13 12:09:10,501 INFO copying data from train dataset
2022-12-13 12:09:10,506 INFO done
2022-12-13 12:09:10,508 INFO PSEUDO-DATASET:
247 examples
 with mean PSEUDO-LABELS:
3.3380529149797575
2022-12-13 12:09:10,509 INFO Class labels: 1
2022-12-13 12:09:10,509 INFO X Train Shape (247, 7) (247,)
2022-12-13 12:09:10,509 INFO X Dev Shape (18, 7) (18,)
2022-12-13 12:09:18,188 INFO Saving supervised_student to ../experiments/econ_reg/Dec13_12-09_ECON_experiments/seed0/2022_12_13-12_09_stBERT/supervised_student
2022-12-13 12:09:18,189 INFO Saving model at ../experiments/econ_reg/Dec13_12-09_ECON_experiments/seed0/2022_12_13-12_09_stBERT/supervised_student/final_model.h5
2022-12-13 12:09:18,199 INFO 

	*** Evaluating on dev data ***
2022-12-13 12:09:18,199 INFO Predicting labels for 18 texts
2022-12-13 12:09:18,321 INFO Evaluating student dev on 18 examples
2022-12-13 12:09:18,322 INFO student dev performance: 12.72
2022-12-13 12:09:18,322 INFO {'mse': 12.724145315072679, 'r2': 16.943265386491813, 'var_explained': 17.69760274046067, 'ignored': 0, 'total': 18, 'perf': 12.724145315072679}
2022-12-13 12:09:18,322 INFO 

	*** Evaluating on test data ***
2022-12-13 12:09:18,322 INFO Predicting labels for 32 texts
2022-12-13 12:09:18,432 INFO Evaluating student test on 32 examples
2022-12-13 12:09:18,434 INFO student test performance: 1.67
2022-12-13 12:09:18,434 INFO initializing teacher on unlabeled data with majority voting
2022-12-13 12:09:18,434 INFO Applying Teacher with 7 LF(s) on 444 data
2022-12-13 12:09:18,435 INFO There are 3/7 active rules
2022-12-13 12:09:18,435 INFO Coverage: 100.0% (444/444)
2022-12-13 12:09:18,439 INFO evaluating majority voting
2022-12-13 12:09:18,439 INFO Applying Teacher with 7 LF(s) on 247 data
2022-12-13 12:09:18,439 INFO There are 7/7 active rules
2022-12-13 12:09:18,439 INFO Coverage: 100.0% (247/247)
2022-12-13 12:09:18,442 INFO Evaluating teacher train on 247 examples
2022-12-13 12:09:18,443 INFO teacher train performance: 1.96
2022-12-13 12:09:18,443 INFO Applying Teacher with 7 LF(s) on 18 data
2022-12-13 12:09:18,443 INFO There are 7/7 active rules
2022-12-13 12:09:18,443 INFO Coverage: 100.0% (18/18)
2022-12-13 12:09:18,444 INFO Evaluating teacher dev on 18 examples
2022-12-13 12:09:18,445 INFO teacher dev performance: 10.07
2022-12-13 12:09:18,445 INFO Applying Teacher with 7 LF(s) on 32 data
2022-12-13 12:09:18,445 INFO There are 7/7 active rules
2022-12-13 12:09:18,445 INFO Coverage: 100.0% (32/32)
2022-12-13 12:09:18,445 INFO Evaluating teacher test on 32 examples
2022-12-13 12:09:18,446 INFO teacher test performance: 0.29
2022-12-13 12:09:18,446 INFO 

	 *** Starting loop 0 ***
2022-12-13 12:09:18,446 INFO Adding Student as extra rule in Teacher
2022-12-13 12:09:18,447 INFO Getting rule predictions
2022-12-13 12:09:18,447 INFO Applying Teacher with 7 LF(s) on 247 data
2022-12-13 12:09:18,447 INFO Applying Teacher with 7 LF(s) on 18 data
2022-12-13 12:09:18,447 INFO Applying Teacher with 7 LF(s) on 444 data
2022-12-13 12:09:18,448 INFO Getting student predictions on train (and dev) dataset
2022-12-13 12:09:18,448 INFO Predicting labels for 247 texts
2022-12-13 12:09:18,571 INFO Predicting labels for 18 texts
2022-12-13 12:09:19,701 INFO Predicting labels for 444 texts
2022-12-13 12:09:19,813 INFO Training Rule Attention Network
2022-12-13 12:09:19,815 INFO X Train Shape (247, 7) (247, 8) (247,)
2022-12-13 12:09:19,815 INFO X Dev Shape (18, 7) (18, 8) (18,)
2022-12-13 12:09:19,817 INFO X Unsup Shape (444, 7) (444, 8)
2022-12-13 12:09:19,886 INFO 

		*** Training RAN ***
2022-12-13 12:09:20,985 INFO Applying Teacher with 7 LF(s) on 444 data
2022-12-13 12:09:20,986 INFO Predicting labels for 444 texts
2022-12-13 12:09:21,100 INFO There are 3/7 active rules
2022-12-13 12:09:21,101 INFO Coverage: 100.0% (444/444)
2022-12-13 12:09:21,103 INFO RAN - Predicting labels for 444 texts
2022-12-13 12:09:21,166 INFO DONE, Getting attention scores...
2022-12-13 12:09:21,222 INFO the attention scores are
2022-12-13 12:09:21,222 INFO [[-0.3986414  -0.15456936  0.4411245  ...  0.4411245   0.4411245
   0.4411245 ]
 [-0.4054814  -0.14953572  0.42351604 ...  0.42351604  0.42351604
   0.42351604]
 [-0.15529732 -0.09345434  0.24041076 ...  0.24041076  0.24041076
   0.24041076]
 ...
 [-0.5080624   0.24545676  0.16676304 ...  0.64454645  0.64454645
   0.64454645]
 [-0.34624812  0.31556636  0.03023797 ...  0.59407634  0.59407634
   0.59407634]
 [-0.24446864  0.29454106 -0.04640804 ...  0.5271453   0.5271453
   0.5271453 ]]
2022-12-13 12:09:21,223 INFO [[ 3.79385829e-01 -2.94869000e+00 -9.99000000e+02 ... -9.99000000e+02
  -9.99000000e+02 -9.99000000e+02]
 [ 3.61278385e-01 -2.75736000e+00 -9.99000000e+02 ... -9.99000000e+02
  -9.99000000e+02 -9.99000000e+02]
 [ 2.92831451e-01 -7.87400000e-02 -9.99000000e+02 ... -9.99000000e+02
  -9.99000000e+02 -9.99000000e+02]
 ...
 [ 7.12436974e-01 -3.71401000e+00 -2.13952000e+00 ... -9.99000000e+02
  -9.99000000e+02  3.93627539e+00]
 [ 7.57463813e-01 -2.56603000e+00 -2.90272000e+00 ... -9.99000000e+02
  -9.99000000e+02  3.86859912e+00]
 [ 7.75300860e-01 -1.60938000e+00 -3.23101000e+00 ... -9.99000000e+02
  -9.99000000e+02  3.83700435e+00]]
2022-12-13 12:09:21,224 INFO [[8. 1. 0. ... 0. 0. 0.]
 [8. 1. 0. ... 0. 0. 0.]
 [8. 1. 0. ... 0. 0. 0.]
 ...
 [8. 1. 2. ... 0. 0. 0.]
 [8. 1. 2. ... 0. 0. 0.]
 [8. 1. 2. ... 0. 0. 0.]]
2022-12-13 12:09:21,225 INFO [[3.3     0.      1.22    ... 0.      0.      0.     ]
 [3.2     0.      1.07    ... 0.      0.      0.     ]
 [1.8     0.      0.83    ... 0.      0.      0.     ]
 ...
 [3.7     1.47984 0.15    ... 0.      0.      0.     ]
 [3.1     1.71424 0.12    ... 0.      0.      0.     ]
 [2.6     1.82367 0.12    ... 0.      0.      0.     ]]
2022-12-13 12:09:21,228 INFO tf.Tensor(
[[-2.64379565e+03]
 [-2.53828931e+03]
 [-1.44106030e+03]
 [-1.95294037e+02]
 [ 7.17082397e+02]
 [ 1.16820874e+03]
 [ 1.57875464e+03]
 [ 1.51403455e+03]
 [ 1.94687866e+03]
 [ 2.20006543e+03]
 [ 1.64090674e+03]
 [ 1.46334753e+03]
 [ 1.47215857e+03]
 [ 1.18747827e+03]
 [ 9.03295166e+02]
 [ 7.82820679e+02]
 [ 9.99404175e+02]
 [ 1.20219885e+03]
 [ 8.51858276e+02]
 [ 9.80454285e+02]
 [ 1.00482031e+03]
 [ 1.48167139e+03]
 [ 1.22280334e+03]
 [ 1.00482031e+03]
 [ 1.10228381e+03]
 [ 6.91428223e+02]
 [ 3.37896637e+02]
 [ 3.39898646e-01]
 [-1.42402246e+03]
 [-1.79198279e+03]
 [-2.08916431e+03]
 [-1.80756445e+03]
 [-1.85475098e+03]
 [-1.43232019e+03]
 [-5.65844849e+02]
 [-5.06977112e+02]
 [ 1.27532249e+02]
 [ 3.86676453e+02]
 [ 7.59826172e+02]
 [ 8.87248474e+02]
 [ 8.64914917e+02]
 [ 6.84091187e+02]
 [ 2.86695068e+02]
 [ 4.91814850e+02]
 [ 4.60639984e+02]
 [ 1.87545273e+02]
 [ 1.19335983e+02]
 [-1.26360626e+02]
 [-1.25050156e+02]
 [ 5.35739975e+01]
 [-1.38491013e+02]
 [-5.55099060e+02]
 [-9.05198364e+02]
 [-6.89109314e+02]
 [-9.59942322e+02]
 [-7.08757385e+02]
 [-5.19597961e+02]
 [-6.30268616e+02]
 [ 3.20752373e+01]
 [ 1.56698654e+02]
 [ 5.26883240e+02]
 [ 5.85767090e+02]
 [ 5.10903320e+02]
 [ 5.94327637e+02]
 [ 4.48952759e+02]
 [ 5.18650330e+02]
 [ 2.72411285e+02]
 [ 2.86082092e+02]
 [-1.12742455e+02]
 [ 1.90316048e+01]
 [-3.82406921e+01]
 [ 2.01658039e+01]
 [ 2.61670685e+02]
 [ 1.65856491e+02]
 [ 9.05944824e+01]
 [ 8.21104584e+01]
 [ 2.79014557e+02]
 [ 2.28220383e+02]
 [ 4.42947327e+02]
 [ 2.78963104e+02]
 [ 3.06653473e+02]
 [ 3.01132294e+02]
 [ 4.86417633e+02]
 [ 3.93700165e+02]
 [ 3.26155731e+02]
 [ 5.14898376e+02]
 [ 3.89005402e+02]
 [ 4.65254761e+02]
 [ 4.74368958e+02]
 [ 5.04675995e+02]
 [ 5.23799927e+02]
 [ 6.43595032e+02]
 [ 8.28805176e+02]
 [ 6.42014404e+02]
 [ 5.02280487e+02]
 [ 5.40494690e+02]
 [ 4.33415070e+02]
 [ 4.20647766e+02]
 [ 3.90924957e+02]
 [ 2.23135162e+02]
 [ 1.00232834e+02]
 [-5.36268272e+01]
 [-4.67071495e+01]
 [-1.10193413e+02]
 [-1.07737434e+02]
 [-1.43256256e+02]
 [-2.09190933e+02]
 [-8.15242310e+01]
 [-1.21942474e+02]
 [-5.99107094e+01]
 [ 2.04194229e+02]
 [ 8.76516037e+01]
 [ 1.20859322e+02]
 [ 4.94449959e+01]
 [ 2.48197651e+01]
 [ 4.61725883e+01]
 [ 9.55006714e+01]
 [ 4.03312988e+01]
 [ 2.84940033e+02]
 [ 3.57219238e+02]
 [ 2.79398315e+02]
 [ 1.43589966e+02]
 [ 2.29090988e+02]
 [ 2.24717621e+02]
 [-1.21524536e+02]
 [-4.21699585e+02]
 [-6.02277405e+02]
 [-6.67822388e+02]
 [-7.96671082e+02]
 [-8.53593872e+02]
 [-1.20786804e+03]
 [-1.36967200e+03]
 [-1.06772681e+03]
 [-8.83474548e+02]
 [-6.25869934e+02]
 [-5.58523560e+02]
 [-4.92232544e+02]
 [-2.48679810e+02]
 [ 3.92934265e+01]
 [ 2.56731529e+01]
 [-5.36612587e+01]
 [-2.43911953e+01]
 [ 9.85766754e+01]
 [ 1.75119888e+02]
 [ 3.02346130e+02]
 [ 3.14222412e+02]
 [ 4.50570740e+02]
 [ 4.97535065e+02]
 [ 6.28855164e+02]
 [ 7.19215393e+02]
 [ 7.70773987e+02]
 [ 8.50207642e+02]
 [ 1.12037036e+03]
 [ 9.89366882e+02]
 [ 6.93391663e+02]
 [ 5.95470337e+02]
 [ 2.17235046e+02]
 [ 2.17770370e+02]
 [ 2.97971100e+02]
 [ 1.58111176e+02]
 [-2.94096466e+02]
 [-5.61332520e+02]
 [-1.03683484e+03]
 [-1.36934326e+03]
 [-2.22768799e+03]
 [-2.54644287e+03]
 [-2.53928833e+03]
 [-2.16059521e+03]
 [-1.49335486e+03]
 [-1.26948914e+03]
 [-9.61634033e+02]
 [-6.74210510e+02]
 [-2.17605133e+02]
 [-8.04028931e+01]
 [ 1.17441223e+02]
 [ 7.96355057e+01]
 [-1.34831223e+02]
 [-7.85271072e+01]
 [-1.41155182e+02]
 [-1.85769180e+02]
 [-2.86254883e+02]
 [-2.49521011e+02]
 [-1.12429314e+02]
 [-1.47479630e+02]
 [ 3.51166534e+01]
 [ 5.39111519e+01]
 [ 1.40860779e+02]
 [ 2.22937073e+02]
 [ 2.61450500e+02]
 [ 1.76945740e+02]
 [ 1.55391953e+02]
 [ 2.62975220e+02]
 [ 1.67470779e+02]
 [ 7.05970001e+01]
 [ 1.80084137e+02]
 [ 6.01195793e+01]
 [-2.23955536e+01]
 [-1.24537601e+01]
 [-3.05882721e+01]
 [-8.25338287e+01]
 [-2.01588989e+02]
 [-6.85821533e+01]
 [ 2.47814350e+01]
 [-8.71814311e-01]
 [-2.08610535e+02]
 [ 1.81493011e+02]
 [-1.16136951e+03]
 [-1.41044202e+03]
 [-1.06952234e+03]
 [-9.54268921e+02]
 [-5.24603333e+02]
 [ 1.52821960e+02]
 [ 4.20854998e+00]
 [-4.56144562e+01]
 [ 8.65901794e+02]
 [ 9.88883057e+02]
 [ 7.74643127e+02]
 [ 2.60599182e+02]
 [-1.97836609e+02]
 [-4.61175232e+02]
 [-1.84926987e+02]
 [-1.93767548e+02]
 [-4.08389832e+02]
 [-5.44557800e+02]
 [-1.02731104e+03]
 [-9.69214111e+02]
 [-1.01481854e+03]
 [-8.00933533e+02]
 [-4.36003845e+02]
 [-2.93286530e+02]
 [ 1.01183495e+02]
 [ 3.11942413e+02]
 [ 7.79210571e+02]
 [ 9.83429688e+02]
 [ 1.44651428e+03]
 [ 1.47413110e+03]
 [ 1.49874866e+03]
 [ 1.48387402e+03]
 [ 1.59391370e+03]
 [ 1.76382507e+03]
 [ 1.48445349e+03]
 [ 1.40085779e+03]
 [ 9.77976685e+02]
 [ 7.26926025e+02]
 [ 5.79175171e+02]
 [ 5.88579163e+02]
 [ 3.71115906e+02]
 [ 1.59820663e+02]
 [ 4.82959381e+02]
 [ 4.15701630e+02]
 [ 3.87377380e+02]
 [ 4.63927124e+02]
 [ 3.04017731e+02]
 [ 2.76225647e+02]
 [ 2.21696259e+02]
 [ 3.18574707e+02]
 [ 2.41694351e+02]
 [ 1.19834198e+02]
 [ 2.02826157e+02]
 [ 4.21587952e+02]
 [ 4.47188171e+02]
 [ 4.43166412e+02]
 [ 5.97905518e+02]
 [ 6.30635864e+02]
 [ 5.99034912e+02]
 [ 7.29299744e+02]
 [ 5.95660156e+02]
 [ 5.64924927e+02]
 [ 4.79559998e+02]
 [ 4.62122437e+02]
 [ 5.29790527e+02]
 [ 5.92103638e+02]
 [ 4.68466522e+02]
 [ 5.17631165e+02]
 [ 5.36229187e+02]
 [ 5.25376953e+02]
 [ 6.23852844e+02]
 [ 7.70339661e+02]
 [ 6.42123291e+02]
 [ 4.79167816e+02]
 [ 5.67622986e+02]
 [ 4.60924194e+02]
 [ 3.09264862e+02]
 [ 2.94737793e+02]
 [ 2.60398346e+02]
 [ 1.99377258e+02]
 [ 1.92552383e+02]
 [ 3.25067657e+02]
 [-1.01892557e+01]
 [-6.82170792e+01]
 [-2.06780182e+02]
 [-3.32606384e+02]
 [-6.55064697e+02]
 [-7.54176392e+02]
 [-7.34419067e+02]
 [-7.83822510e+02]
 [-5.69713745e+02]
 [-5.02983643e+02]
 [-4.54160004e+02]
 [-5.55192688e+02]
 [-4.50678864e+02]
 [-3.76912598e+02]
 [-4.28443054e+02]
 [-5.08981812e+02]
 [-4.28245911e+02]
 [-4.25766754e+02]
 [-3.12222534e+02]
 [-2.03910797e+02]
 [-7.98152008e+01]
 [-2.24053535e+01]
 [-1.40858040e+01]
 [ 5.00577583e+01]
 [ 5.76757202e+01]
 [ 9.31636734e+01]
 [ 7.46263351e+01]
 [ 8.99222794e+01]
 [ 7.18412704e+01]
 [ 5.35260239e+01]
 [ 3.47379883e+02]
 [ 3.36663330e+02]
 [ 3.64583405e+02]
 [ 3.72182251e+02]
 [ 6.02005737e+02]
 [ 6.41331116e+02]
 [ 7.39295166e+02]
 [ 7.05537903e+02]
 [ 4.37805908e+02]
 [ 4.44790894e+02]
 [ 3.31224487e+02]
 [ 3.37762970e+02]
 [ 2.00532974e+02]
 [ 1.35956207e+02]
 [ 1.11616913e+02]
 [ 1.25199570e+02]
 [ 1.75162796e+02]
 [ 3.13260620e+02]
 [ 4.45763611e+02]
 [ 3.61936310e+02]
 [ 2.81371979e+02]
 [ 2.74217316e+02]
 [ 3.21131897e+02]
 [ 3.50733887e+02]
 [ 5.26506531e+02]
 [ 3.69996307e+02]
 [ 3.79492493e+02]
 [ 3.85450165e+02]
 [ 6.16547852e+02]
 [ 5.57946716e+02]
 [ 5.18866211e+02]
 [ 4.73397095e+02]
 [ 4.80546417e+02]
 [ 4.82165344e+02]
 [ 3.63504822e+02]
 [ 3.71056061e+02]
 [ 2.54341034e+02]
 [ 2.74241302e+02]
 [ 2.64574249e+02]
 [ 4.21428009e+02]
 [ 2.68788818e+02]
 [ 2.81394501e+02]
 [ 3.69470184e+02]
 [ 4.16213806e+02]
 [ 3.89565796e+02]
 [ 4.46124817e+02]
 [ 4.13272919e+02]
 [ 3.47533844e+02]
 [ 3.98702240e+02]
 [ 4.57450928e+02]
 [ 3.50689728e+02]
 [ 4.58739166e+02]
 [ 3.96974152e+02]
 [ 3.42493896e+02]
 [ 1.43824036e+02]
 [ 4.67957802e+01]
 [-5.30565834e+01]
 [-2.17846100e+02]
 [-3.83991730e+02]
 [-5.42566345e+02]
 [-8.93971497e+02]
 [-1.03628809e+03]
 [-8.62172058e+02]
 [-8.01459534e+02]
 [-8.59428894e+02]
 [-7.32630493e+02]
 [-4.86132446e+02]
 [-4.28893005e+02]
 [-3.40236633e+02]
 [-3.15627777e+02]
 [-2.42856491e+02]
 [-2.35290176e+02]
 [-2.37721329e+02]
 [-3.29385315e+02]
 [-2.87924164e+02]
 [-2.85104889e+02]
 [-7.52611313e+01]
 [-2.03679829e+01]
 [-4.11335983e+01]
 [-1.60844559e+02]
 [-1.01362183e+02]
 [-1.06868912e+02]
 [ 3.11695442e+01]
 [ 2.39927349e+01]
 [-2.35469837e+01]
 [-2.68760967e+01]
 [-2.77417336e+01]
 [ 8.95843353e+01]
 [ 1.26995682e+02]
 [ 1.93371719e+02]
 [ 2.44377518e+02]
 [ 2.53883347e+02]
 [ 2.76185455e+02]
 [ 3.35644012e+02]
 [ 4.16935883e+02]
 [ 3.87897919e+02]
 [ 3.88642059e+02]
 [ 3.32024994e+02]
 [ 2.53062744e+02]
 [ 3.74809326e+02]
 [ 4.04726654e+02]
 [ 4.04006714e+02]
 [ 3.07977875e+02]
 [ 3.28255493e+02]
 [ 3.03396301e+02]
 [ 2.13397568e+02]
 [ 2.47419357e+02]
 [ 9.29752045e+01]
 [ 3.81829300e+01]
 [-2.15258301e+02]
 [-2.28631638e+02]
 [-4.03558533e+02]
 [-5.78085632e+02]
 [-5.80614807e+02]
 [-8.30747070e+02]
 [-7.94455322e+02]
 [-1.35776416e+03]
 [-1.53520020e+03]
 [-2.29224927e+03]
 [-2.43003320e+03]
 [-2.69317529e+03]
 [-2.61424023e+03]
 [-2.33528711e+03]
 [-2.46080371e+03]
 [-2.10570288e+03]
 [-1.77606958e+03]], shape=(444, 1), dtype=float32)
2022-12-13 12:09:21,237 INFO Applying Teacher with 7 LF(s) on 247 data
2022-12-13 12:09:21,238 INFO Predicting labels for 247 texts
2022-12-13 12:09:21,374 INFO There are 7/7 active rules
2022-12-13 12:09:21,374 INFO Coverage: 100.0% (247/247)
2022-12-13 12:09:21,376 INFO RAN - Predicting labels for 247 texts
2022-12-13 12:09:21,406 INFO DONE, Getting attention scores...
2022-12-13 12:09:21,462 INFO the attention scores are
2022-12-13 12:09:21,462 INFO [[-0.20099905  0.0156078   0.1421411  ...  0.1421411   0.1421411
   0.1421411 ]
 [-0.24314763  0.01883933 -0.13635194 ...  0.21637157  0.21637157
   0.21637157]
 [ 0.05683857 -0.11108245  0.36228472 ...  0.27803725  0.27803725
   0.27803725]
 ...
 [-0.9544617   0.7144419  -0.06288321 ... -0.6795992  -0.26789853
  -0.21772519]
 [-0.89754134  0.7799581  -0.31620923 ... -0.79439026  0.01356513
  -0.7936291 ]
 [-0.72161514  0.38134095 -0.44281557 ... -0.50562906  0.48946485
  -1.0295029 ]]
2022-12-13 12:09:21,463 INFO [[ 5.91805816e-01 -9.99000000e+02 -9.99000000e+02 ... -9.99000000e+02
  -9.99000000e+02 -9.99000000e+02]
 [ 1.17945457e+00 -9.99000000e+02 -9.99000000e+02 ... -9.99000000e+02
  -9.99000000e+02 -9.99000000e+02]
 [ 1.65338385e+00 -9.99000000e+02 -9.99000000e+02 ...  5.59520826e+00
  -9.99000000e+02 -9.99000000e+02]
 ...
 [ 1.06742787e+00 -4.28800000e+00 -3.49699000e+00 ... -2.35151438e+00
  -2.33360379e+00  3.80563189e+00]
 [ 6.69940650e-01 -3.71401000e+00 -2.26130000e+00 ... -2.46230144e+00
  -2.47809853e+00  3.92263042e+00]
 [ 1.15008402e+00 -3.33135000e+00 -2.89819000e+00 ... -1.09507485e+00
  -1.06009013e+00  3.86903509e+00]]
2022-12-13 12:09:21,465 INFO [[8. 3. 0. ... 0. 0. 0.]
 [8. 3. 4. ... 0. 0. 0.]
 [8. 3. 4. ... 0. 0. 0.]
 ...
 [8. 1. 2. ... 5. 6. 7.]
 [8. 1. 2. ... 5. 6. 7.]
 [8. 1. 2. ... 5. 6. 7.]]
2022-12-13 12:09:21,466 INFO [[ 0.       0.       0.      ...  0.       0.       0.     ]
 [ 0.       0.       0.      ...  2.60473  0.       0.     ]
 [ 0.       0.       0.      ...  4.57732  2.60473  0.     ]
 ...
 [ 4.       1.93233  0.15    ... -2.54034  0.2422   1.38013]
 [ 3.7      1.5271   0.16    ... -3.28239 -2.54034  0.2422 ]
 [ 3.5      1.71273  0.12    ... -3.9955  -3.28239 -2.54034]]
2022-12-13 12:09:21,468 INFO tf.Tensor(
[[-7.2532166e+02]
 [-5.2925665e+02]
 [-8.0105853e+02]
 [-7.1861618e+01]
 [-3.7063232e+01]
 [-3.1225101e+02]
 [-3.8699213e+02]
 [-3.3035205e+02]
 [-2.2913443e+02]
 [-5.4498938e+02]
 [-6.1913782e+02]
 [-3.9785342e+02]
 [-6.1762978e+01]
 [-1.3881607e+02]
 [-7.5578362e+01]
 [-7.9983932e+01]
 [-1.9428241e+02]
 [-2.7096848e+01]
 [-4.4149422e+01]
 [-3.5961990e+02]
 [-1.5554645e+02]
 [-1.4053340e+02]
 [-5.6509033e+01]
 [ 3.0806961e+01]
 [-3.6911066e+02]
 [-4.7966464e+02]
 [-4.9305853e+02]
 [-3.3930365e+02]
 [-4.3773819e+02]
 [-2.9888632e+02]
 [ 5.0291985e+01]
 [ 1.2378412e+02]
 [ 1.2390778e+02]
 [-2.1285840e+02]
 [-1.4918982e+02]
 [-2.2034250e+02]
 [-2.4609723e+02]
 [ 2.1400452e+00]
 [-2.0940288e+02]
 [ 1.6125326e+00]
 [ 1.6032109e+00]
 [ 9.0846932e-01]
 [-8.7916642e-01]
 [ 4.3609948e+00]
 [ 9.7395802e+00]
 [ 9.5302572e+00]
 [ 4.5301828e+00]
 [ 1.5543065e+00]
 [ 6.3813324e+00]
 [ 3.4166515e+00]
 [ 3.3488281e+00]
 [ 3.9017079e+00]
 [ 1.3561130e+00]
 [ 2.0697231e+00]
 [ 2.8200514e+00]
 [ 6.5508356e+00]
 [ 6.2171173e+00]
 [ 4.2001162e+00]
 [ 3.7925568e+00]
 [ 4.6879478e+00]
 [ 4.3548746e+00]
 [ 4.7691092e+00]
 [ 4.9559269e+00]
 [ 4.7060499e+00]
 [ 5.6348505e+00]
 [ 5.0320320e+00]
 [ 4.3338776e+00]
 [ 3.8962519e+00]
 [ 5.0585380e+00]
 [ 5.0054522e+00]
 [ 5.0533371e+00]
 [ 8.3976603e+00]
 [ 7.3219681e+00]
 [ 5.7731876e+00]
 [ 4.0539112e+00]
 [ 3.6953142e+00]
 [ 2.7908773e+00]
 [ 2.7357504e+00]
 [ 2.7916925e+00]
 [ 1.9096324e+00]
 [ 2.2772241e+00]
 [ 3.5245507e+00]
 [ 3.1863947e+00]
 [ 2.9551587e+00]
 [ 2.8301024e+00]
 [ 1.5597391e+00]
 [ 1.9195709e+00]
 [ 1.4297216e+00]
 [ 1.2550384e-02]
 [ 7.2708511e-01]
 [ 1.4077559e+00]
 [ 9.5000607e-01]
 [ 1.4966938e+00]
 [ 1.7676828e+00]
 [ 1.2526520e+00]
 [ 3.2082076e+00]
 [ 2.5277438e+00]
 [ 3.8844380e+00]
 [ 4.9070725e+00]
 [ 5.9024596e+00]
 [ 7.5431690e+00]
 [ 4.7243857e+00]
 [ 2.0907812e+00]
 [ 2.8192906e+00]
 [-1.0102675e+00]
 [-1.4409497e+00]
 [ 1.0173703e+00]
 [ 3.1085789e+00]
 [ 3.5394859e+00]
 [ 2.1674666e+00]
 [ 5.4694510e+00]
 [ 3.2891965e+00]
 [ 3.0704889e+00]
 [ 5.1520667e+00]
 [ 4.2810097e+00]
 [ 4.4970775e+00]
 [ 3.3831768e+00]
 [ 3.3672254e+00]
 [ 4.6339092e+00]
 [ 2.8099320e+00]
 [ 1.9345592e+00]
 [ 3.9048462e+00]
 [ 3.6527960e+00]
 [ 1.5212741e+00]
 [ 4.4539375e+00]
 [-5.9604645e-03]
 [ 4.2940366e-01]
 [ 9.0568304e-02]
 [ 9.9037838e-01]
 [ 4.3870554e+00]
 [-5.5070925e-01]
 [-2.9080770e+00]
 [ 4.6221441e-01]
 [ 1.2655241e+00]
 [ 1.9684099e+00]
 [ 2.2999188e-01]
 [-4.1116214e+00]
 [-1.8279080e+00]
 [-9.2066555e+00]
 [-5.4580626e+00]
 [ 5.2952349e-01]
 [ 3.8882542e+00]
 [ 3.9557695e+00]
 [ 2.7138162e+00]
 [ 5.0029984e+00]
 [ 4.1617990e+00]
 [ 3.1433232e+00]
 [ 2.8711936e+00]
 [ 2.4026313e+00]
 [ 2.4716690e+00]
 [ 3.1774580e+00]
 [ 2.7408683e+00]
 [ 2.4904842e+00]
 [ 2.2676356e+00]
 [ 2.0014644e+00]
 [ 2.1792021e+00]
 [ 1.9975784e+00]
 [ 2.2468426e+00]
 [ 2.4786370e+00]
 [ 2.2575541e+00]
 [ 2.7643166e+00]
 [ 2.2797601e+00]
 [ 2.5629914e+00]
 [ 2.6244202e+00]
 [ 3.5488892e+00]
 [ 2.8059611e+00]
 [ 2.9677384e+00]
 [ 2.0055447e+00]
 [ 2.1374743e+00]
 [ 1.7770692e+00]
 [ 1.2420504e+00]
 [ 5.2116603e-01]
 [-7.0924962e-01]
 [-4.4374652e-02]
 [-2.8863877e-02]
 [ 8.4556359e-01]
 [ 1.4098799e+00]
 [ 1.4748265e+00]
 [ 2.6027739e+00]
 [ 3.7008398e+00]
 [ 2.9224346e+00]
 [ 1.8632205e+00]
 [ 2.0743651e+00]
 [ 1.9009858e+00]
 [ 2.5830514e+00]
 [ 3.0146079e+00]
 [ 3.0660534e+00]
 [ 2.6565695e+00]
 [ 2.1688747e+00]
 [ 1.6172473e+00]
 [ 2.1806121e+00]
 [ 2.0291638e+00]
 [ 2.0535650e+00]
 [ 3.1855347e+00]
 [ 3.1735454e+00]
 [ 3.3622377e+00]
 [ 3.4288144e+00]
 [ 3.3053212e+00]
 [ 4.0666952e+00]
 [ 3.5811222e+00]
 [ 3.8295228e+00]
 [ 3.1796179e+00]
 [ 3.4372122e+00]
 [ 4.4974718e+00]
 [ 4.4902368e+00]
 [ 4.1594300e+00]
 [ 4.1120830e+00]
 [ 4.3340988e+00]
 [ 3.2500091e+00]
 [ 4.8772793e+00]
 [ 3.1276627e+00]
 [ 2.4749658e+00]
 [ 2.6761088e+00]
 [ 1.6850481e+00]
 [ 1.7472196e+00]
 [ 1.5077871e+00]
 [ 8.6119425e-01]
 [ 7.1929348e-01]
 [ 1.3180387e+00]
 [ 1.6321452e+00]
 [ 1.5113658e+00]
 [ 2.0564859e+00]
 [ 2.9601421e+00]
 [ 4.0972428e+00]
 [ 4.1691494e+00]
 [ 3.7299736e+00]
 [ 3.0015302e+00]
 [ 2.8906574e+00]
 [ 3.4676998e+00]
 [ 2.7972763e+00]
 [ 2.4430273e+00]
 [ 2.0761504e+00]
 [ 2.4109576e+00]
 [ 2.2759521e+00]
 [ 1.6778185e+00]
 [ 2.1879635e+00]
 [ 1.6957999e+00]
 [ 2.2039957e+00]
 [ 2.2855191e+00]
 [ 1.4054233e+00]
 [ 1.3278785e+00]
 [ 1.7793443e+00]
 [ 1.1852762e+00]
 [-9.8154321e-04]
 [-2.5006924e+00]
 [-5.4199109e+00]
 [-5.8224745e+00]], shape=(247, 1), dtype=float32)
