2022-12-12 21:42:08,748 INFO 

		 *** NEW EXPERIMENT ***
args=Namespace(adam_epsilon=1e-08, convert_abstain_to_random=False, datapath='../data', dataset='econ_reg', debug=False, device=device(type='cuda'), downsample=1.0, eval_batch_size=16, experiment_folder='../experiments/econ_reg', finetuning_rate=0.0001, fp16=False, hard_student_rule=False, learning_rate=0.0001, logdir='../experiments/econ_reg/Dec12_21-42_ECON_experiments/seed0/2022_12_12-21_42_stBERT', logging_steps=500, loss_weights=False, lower_case=False, max_grad_norm=1.0, max_rule_seq_length=10, max_seq_length=64, max_size=1000, metric='mse', n_gpu=1, no_cuda=False, num_epochs=15, num_iter=25, num_labels=1, num_supervised_trials=5, num_unsup_epochs=25, oversample=1, overwrite=False, sample_size=16384, seed=0, soft_labels=False, student_name='bert', teacher_name='ran', tokenizer_method='clean', train_batch_size=16, unsup_batch_size=128, warmup_steps=0, weak_sources=None, weight_decay=0.0)
2022-12-12 21:42:08,748 INFO building student: bert
2022-12-12 21:42:08,748 INFO building teacher
2022-12-12 21:42:08,748 INFO No weak sources specified for Teacher. Using default: ['econ_regrules']
2022-12-12 21:42:08,749 INFO loading data
2022-12-12 21:42:08,754 INFO Pre-processing train data for student...
2022-12-12 21:42:08,754 INFO train DATASET: 247 examples
2022-12-12 21:42:08,754 INFO train LABELS:
3.338052914979758
2022-12-12 21:42:08,756 INFO Pre-processing dev data for student...
2022-12-12 21:42:08,756 INFO dev DATASET: 18 examples
2022-12-12 21:42:08,756 INFO dev LABELS:
2.138967777777778
2022-12-12 21:42:08,756 INFO [4.57732, 5.39412, 3.88678, 0.93698, -1.04081, -0.58869, -1.53302, 3.76668, 7.29736, 10.30496, 13.36852, 10.56301, 9.14988, 7.2547, 5.47138, 5.17, 3.60142, 2.24206, 5.36784, 6.19179, 6.78258, 5.42076, 0.52335, -1.7829, -2.43001, -0.76976, 2.72709, 6.16873, 7.77884, 8.0145, 6.57755, 3.21555, 2.40215, 0.9469, 1.99603, 3.04933, 1.98087, 3.07291, 0.35513, -2.87143, -2.01841, -0.7248, 2.65814, 7.41665, 9.1219, 6.73, 4.58866, 4.92542, 2.05821, 2.48539, 0.88268, -0.66913, 1.56445, 3.00992, 6.39553, 7.56728, 6.72769, 6.00401, 4.3071, 3.59787, 3.82216, 4.81693, 5.15824, 6.21582, 6.18075, 5.51983, 5.15634, 5.47714, 5.65928, 6.3469, 8.46216, 8.4775, 7.49014, 6.04287, 4.50502, 2.92504, 2.63752, 2.73849, 2.67084, 3.84521, 5.51558, 5.33667, 4.95957, 4.4716, 3.06714, 2.9501, 2.04665, 0.32493, 0.16284, 0.42258, -0.1667, 2.69724, 3.10661, 3.00589, 4.3672, 3.47607, 5.25519, 5.38194, 6.89448, 7.56189, 6.31966, 4.77109, 4.02376, 0.63877, -0.20842, -0.629, -1.94545, -2.29905, -1.83426, 0.79868, 2.55402, 6.15239, 6.17259, 4.95864, 4.31481, 3.22596, 4.46632, 5.7709, 5.01203, 4.11706, 6.07815, 5.24577, 6.6581, 6.50991, 2.65686, 2.38992, 1.28456, 1.42078, -0.77506, -1.6238, -0.03913, 1.59998, 2.9687, 4.32577, 1.2999, -2.19035, -1.01057, -2.55592, -1.44316, 1.43146, 3.26853, 5.73717, 7.89997, 8.57828, 7.9967, 6.90084, 5.5758, 4.55509, 3.68422, 4.26244, 4.18227, 4.14559, 3.70158, 3.11924, 2.90803, 2.71584, 3.35848, 3.26693, 4.47902, 4.24219, 4.4846, 4.19287, 3.79897, 4.31524, 3.74829, 3.90811, 2.7438, 2.8213, 2.41277, 1.72722, 0.60286, -0.95024, -0.53889, -0.10272, 1.1665, 2.85887, 3.16976, 3.66532, 4.38259, 3.31998, 2.80667, 2.28652, 2.60762, 3.43052, 4.2254, 4.33678, 4.11593, 3.48113, 2.40217, 2.67311, 2.19958, 2.6011, 4.00213, 4.04992, 4.42131, 4.31413, 4.30807, 4.6738, 4.48768, 4.85501, 4.09573, 4.09777, 4.87954, 4.82186, 4.72753, 4.80021, 4.82763, 4.22596, 5.24468, 3.97408, 2.90162, 2.19554, 0.99193, 0.48735, 0.17064, 1.32881, 1.32288, 2.14067, 1.99129, 1.67619, 1.95699, 3.23991, 4.29508, 4.35338, 4.23481, 3.49083, 3.35577, 3.90862, 3.60741, 3.44767, 2.98267, 3.22486, 2.97727, 2.32829, 2.6089, 1.54072, 1.93864, 2.39856, 2.16088, 1.4468, 1.38013, 0.2422, -2.54034, -3.28239, -3.9955, -3.13768, 0.08166]
2022-12-12 21:42:08,759 INFO Pre-processing test data for student...
2022-12-12 21:42:08,759 INFO test DATASET: 32 examples
2022-12-12 21:42:08,760 INFO test LABELS:
2.1615075
2022-12-12 21:42:08,763 INFO Pre-processing unlabeled data for student...
2022-12-12 21:42:08,763 INFO unlabeled DATASET: 444 examples
2022-12-12 21:42:08,763 INFO unlabeled LABELS:
-999.0
2022-12-12 21:42:08,763 INFO creating pseudo-dataset
2022-12-12 21:42:08,763 INFO copying data from unlabeled dataset
2022-12-12 21:42:08,772 INFO done
2022-12-12 21:42:08,775 INFO PSEUDO-DATASET:
444 examples
 with mean PSEUDO-LABELS:
-999.0
2022-12-12 21:42:08,775 INFO copying data from train dataset
2022-12-12 21:42:08,781 INFO done
2022-12-12 21:42:08,783 INFO PSEUDO-DATASET:
247 examples
 with mean PSEUDO-LABELS:
3.3380529149797575
2022-12-12 21:42:08,783 INFO Class labels: 1
2022-12-12 21:42:08,783 INFO X Train Shape (247, 7) (247,)
2022-12-12 21:42:08,783 INFO X Dev Shape (18, 7) (18,)
2022-12-12 21:42:19,144 INFO Saving supervised_student to ../experiments/econ_reg/Dec12_21-42_ECON_experiments/seed0/2022_12_12-21_42_stBERT/supervised_student
2022-12-12 21:42:19,144 INFO Saving model at ../experiments/econ_reg/Dec12_21-42_ECON_experiments/seed0/2022_12_12-21_42_stBERT/supervised_student/final_model.h5
2022-12-12 21:42:19,153 INFO 

	*** Evaluating on dev data ***
2022-12-12 21:42:19,154 INFO Predicting labels for 18 texts
2022-12-12 21:42:19,279 INFO Evaluating student dev on 18 examples
2022-12-12 21:42:19,281 INFO student dev performance: 12.72
2022-12-12 21:42:19,281 INFO {'mse': 12.724145315072679, 'r2': 16.943265386491813, 'var_explained': 17.69760274046067, 'ignored': 0, 'total': 18, 'perf': 12.724145315072679}
2022-12-12 21:42:19,281 INFO 

	*** Evaluating on test data ***
2022-12-12 21:42:19,281 INFO Predicting labels for 32 texts
2022-12-12 21:42:19,398 INFO Evaluating student test on 32 examples
2022-12-12 21:42:19,399 INFO student test performance: 1.67
2022-12-12 21:42:19,399 INFO initializing teacher on unlabeled data with majority voting
2022-12-12 21:42:19,399 INFO Applying Teacher with 7 LF(s) on 444 data
2022-12-12 21:42:19,400 INFO There are 3/7 active rules
2022-12-12 21:42:19,400 INFO Coverage: 100.0% (444/444)
2022-12-12 21:42:19,404 INFO evaluating majority voting
2022-12-12 21:42:19,404 INFO Applying Teacher with 7 LF(s) on 247 data
2022-12-12 21:42:19,404 INFO There are 7/7 active rules
2022-12-12 21:42:19,405 INFO Coverage: 100.0% (247/247)
2022-12-12 21:42:19,415 INFO Evaluating teacher train on 247 examples
2022-12-12 21:42:19,416 INFO teacher train performance: 1.96
2022-12-12 21:42:19,416 INFO Applying Teacher with 7 LF(s) on 18 data
2022-12-12 21:42:19,416 INFO There are 7/7 active rules
2022-12-12 21:42:19,416 INFO Coverage: 100.0% (18/18)
2022-12-12 21:42:19,419 INFO Evaluating teacher dev on 18 examples
2022-12-12 21:42:19,420 INFO teacher dev performance: 10.07
2022-12-12 21:42:19,421 INFO Applying Teacher with 7 LF(s) on 32 data
2022-12-12 21:42:19,421 INFO There are 7/7 active rules
2022-12-12 21:42:19,421 INFO Coverage: 100.0% (32/32)
2022-12-12 21:42:19,425 INFO Evaluating teacher test on 32 examples
2022-12-12 21:42:19,426 INFO teacher test performance: 0.29
2022-12-12 21:42:19,426 INFO 

	 *** Starting loop 0 ***
2022-12-12 21:42:19,426 INFO Adding Student as extra rule in Teacher
2022-12-12 21:42:19,426 INFO Getting rule predictions
2022-12-12 21:42:19,426 INFO Applying Teacher with 7 LF(s) on 247 data
2022-12-12 21:42:19,427 INFO Applying Teacher with 7 LF(s) on 18 data
2022-12-12 21:42:19,427 INFO Applying Teacher with 7 LF(s) on 444 data
2022-12-12 21:42:19,427 INFO Getting student predictions on train (and dev) dataset
2022-12-12 21:42:19,428 INFO Predicting labels for 247 texts
2022-12-12 21:42:19,542 INFO Predicting labels for 18 texts
2022-12-12 21:42:19,652 INFO Predicting labels for 444 texts
2022-12-12 21:42:19,765 INFO Training Rule Attention Network
2022-12-12 21:42:19,767 INFO X Train Shape (247, 7) (247, 8, 1) (247,)
2022-12-12 21:42:19,767 INFO X Dev Shape (18, 7) (18, 8, 1) (18,)
2022-12-12 21:42:19,773 INFO X Unsup Shape (444, 7) (444, 8, 1)
2022-12-12 21:42:19,848 INFO 

		*** Training RAN ***
2022-12-12 21:42:21,831 INFO Applying Teacher with 7 LF(s) on 444 data
2022-12-12 21:42:21,832 INFO Predicting labels for 444 texts
2022-12-12 21:42:21,949 INFO There are 3/7 active rules
2022-12-12 21:42:21,949 INFO Coverage: 100.0% (444/444)
2022-12-12 21:42:21,953 INFO RAN - Predicting labels for 444 texts
2022-12-12 21:42:22,033 INFO DONE, Getting attention scores...
2022-12-12 21:42:22,089 INFO Applying Teacher with 7 LF(s) on 18 data
2022-12-12 21:42:22,089 INFO Predicting labels for 18 texts
2022-12-12 21:42:22,198 INFO There are 7/7 active rules
2022-12-12 21:42:22,198 INFO Coverage: 100.0% (18/18)
2022-12-12 21:42:22,199 INFO RAN - Predicting labels for 18 texts
2022-12-12 21:42:22,224 INFO DONE, Getting attention scores...
2022-12-12 21:42:22,282 INFO Evaluating teacher dev iter0 on 18 examples
2022-12-12 21:42:22,283 INFO teacher dev iter0 performance: 19.90
2022-12-12 21:42:22,283 INFO Applying Teacher with 7 LF(s) on 32 data
2022-12-12 21:42:22,284 INFO Predicting labels for 32 texts
2022-12-12 21:42:22,396 INFO There are 7/7 active rules
2022-12-12 21:42:22,396 INFO Coverage: 100.0% (32/32)
2022-12-12 21:42:22,399 INFO RAN - Predicting labels for 32 texts
2022-12-12 21:42:22,425 INFO DONE, Getting attention scores...
2022-12-12 21:42:22,479 INFO Evaluating teacher test iter0 on 32 examples
2022-12-12 21:42:22,479 INFO teacher test iter0 performance: 5.09
2022-12-12 21:42:22,480 INFO Creating Pseudo Dataset with 444 items...
2022-12-12 21:42:22,482 INFO PSEUDO-DATASET:
444 examples
 with mean PSEUDO-LABELS:
0.0
2022-12-12 21:42:22,482 INFO Self-training led to trivial predictions. Stopping...
2022-12-12 21:42:22,482 INFO Final Results
2022-12-12 21:42:22,482 INFO TEACHER PERFORMANCES:
0:	10.07	0.29
1:	19.90	5.09
2022-12-12 21:42:22,482 INFO STUDENT PERFORMANCES:
0:	12.72	1.67
2022-12-12 21:42:22,483 INFO BEST DEV mse = 12.724 for epoch 0
2022-12-12 21:42:22,483 INFO FINAL TEST mse = 1.673 for epoch 0 (max=1.67 for epoch 0)
2022-12-12 21:42:22,483 INFO Saving student_last to ../experiments/econ_reg/Dec12_21-42_ECON_experiments/seed0/2022_12_12-21_42_stBERT/student_last
2022-12-12 21:42:22,483 INFO Saving model at ../experiments/econ_reg/Dec12_21-42_ECON_experiments/seed0/2022_12_12-21_42_stBERT/student_last/final_model.h5
2022-12-12 21:42:22,493 INFO Saving teacher at ../experiments/econ_reg/Dec12_21-42_ECON_experiments/seed0/2022_12_12-21_42_stBERT/teacher_last
2022-12-12 21:42:22,493 INFO Saving rule attention network at ../experiments/econ_reg/Dec12_21-42_ECON_experiments/seed0/2022_12_12-21_42_stBERT/teacher_last/rule_attention_network.h5
2022-12-12 21:42:22,501 INFO 	*** Final Results ***
2022-12-12 21:42:22,501 INFO 
student_train:	{'dev_loss': 12.724145889282227}
2022-12-12 21:42:22,501 INFO 
supervised_student_dev:	{'mse': 12.724145315072679, 'r2': 16.943265386491813, 'var_explained': 17.69760274046067, 'ignored': 0, 'total': 18, 'perf': 12.724145315072679}
2022-12-12 21:42:22,501 INFO 
supervised_student_test:	{'mse': 1.6734363736602704, 'r2': -303.04758755788885, 'var_explained': -6.639555480424364, 'ignored': 0, 'total': 32, 'perf': 1.6734363736602704}
2022-12-12 21:42:22,501 INFO 
teacher_train:	{'mse': 1.964282890845551, 'r2': 73.43854672719033, 'var_explained': 74.21887383947193, 'ignored': 0, 'total': 247, 'perf': 1.964282890845551}
2022-12-12 21:42:22,501 INFO 
teacher_dev:	{'mse': 10.06782251954834, 'r2': 34.28238656222455, 'var_explained': 35.437258352947275, 'ignored': 0, 'total': 18, 'perf': 10.06782251954834}
2022-12-12 21:42:22,501 INFO 
teacher_test:	{'mse': 0.29446293547838565, 'r2': 29.078525100906084, 'var_explained': 29.35653434829424, 'ignored': 0, 'total': 32, 'perf': 0.29446293547838565}
2022-12-12 21:42:22,501 INFO 
teacher_train_iter:	[{'mse': 1.964282890845551, 'r2': 73.43854672719033, 'var_explained': 74.21887383947193, 'ignored': 0, 'total': 247, 'perf': 1.964282890845551}]
2022-12-12 21:42:22,501 INFO 
teacher_dev_iter:	[{'mse': 10.06782251954834, 'r2': 34.28238656222455, 'var_explained': 35.437258352947275, 'ignored': 0, 'total': 18, 'perf': 10.06782251954834}, {'mse': 19.895006855944445, 'r2': -29.864463478792413, 'var_explained': 0.0, 'ignored': 0, 'total': 18, 'perf': 19.895006855944445}]
2022-12-12 21:42:22,502 INFO 
teacher_test_iter:	[{'mse': 0.29446293547838565, 'r2': 29.078525100906084, 'var_explained': 29.35653434829424, 'ignored': 0, 'total': 32, 'perf': 0.29446293547838565}, {'mse': 5.0873104026187494, 'r2': -1125.2800388513026, 'var_explained': 0.0, 'ignored': 0, 'total': 32, 'perf': 5.0873104026187494}]
2022-12-12 21:42:22,502 INFO 
student_train_iter:	[{'dev_loss': 12.724145889282227}]
2022-12-12 21:42:22,502 INFO 
student_dev_iter:	[{'mse': 12.724145315072679, 'r2': 16.943265386491813, 'var_explained': 17.69760274046067, 'ignored': 0, 'total': 18, 'perf': 12.724145315072679}]
2022-12-12 21:42:22,502 INFO 
student_test_iter:	[{'mse': 1.6734363736602704, 'r2': -303.04758755788885, 'var_explained': -6.639555480424364, 'ignored': 0, 'total': 32, 'perf': 1.6734363736602704}]
2022-12-12 21:42:22,502 INFO 
student_dev:	{'mse': 12.724145315072679, 'r2': 16.943265386491813, 'var_explained': 17.69760274046067, 'ignored': 0, 'total': 18, 'perf': 12.724145315072679}
2022-12-12 21:42:22,502 INFO 
student_test:	{'mse': 1.6734363736602704, 'r2': -303.04758755788885, 'var_explained': -6.639555480424364, 'ignored': 0, 'total': 32, 'perf': 1.6734363736602704}
2022-12-12 21:42:22,502 INFO Saving results at ../experiments/econ_reg/Dec12_21-42_ECON_experiments/seed0/2022_12_12-21_42_stBERT/results.pkl
2022-12-12 21:42:22,504 INFO Dataset: econ_reg
2022-12-12 21:42:22,504 INFO Weak Sources: ['econ_regrules']
2022-12-12 21:42:22,504 INFO Model: bert

2022-12-12 21:42:22,504 INFO Teacher Train mse: 2.0
2022-12-12 21:42:22,505 INFO Teacher Dev mse: 10.1
2022-12-12 21:42:22,505 INFO Teacher Test mse: 0.3

2022-12-12 21:42:22,505 INFO Student Dev mse: 12.7
2022-12-12 21:42:22,505 INFO Student Test mse: 1.7
2022-12-12 21:42:22,507 INFO Saved report at ../experiments/econ_reg/Dec12_21-42_ECON_experiments/seed0/2022_12_12-21_42_stBERT/results.txt
