2022-12-13 15:44:13,035 INFO 

		 *** NEW EXPERIMENT ***
args=Namespace(adam_epsilon=1e-08, convert_abstain_to_random=False, datapath='../data', dataset='econ_reg', debug=False, device=device(type='cuda'), downsample=1.0, eval_batch_size=16, experiment_folder='../experiments/econ_reg', finetuning_rate=0.0001, fp16=False, hard_student_rule=False, learning_rate=0.0001, logdir='../experiments/econ_reg/Dec13_15-44_ECON_experiments/seed0/2022_12_13-15_44_stBERT', logging_steps=500, loss_weights=False, lower_case=False, max_grad_norm=1.0, max_rule_seq_length=10, max_seq_length=64, max_size=1000, metric='mse', n_gpu=1, no_cuda=False, num_epochs=15, num_iter=25, num_labels=1, num_supervised_trials=5, num_unsup_epochs=25, oversample=1, overwrite=False, sample_size=16384, seed=0, soft_labels=False, student_name='bert', teacher_name='ran', tokenizer_method='clean', train_batch_size=16, unsup_batch_size=128, warmup_steps=0, weak_sources=None, weight_decay=0.0)
2022-12-13 15:44:13,036 INFO building student: bert
2022-12-13 15:44:13,036 INFO building teacher
2022-12-13 15:44:13,036 INFO No weak sources specified for Teacher. Using default: ['econ_regrules']
2022-12-13 15:44:13,037 INFO loading data
2022-12-13 15:44:13,044 INFO Pre-processing train data for student...
2022-12-13 15:44:13,045 INFO train DATASET: 247 examples
2022-12-13 15:44:13,045 INFO train LABELS:
3.338052914979758
2022-12-13 15:44:13,049 INFO Pre-processing dev data for student...
2022-12-13 15:44:13,049 INFO dev DATASET: 18 examples
2022-12-13 15:44:13,049 INFO dev LABELS:
2.138967777777778
2022-12-13 15:44:13,049 INFO [4.57732, 5.39412, 3.88678, 0.93698, -1.04081, -0.58869, -1.53302, 3.76668, 7.29736, 10.30496, 13.36852, 10.56301, 9.14988, 7.2547, 5.47138, 5.17, 3.60142, 2.24206, 5.36784, 6.19179, 6.78258, 5.42076, 0.52335, -1.7829, -2.43001, -0.76976, 2.72709, 6.16873, 7.77884, 8.0145, 6.57755, 3.21555, 2.40215, 0.9469, 1.99603, 3.04933, 1.98087, 3.07291, 0.35513, -2.87143, -2.01841, -0.7248, 2.65814, 7.41665, 9.1219, 6.73, 4.58866, 4.92542, 2.05821, 2.48539, 0.88268, -0.66913, 1.56445, 3.00992, 6.39553, 7.56728, 6.72769, 6.00401, 4.3071, 3.59787, 3.82216, 4.81693, 5.15824, 6.21582, 6.18075, 5.51983, 5.15634, 5.47714, 5.65928, 6.3469, 8.46216, 8.4775, 7.49014, 6.04287, 4.50502, 2.92504, 2.63752, 2.73849, 2.67084, 3.84521, 5.51558, 5.33667, 4.95957, 4.4716, 3.06714, 2.9501, 2.04665, 0.32493, 0.16284, 0.42258, -0.1667, 2.69724, 3.10661, 3.00589, 4.3672, 3.47607, 5.25519, 5.38194, 6.89448, 7.56189, 6.31966, 4.77109, 4.02376, 0.63877, -0.20842, -0.629, -1.94545, -2.29905, -1.83426, 0.79868, 2.55402, 6.15239, 6.17259, 4.95864, 4.31481, 3.22596, 4.46632, 5.7709, 5.01203, 4.11706, 6.07815, 5.24577, 6.6581, 6.50991, 2.65686, 2.38992, 1.28456, 1.42078, -0.77506, -1.6238, -0.03913, 1.59998, 2.9687, 4.32577, 1.2999, -2.19035, -1.01057, -2.55592, -1.44316, 1.43146, 3.26853, 5.73717, 7.89997, 8.57828, 7.9967, 6.90084, 5.5758, 4.55509, 3.68422, 4.26244, 4.18227, 4.14559, 3.70158, 3.11924, 2.90803, 2.71584, 3.35848, 3.26693, 4.47902, 4.24219, 4.4846, 4.19287, 3.79897, 4.31524, 3.74829, 3.90811, 2.7438, 2.8213, 2.41277, 1.72722, 0.60286, -0.95024, -0.53889, -0.10272, 1.1665, 2.85887, 3.16976, 3.66532, 4.38259, 3.31998, 2.80667, 2.28652, 2.60762, 3.43052, 4.2254, 4.33678, 4.11593, 3.48113, 2.40217, 2.67311, 2.19958, 2.6011, 4.00213, 4.04992, 4.42131, 4.31413, 4.30807, 4.6738, 4.48768, 4.85501, 4.09573, 4.09777, 4.87954, 4.82186, 4.72753, 4.80021, 4.82763, 4.22596, 5.24468, 3.97408, 2.90162, 2.19554, 0.99193, 0.48735, 0.17064, 1.32881, 1.32288, 2.14067, 1.99129, 1.67619, 1.95699, 3.23991, 4.29508, 4.35338, 4.23481, 3.49083, 3.35577, 3.90862, 3.60741, 3.44767, 2.98267, 3.22486, 2.97727, 2.32829, 2.6089, 1.54072, 1.93864, 2.39856, 2.16088, 1.4468, 1.38013, 0.2422, -2.54034, -3.28239, -3.9955, -3.13768, 0.08166]
2022-12-13 15:44:13,052 INFO Pre-processing test data for student...
2022-12-13 15:44:13,052 INFO test DATASET: 32 examples
2022-12-13 15:44:13,052 INFO test LABELS:
2.1615075
2022-12-13 15:44:13,056 INFO Pre-processing unlabeled data for student...
2022-12-13 15:44:13,056 INFO unlabeled DATASET: 444 examples
2022-12-13 15:44:13,056 INFO unlabeled LABELS:
-999.0
2022-12-13 15:44:13,056 INFO creating pseudo-dataset
2022-12-13 15:44:13,056 INFO copying data from unlabeled dataset
2022-12-13 15:44:13,066 INFO done
2022-12-13 15:44:13,075 INFO PSEUDO-DATASET:
444 examples
 with mean PSEUDO-LABELS:
-999.0
2022-12-13 15:44:13,075 INFO copying data from train dataset
2022-12-13 15:44:13,081 INFO done
2022-12-13 15:44:13,083 INFO PSEUDO-DATASET:
247 examples
 with mean PSEUDO-LABELS:
3.3380529149797575
2022-12-13 15:44:13,083 INFO Class labels: 1
2022-12-13 15:44:13,084 INFO X Train Shape (247, 7) (247,)
2022-12-13 15:44:13,084 INFO X Dev Shape (18, 7) (18,)
2022-12-13 15:44:21,572 INFO Saving supervised_student to ../experiments/econ_reg/Dec13_15-44_ECON_experiments/seed0/2022_12_13-15_44_stBERT/supervised_student
2022-12-13 15:44:21,572 INFO Saving model at ../experiments/econ_reg/Dec13_15-44_ECON_experiments/seed0/2022_12_13-15_44_stBERT/supervised_student/final_model.h5
2022-12-13 15:44:21,583 INFO 

	*** Evaluating on dev data ***
2022-12-13 15:44:21,583 INFO Predicting labels for 18 texts
2022-12-13 15:44:21,696 INFO Evaluating student dev on 18 examples
2022-12-13 15:44:21,698 INFO student dev performance: 12.72
2022-12-13 15:44:21,698 INFO {'mse': 12.724145315072679, 'r2': 16.943265386491813, 'var_explained': 17.69760274046067, 'ignored': 0, 'total': 18, 'perf': 12.724145315072679}
2022-12-13 15:44:21,698 INFO 

	*** Evaluating on test data ***
2022-12-13 15:44:21,698 INFO Predicting labels for 32 texts
2022-12-13 15:44:22,834 INFO Evaluating student test on 32 examples
2022-12-13 15:44:22,835 INFO student test performance: 1.67
2022-12-13 15:44:22,835 INFO initializing teacher on unlabeled data with majority voting
2022-12-13 15:44:22,835 INFO Applying Teacher with 7 LF(s) on 444 data
2022-12-13 15:44:22,836 INFO There are 3/7 active rules
2022-12-13 15:44:22,836 INFO Coverage: 100.0% (444/444)
2022-12-13 15:44:22,840 INFO evaluating majority voting
2022-12-13 15:44:22,840 INFO Applying Teacher with 7 LF(s) on 247 data
2022-12-13 15:44:22,840 INFO There are 7/7 active rules
2022-12-13 15:44:22,840 INFO Coverage: 100.0% (247/247)
2022-12-13 15:44:22,843 INFO Evaluating teacher train on 247 examples
2022-12-13 15:44:22,844 INFO teacher train performance: 1.96
2022-12-13 15:44:22,844 INFO Applying Teacher with 7 LF(s) on 18 data
2022-12-13 15:44:22,844 INFO There are 7/7 active rules
2022-12-13 15:44:22,844 INFO Coverage: 100.0% (18/18)
2022-12-13 15:44:22,844 INFO Evaluating teacher dev on 18 examples
2022-12-13 15:44:22,845 INFO teacher dev performance: 10.07
2022-12-13 15:44:22,845 INFO Applying Teacher with 7 LF(s) on 32 data
2022-12-13 15:44:22,846 INFO There are 7/7 active rules
2022-12-13 15:44:22,846 INFO Coverage: 100.0% (32/32)
2022-12-13 15:44:22,846 INFO Evaluating teacher test on 32 examples
2022-12-13 15:44:22,847 INFO teacher test performance: 0.29
2022-12-13 15:44:22,847 INFO 

	 *** Starting loop 0 ***
2022-12-13 15:44:22,847 INFO Adding Student as extra rule in Teacher
2022-12-13 15:44:22,847 INFO Getting rule predictions
2022-12-13 15:44:22,847 INFO Applying Teacher with 7 LF(s) on 247 data
2022-12-13 15:44:22,847 INFO Applying Teacher with 7 LF(s) on 18 data
2022-12-13 15:44:22,848 INFO Applying Teacher with 7 LF(s) on 444 data
2022-12-13 15:44:22,848 INFO Getting student predictions on train (and dev) dataset
2022-12-13 15:44:22,848 INFO Predicting labels for 247 texts
2022-12-13 15:44:22,983 INFO Predicting labels for 18 texts
2022-12-13 15:44:23,095 INFO Predicting labels for 444 texts
2022-12-13 15:44:23,205 INFO Training Rule Attention Network
2022-12-13 15:44:23,206 INFO X Train Shape (247, 7) (247, 8) (247,)
2022-12-13 15:44:23,206 INFO X Dev Shape (18, 7) (18, 8) (18,)
2022-12-13 15:44:23,209 INFO X Unsup Shape (444, 7) (444, 8)
2022-12-13 15:44:23,275 INFO 

		*** Training RAN ***
2022-12-13 15:44:24,369 INFO Applying Teacher with 7 LF(s) on 444 data
2022-12-13 15:44:24,370 INFO Predicting labels for 444 texts
2022-12-13 15:44:24,480 INFO There are 3/7 active rules
2022-12-13 15:44:24,481 INFO Coverage: 100.0% (444/444)
2022-12-13 15:44:24,483 INFO RAN - Predicting labels for 444 texts
2022-12-13 15:44:24,551 INFO DONE, Getting attention scores...
2022-12-13 15:44:24,606 INFO the attention scores are
2022-12-13 15:44:24,606 INFO [[-0.15105543  0.09696904  0.42282683 ...  0.42282683  0.42282683
   0.42282683]
 [-0.14464056  0.10688075  0.40492797 ...  0.40492797  0.40492797
   0.40492797]
 [-0.03217548  0.07856672  0.23360237 ...  0.23360237  0.23360237
   0.23360237]
 ...
 [-0.05711032  0.562546    0.3130581  ...  0.64809865  0.64809865
   0.64809865]
 [-0.06079368  0.58051306  0.20519562 ...  0.5837159   0.5837159
   0.5837159 ]
 [-0.05437569  0.5678094   0.11297327 ...  0.5148397   0.5148397
   0.5148397 ]]
2022-12-13 15:44:24,609 INFO [[ 3.79385829e-01 -2.94869000e+00 -9.99000000e+02 ... -9.99000000e+02
  -9.99000000e+02 -9.99000000e+02]
 [ 3.61278385e-01 -2.75736000e+00 -9.99000000e+02 ... -9.99000000e+02
  -9.99000000e+02 -9.99000000e+02]
 [ 2.92831451e-01 -7.87400000e-02 -9.99000000e+02 ... -9.99000000e+02
  -9.99000000e+02 -9.99000000e+02]
 ...
 [ 7.12436974e-01 -3.71401000e+00 -2.13952000e+00 ... -9.99000000e+02
  -9.99000000e+02  3.93627539e+00]
 [ 7.57463813e-01 -2.56603000e+00 -2.90272000e+00 ... -9.99000000e+02
  -9.99000000e+02  3.86859912e+00]
 [ 7.75300860e-01 -1.60938000e+00 -3.23101000e+00 ... -9.99000000e+02
  -9.99000000e+02  3.83700435e+00]]
2022-12-13 15:44:24,611 INFO [[8. 1. 0. ... 0. 0. 0.]
 [8. 1. 0. ... 0. 0. 0.]
 [8. 1. 0. ... 0. 0. 0.]
 ...
 [8. 1. 2. ... 0. 0. 0.]
 [8. 1. 2. ... 0. 0. 0.]
 [8. 1. 2. ... 0. 0. 0.]]
2022-12-13 15:44:24,611 INFO [[3.3     0.      1.22    ... 0.      0.      0.     ]
 [3.2     0.      1.07    ... 0.      0.      0.     ]
 [1.8     0.      0.83    ... 0.      0.      0.     ]
 ...
 [3.7     1.47984 0.15    ... 0.      0.      0.     ]
 [3.1     1.71424 0.12    ... 0.      0.      0.     ]
 [2.6     1.82367 0.12    ... 0.      0.      0.     ]]
2022-12-13 15:44:24,614 INFO tf.Tensor(
[[-2.53476733e+03]
 [-2.42748535e+03]
 [-1.40022827e+03]
 [-1.84526081e+01]
 [ 4.41767456e+02]
 [ 6.30154724e+02]
 [ 7.55574463e+02]
 [ 8.56087708e+02]
 [ 1.09721619e+03]
 [ 1.25622229e+03]
 [ 1.29041357e+03]
 [ 1.26654968e+03]
 [ 1.27740027e+03]
 [ 1.05572498e+03]
 [ 9.95129517e+02]
 [ 9.22253113e+02]
 [ 1.03474438e+03]
 [ 1.21254370e+03]
 [ 1.01874994e+03]
 [ 1.10452136e+03]
 [ 1.13906616e+03]
 [ 1.36577759e+03]
 [ 1.24133154e+03]
 [ 1.13906616e+03]
 [ 1.27724451e+03]
 [ 1.06828467e+03]
 [ 7.16457458e+02]
 [ 4.70365295e+02]
 [-1.55809863e+03]
 [-1.94480347e+03]
 [-2.16856104e+03]
 [-1.96631396e+03]
 [-1.88983447e+03]
 [-1.47999146e+03]
 [-4.91261353e+02]
 [-5.18334290e+02]
 [ 8.40603638e+01]
 [ 3.25771423e+02]
 [ 6.46131348e+02]
 [ 7.25846680e+02]
 [ 7.26066650e+02]
 [ 5.75225403e+02]
 [ 3.15792297e+02]
 [ 4.37349243e+02]
 [ 4.43357117e+02]
 [ 2.25730209e+02]
 [ 2.45740677e+02]
 [-1.50914860e+01]
 [-2.27048378e+01]
 [ 9.52772522e+01]
 [-9.07257614e+01]
 [-3.48079834e+02]
 [-6.73269409e+02]
 [-5.11214203e+02]
 [-8.07774658e+02]
 [-5.83896912e+02]
 [-4.99585693e+02]
 [-6.28368469e+02]
 [ 3.63317223e+01]
 [ 1.10896385e+02]
 [ 3.83209259e+02]
 [ 4.25943207e+02]
 [ 3.94646118e+02]
 [ 4.29583740e+02]
 [ 3.30723022e+02]
 [ 3.77220398e+02]
 [ 2.58743225e+02]
 [ 2.34106827e+02]
 [-8.49907112e+00]
 [ 9.08783493e+01]
 [ 9.58977051e+01]
 [ 9.43382950e+01]
 [ 3.06583374e+02]
 [ 2.66082977e+02]
 [ 1.73846039e+02]
 [ 1.50599823e+02]
 [ 2.47534927e+02]
 [ 2.45978638e+02]
 [ 3.74891357e+02]
 [ 2.85020569e+02]
 [ 3.31272308e+02]
 [ 3.21159821e+02]
 [ 4.04963715e+02]
 [ 4.23648773e+02]
 [ 4.16513184e+02]
 [ 5.16800293e+02]
 [ 4.31503204e+02]
 [ 4.91407349e+02]
 [ 5.08522156e+02]
 [ 4.78628784e+02]
 [ 5.31433167e+02]
 [ 5.96007263e+02]
 [ 7.48370544e+02]
 [ 6.44668579e+02]
 [ 5.52488892e+02]
 [ 5.84517334e+02]
 [ 5.15982727e+02]
 [ 4.88458527e+02]
 [ 4.86921448e+02]
 [ 2.97008209e+02]
 [ 1.30989746e+02]
 [-8.96487427e+00]
 [-1.28660955e+01]
 [-9.12462006e+01]
 [-9.68279495e+01]
 [-1.32417099e+02]
 [-1.95546371e+02]
 [-4.67469482e+01]
 [-9.95906219e+01]
 [ 6.31460190e-01]
 [ 2.71449097e+02]
 [ 1.81310196e+02]
 [ 2.18890610e+02]
 [ 1.74957413e+02]
 [ 1.83068527e+02]
 [ 1.80600037e+02]
 [ 2.32899323e+02]
 [ 1.78473389e+02]
 [ 4.43780487e+02]
 [ 5.54429749e+02]
 [ 4.82649963e+02]
 [ 3.45931641e+02]
 [ 4.49502106e+02]
 [ 4.11115875e+02]
 [ 1.35855255e+02]
 [-2.63001862e+02]
 [-4.41033600e+02]
 [-6.01103271e+02]
 [-8.58374451e+02]
 [-9.73695740e+02]
 [-1.55991956e+03]
 [-1.81682751e+03]
 [-1.45590576e+03]
 [-1.25960242e+03]
 [-7.94103882e+02]
 [-6.63981628e+02]
 [-4.25366821e+02]
 [-1.19756523e+02]
 [ 6.98479309e+01]
 [ 5.26181183e+01]
 [-4.01838875e+01]
 [ 1.00868807e+01]
 [ 1.15100426e+02]
 [ 1.99500229e+02]
 [ 3.34397705e+02]
 [ 3.47271606e+02]
 [ 4.90576080e+02]
 [ 5.36377441e+02]
 [ 8.12309326e+02]
 [ 8.90439209e+02]
 [ 1.03020825e+03]
 [ 1.16685071e+03]
 [ 1.73112854e+03]
 [ 1.54550891e+03]
 [ 1.17701416e+03]
 [ 1.10027087e+03]
 [ 5.08665253e+02]
 [ 5.01097748e+02]
 [ 6.66213257e+02]
 [ 4.53487030e+02]
 [-7.79125443e+01]
 [-5.25327820e+02]
 [-1.31308179e+03]
 [-1.75382483e+03]
 [-2.71076367e+03]
 [-3.08650171e+03]
 [-3.17934204e+03]
 [-2.73558105e+03]
 [-1.98103882e+03]
 [-1.64313391e+03]
 [-1.30403210e+03]
 [-8.88299377e+02]
 [-1.91436264e+02]
 [ 1.20081505e+02]
 [ 4.91894135e+02]
 [ 3.90263336e+02]
 [-5.29665146e+01]
 [ 5.81761932e+01]
 [-8.56351395e+01]
 [-1.57053421e+02]
 [-3.30879791e+02]
 [-2.69492706e+02]
 [-6.65240173e+01]
 [-1.12102943e+02]
 [ 2.55703278e+02]
 [ 2.94283325e+02]
 [ 4.18447327e+02]
 [ 5.60731262e+02]
 [ 5.41102173e+02]
 [ 4.72023499e+02]
 [ 4.60741058e+02]
 [ 5.87204041e+02]
 [ 5.18401917e+02]
 [ 3.78303528e+02]
 [ 5.11476685e+02]
 [ 3.26441895e+02]
 [ 2.14247559e+02]
 [ 2.34994034e+02]
 [ 1.98544647e+02]
 [ 1.05368942e+02]
 [-5.99157410e+01]
 [ 1.67348648e+02]
 [ 3.40648987e+02]
 [ 3.19773224e+02]
 [ 4.15140991e+01]
 [ 5.82998596e+02]
 [-1.46491528e+03]
 [-1.78300879e+03]
 [-1.35956616e+03]
 [-1.17335999e+03]
 [-1.18478424e+02]
 [ 8.13665161e+02]
 [ 4.46474945e+02]
 [ 3.73609009e+02]
 [ 1.87899438e+03]
 [ 2.11059814e+03]
 [ 1.36678882e+03]
 [ 6.22651184e+02]
 [ 1.06369553e+02]
 [-1.60599091e+02]
 [ 4.10531372e+02]
 [ 4.66265076e+02]
 [ 2.94909912e+02]
 [ 1.90956177e+02]
 [-5.17374084e+02]
 [-2.44810287e+02]
 [-3.16003082e+02]
 [-6.78440399e+01]
 [ 6.81097183e+01]
 [ 1.83613266e+02]
 [ 6.71288696e+02]
 [ 9.84277588e+02]
 [ 1.37194080e+03]
 [ 1.36099805e+03]
 [ 1.51015637e+03]
 [ 1.52492896e+03]
 [ 1.55068530e+03]
 [ 1.55142773e+03]
 [ 1.66550537e+03]
 [ 1.85986755e+03]
 [ 1.75157190e+03]
 [ 1.66627295e+03]
 [ 1.23091101e+03]
 [ 9.24172119e+02]
 [ 8.56137024e+02]
 [ 8.78662292e+02]
 [ 6.35099609e+02]
 [ 3.88666290e+02]
 [ 7.74326660e+02]
 [ 7.56667480e+02]
 [ 6.77548096e+02]
 [ 7.97246460e+02]
 [ 6.07107910e+02]
 [ 5.39656860e+02]
 [ 4.15380859e+02]
 [ 5.18461548e+02]
 [ 3.22989685e+02]
 [ 1.81726105e+02]
 [ 3.04646729e+02]
 [ 6.31491150e+02]
 [ 5.49562622e+02]
 [ 5.41619995e+02]
 [ 7.09148010e+02]
 [ 7.27487549e+02]
 [ 7.04581116e+02]
 [ 8.52951599e+02]
 [ 7.13329407e+02]
 [ 6.77781860e+02]
 [ 6.03505188e+02]
 [ 5.88548767e+02]
 [ 6.74572144e+02]
 [ 7.51267883e+02]
 [ 7.37484436e+02]
 [ 7.82093750e+02]
 [ 8.26632263e+02]
 [ 8.71486694e+02]
 [ 1.03282715e+03]
 [ 1.20533667e+03]
 [ 1.12951208e+03]
 [ 9.69504700e+02]
 [ 9.72212402e+02]
 [ 9.34878418e+02]
 [ 6.87016663e+02]
 [ 6.45511292e+02]
 [ 5.61408081e+02]
 [ 4.77540588e+02]
 [ 4.61439941e+02]
 [ 5.80921631e+02]
 [ 1.44989075e+02]
 [ 1.08127617e+02]
 [ 2.13920841e+01]
 [-1.26848412e+02]
 [-6.69634338e+02]
 [-7.07328674e+02]
 [-7.26000916e+02]
 [-7.23980774e+02]
 [-4.80421936e+02]
 [-4.50025543e+02]
 [-5.10398682e+02]
 [-6.56673157e+02]
 [-4.82553406e+02]
 [-4.38136658e+02]
 [-5.21174866e+02]
 [-6.00587402e+02]
 [-5.36285095e+02]
 [-5.13861572e+02]
 [-4.14440247e+02]
 [-2.76878235e+02]
 [-6.75177002e+01]
 [ 2.35640068e+01]
 [ 5.55888329e+01]
 [ 1.64364685e+02]
 [ 1.67073013e+02]
 [ 2.07105682e+02]
 [ 1.73673279e+02]
 [ 1.97270554e+02]
 [ 1.06218277e+02]
 [ 1.06900879e+02]
 [ 3.68655914e+02]
 [ 3.59917480e+02]
 [ 3.79542053e+02]
 [ 4.00698669e+02]
 [ 6.07841003e+02]
 [ 6.63652954e+02]
 [ 7.51435120e+02]
 [ 7.42725952e+02]
 [ 5.94670593e+02]
 [ 6.07846802e+02]
 [ 4.93176483e+02]
 [ 5.09283966e+02]
 [ 3.84738800e+02]
 [ 2.94321930e+02]
 [ 2.36610001e+02]
 [ 2.77658051e+02]
 [ 3.36439972e+02]
 [ 4.52708069e+02]
 [ 5.32624390e+02]
 [ 4.88906158e+02]
 [ 4.52370941e+02]
 [ 4.34053314e+02]
 [ 4.69968506e+02]
 [ 5.31167969e+02]
 [ 6.17415710e+02]
 [ 5.71824341e+02]
 [ 5.84884338e+02]
 [ 5.94101379e+02]
 [ 6.97467529e+02]
 [ 6.57169922e+02]
 [ 6.41845642e+02]
 [ 6.18620850e+02]
 [ 6.29046631e+02]
 [ 6.35232361e+02]
 [ 5.59813171e+02]
 [ 5.70568420e+02]
 [ 3.89860382e+02]
 [ 3.56010895e+02]
 [ 4.15081787e+02]
 [ 5.09367065e+02]
 [ 4.25152802e+02]
 [ 4.50034698e+02]
 [ 5.44607178e+02]
 [ 5.70566528e+02]
 [ 5.93351257e+02]
 [ 6.14940063e+02]
 [ 6.42467407e+02]
 [ 6.03128113e+02]
 [ 6.99283386e+02]
 [ 7.51202698e+02]
 [ 6.90359436e+02]
 [ 7.51611145e+02]
 [ 7.11842346e+02]
 [ 6.72103577e+02]
 [ 3.29795776e+02]
 [ 2.48113907e+02]
 [ 1.70472336e+01]
 [-1.21132774e+02]
 [-2.83204803e+02]
 [-5.55735535e+02]
 [-1.05603381e+03]
 [-1.18970215e+03]
 [-1.02014465e+03]
 [-9.54172119e+02]
 [-1.01624835e+03]
 [-8.68158630e+02]
 [-6.57832092e+02]
 [-5.80357605e+02]
 [-4.65933533e+02]
 [-4.25308533e+02]
 [-3.46380737e+02]
 [-3.39780823e+02]
 [-3.48001190e+02]
 [-4.25976929e+02]
 [-3.79848633e+02]
 [-3.70047821e+02]
 [-1.54762283e+02]
 [-9.55308304e+01]
 [-1.01802032e+02]
 [-2.08032104e+02]
 [-1.27552963e+02]
 [-9.63385849e+01]
 [ 2.28157501e+01]
 [ 2.75947380e+01]
 [-2.61532688e+01]
 [-4.37646446e+01]
 [-4.88430099e+01]
 [ 1.01687790e+02]
 [ 1.05569191e+02]
 [ 1.59356461e+02]
 [ 2.04834473e+02]
 [ 2.45271118e+02]
 [ 2.93178314e+02]
 [ 3.59493561e+02]
 [ 4.53275818e+02]
 [ 4.54357025e+02]
 [ 4.73110382e+02]
 [ 4.17169098e+02]
 [ 3.77858917e+02]
 [ 4.49208984e+02]
 [ 5.08975861e+02]
 [ 5.07423492e+02]
 [ 4.39220764e+02]
 [ 4.85850311e+02]
 [ 5.04541229e+02]
 [ 4.62230194e+02]
 [ 4.59294586e+02]
 [ 3.26392609e+02]
 [ 1.53580124e+02]
 [-5.26722488e+01]
 [-1.94310654e+02]
 [-4.40394806e+02]
 [-7.02161133e+02]
 [-7.15858704e+02]
 [-9.75307129e+02]
 [-9.42645508e+02]
 [-1.42263354e+03]
 [-1.54669714e+03]
 [-2.06556787e+03]
 [-2.15149292e+03]
 [-2.33696924e+03]
 [-2.24459888e+03]
 [-1.99433801e+03]
 [-2.10750513e+03]
 [-1.92075647e+03]
 [-1.71170959e+03]], shape=(444, 1), dtype=float32)
2022-12-13 15:44:24,627 INFO Applying Teacher with 7 LF(s) on 247 data
2022-12-13 15:44:24,628 INFO Predicting labels for 247 texts
2022-12-13 15:44:25,783 INFO There are 7/7 active rules
2022-12-13 15:44:25,783 INFO Coverage: 100.0% (247/247)
2022-12-13 15:44:25,784 INFO RAN - Predicting labels for 247 texts
2022-12-13 15:44:25,809 INFO DONE, Getting attention scores...
2022-12-13 15:44:25,866 INFO the attention scores are
2022-12-13 15:44:25,866 INFO [[-0.28199866  0.11001088  0.06107315 ...  0.06107315  0.06107315
   0.06107315]
 [-0.2386697  -0.01177157  0.38324755 ...  0.10339162  0.10339162
   0.10339162]
 [-0.09524047 -0.20557654  0.38339144 ... -0.00757486 -0.00757486
  -0.00757486]
 ...
 [-0.44289002  0.79843277  0.18710454 ... -0.13236123  0.33230466
   0.1883736 ]
 [-0.38138267  1.0711622  -0.09232818 ...  0.24571502  0.5380845
   0.5304033 ]
 [-0.09923143  0.9157656  -0.40600902 ...  0.48749256  0.8484076
   0.5120282 ]]
2022-12-13 15:44:25,867 INFO [[ 5.91805816e-01 -9.99000000e+02 -9.99000000e+02 ... -9.99000000e+02
  -9.99000000e+02 -9.99000000e+02]
 [ 1.17945457e+00 -9.99000000e+02 -9.99000000e+02 ... -9.99000000e+02
  -9.99000000e+02 -9.99000000e+02]
 [ 1.65338385e+00 -9.99000000e+02 -9.99000000e+02 ...  5.59520826e+00
  -9.99000000e+02 -9.99000000e+02]
 ...
 [ 1.06742787e+00 -4.28800000e+00 -3.49699000e+00 ... -2.35151438e+00
  -2.33360379e+00  3.80563189e+00]
 [ 6.69940650e-01 -3.71401000e+00 -2.26130000e+00 ... -2.46230144e+00
  -2.47809853e+00  3.92263042e+00]
 [ 1.15008402e+00 -3.33135000e+00 -2.89819000e+00 ... -1.09507485e+00
  -1.06009013e+00  3.86903509e+00]]
2022-12-13 15:44:25,868 INFO [[8. 3. 0. ... 0. 0. 0.]
 [8. 3. 4. ... 0. 0. 0.]
 [8. 3. 4. ... 0. 0. 0.]
 ...
 [8. 1. 2. ... 5. 6. 7.]
 [8. 1. 2. ... 5. 6. 7.]
 [8. 1. 2. ... 5. 6. 7.]]
2022-12-13 15:44:25,869 INFO [[ 0.       0.       0.      ...  0.       0.       0.     ]
 [ 0.       0.       0.      ...  2.60473  0.       0.     ]
 [ 0.       0.       0.      ...  4.57732  2.60473  0.     ]
 ...
 [ 4.       1.93233  0.15    ... -2.54034  0.2422   1.38013]
 [ 3.7      1.5271   0.16    ... -3.28239 -2.54034  0.2422 ]
 [ 3.5      1.71273  0.12    ... -3.9955  -3.28239 -2.54034]]
2022-12-13 15:44:25,872 INFO tf.Tensor(
[[-4.1496301e+02]
 [-6.8024695e+02]
 [-1.5973813e+02]
 [ 3.5285473e+01]
 [-3.9300360e+02]
 [-9.3970544e+02]
 [-8.7406445e+02]
 [-5.1932495e+02]
 [-3.4139673e+02]
 [-2.1463815e+02]
 [ 6.8986304e+02]
 [ 1.3292665e+03]
 [ 1.0864026e+03]
 [ 2.0233273e+02]
 [ 5.5734253e+01]
 [-9.2014191e+01]
 [-1.8386560e+02]
 [-3.4791580e+01]
 [-1.8894411e+02]
 [-1.3343776e+02]
 [ 5.5719006e+02]
 [ 4.3503415e+02]
 [ 1.7143913e+02]
 [-3.9018188e+02]
 [-1.1728638e+03]
 [-6.8570734e+02]
 [-3.6666409e+02]
 [-4.0005255e+02]
 [-3.3511060e+02]
 [ 6.5647321e+02]
 [ 7.8763757e+02]
 [ 4.6581406e+02]
 [ 3.4316132e+02]
 [-2.1447591e+02]
 [ 2.4161261e+02]
 [ 1.4213429e+02]
 [ 2.6588647e+02]
 [ 2.4601196e+02]
 [ 6.8921066e+01]
 [ 1.1042711e+00]
 [-4.3256378e+00]
 [-1.3387195e+00]
 [ 2.6617050e+00]
 [ 7.8134398e+00]
 [ 9.9818459e+00]
 [ 1.1857182e+01]
 [ 5.7189016e+00]
 [ 2.8268268e+00]
 [ 5.4278946e+00]
 [ 2.3420966e+00]
 [ 2.7794781e+00]
 [ 2.0824442e+00]
 [ 2.9685852e-01]
 [ 2.6344173e+00]
 [ 3.5521204e+00]
 [ 8.8150711e+00]
 [ 8.1317301e+00]
 [ 5.6777711e+00]
 [ 4.7313671e+00]
 [ 3.8086495e+00]
 [ 3.5118563e+00]
 [ 3.9696226e+00]
 [ 4.7959213e+00]
 [ 4.6261244e+00]
 [ 6.1205111e+00]
 [ 5.5161295e+00]
 [ 4.9990573e+00]
 [ 4.6826630e+00]
 [ 5.3784151e+00]
 [ 5.5512819e+00]
 [ 6.0518374e+00]
 [ 9.4168215e+00]
 [ 7.9084182e+00]
 [ 6.7385082e+00]
 [ 5.1778431e+00]
 [ 4.0754762e+00]
 [ 2.9475973e+00]
 [ 2.8602452e+00]
 [ 2.8735375e+00]
 [ 2.8042150e+00]
 [ 4.1413102e+00]
 [ 5.6968412e+00]
 [ 4.8569112e+00]
 [ 4.3322854e+00]
 [ 3.8450480e+00]
 [ 3.0412765e+00]
 [ 3.0086246e+00]
 [ 2.4308145e+00]
 [ 1.2397296e+00]
 [ 1.3670465e+00]
 [ 1.5639913e+00]
 [ 6.3767266e-01]
 [ 3.6466160e+00]
 [ 3.6504450e+00]
 [ 3.3133130e+00]
 [ 3.9871144e+00]
 [ 3.1364031e+00]
 [ 4.9187336e+00]
 [ 4.8645835e+00]
 [ 6.4739389e+00]
 [ 7.0271893e+00]
 [ 5.4273367e+00]
 [ 4.4375548e+00]
 [ 3.5482016e+00]
 [ 2.0404935e+00]
 [ 1.6174726e+00]
 [ 1.8338479e+00]
 [ 1.8043706e+00]
 [ 4.0956945e+00]
 [ 3.4159751e+00]
 [ 7.6548786e+00]
 [ 8.3490887e+00]
 [ 7.3501773e+00]
 [ 7.2232141e+00]
 [ 6.3638296e+00]
 [ 4.5488367e+00]
 [ 3.8624010e+00]
 [ 5.0203576e+00]
 [ 6.0134978e+00]
 [ 5.1567268e+00]
 [ 4.3966651e+00]
 [ 6.5092645e+00]
 [ 5.5136838e+00]
 [ 6.7007990e+00]
 [ 6.2798986e+00]
 [ 3.8495970e+00]
 [ 3.0295014e+00]
 [ 2.6497359e+00]
 [ 1.9748724e+00]
 [ 9.5346975e-01]
 [ 1.7499913e+00]
 [-1.5859320e+00]
 [ 3.5284290e+00]
 [ 6.1582837e+00]
 [ 6.1127701e+00]
 [ 2.2839844e+00]
 [-8.0268246e-01]
 [-2.2849431e+00]
 [-2.1273456e+00]
 [-1.8785443e+00]
 [ 2.7474713e+00]
 [ 4.8654289e+00]
 [ 7.8503189e+00]
 [ 8.4500141e+00]
 [ 8.1253080e+00]
 [ 6.1811557e+00]
 [ 5.5077009e+00]
 [ 4.5183563e+00]
 [ 3.9038343e+00]
 [ 3.3969207e+00]
 [ 4.1574659e+00]
 [ 4.0840621e+00]
 [ 3.8454432e+00]
 [ 3.4690428e+00]
 [ 2.8666172e+00]
 [ 3.0241022e+00]
 [ 3.2543182e+00]
 [ 3.8592534e+00]
 [ 3.9870620e+00]
 [ 4.6754012e+00]
 [ 4.3062615e+00]
 [ 4.3418794e+00]
 [ 4.0428462e+00]
 [ 3.7304773e+00]
 [ 4.1072044e+00]
 [ 3.6067121e+00]
 [ 3.8390119e+00]
 [ 2.9237134e+00]
 [ 3.0465951e+00]
 [ 2.7532973e+00]
 [ 2.3370004e+00]
 [ 1.4979918e+00]
 [ 1.0440999e+00]
 [ 1.4877248e+00]
 [ 2.0908570e+00]
 [ 2.9367814e+00]
 [ 3.6526546e+00]
 [ 2.7217000e+00]
 [ 3.5112104e+00]
 [ 3.8388636e+00]
 [ 3.2742319e+00]
 [ 2.9321175e+00]
 [ 2.7410982e+00]
 [ 2.7814128e+00]
 [ 3.3992131e+00]
 [ 4.1031914e+00]
 [ 4.0633440e+00]
 [ 3.8087313e+00]
 [ 3.3857629e+00]
 [ 2.6787217e+00]
 [ 2.9882202e+00]
 [ 2.5606699e+00]
 [ 3.0054502e+00]
 [ 4.1051035e+00]
 [ 3.8400440e+00]
 [ 4.0574441e+00]
 [ 4.0099030e+00]
 [ 4.0549459e+00]
 [ 4.4867878e+00]
 [ 4.2283115e+00]
 [ 4.5571227e+00]
 [ 4.0031290e+00]
 [ 4.0137248e+00]
 [ 4.6587439e+00]
 [ 4.5179062e+00]
 [ 4.4660039e+00]
 [ 4.6046438e+00]
 [ 4.7114534e+00]
 [ 4.2053051e+00]
 [ 5.2828865e+00]
 [ 3.9573741e+00]
 [ 3.2715144e+00]
 [ 2.5628669e+00]
 [ 1.7213311e+00]
 [ 1.1650081e+00]
 [ 1.1134354e+00]
 [ 1.7751983e+00]
 [ 1.3323293e+00]
 [ 2.2603111e+00]
 [ 2.0798786e+00]
 [ 1.9806122e+00]
 [ 2.0354891e+00]
 [ 2.9325562e+00]
 [ 4.1881118e+00]
 [ 4.3866777e+00]
 [ 3.9227176e+00]
 [ 3.2454643e+00]
 [ 3.1747718e+00]
 [ 3.5113518e+00]
 [ 3.2561855e+00]
 [ 3.2049253e+00]
 [ 2.9760859e+00]
 [ 3.3231583e+00]
 [ 3.0908594e+00]
 [ 2.8262708e+00]
 [ 2.9409993e+00]
 [ 2.3646374e+00]
 [ 2.7396574e+00]
 [ 2.7488794e+00]
 [ 2.3360672e+00]
 [ 1.8246939e+00]
 [ 1.6562769e+00]
 [ 5.0462139e-01]
 [-2.7679596e+00]
 [-5.1757288e+00]
 [-4.9165792e+00]
 [-2.4754291e+00]], shape=(247, 1), dtype=float32)
