2022-12-13 16:58:14,266 INFO 

		 *** NEW EXPERIMENT ***
args=Namespace(adam_epsilon=1e-08, convert_abstain_to_random=False, datapath='../data', dataset='econ_reg', debug=False, device=device(type='cuda'), downsample=1.0, eval_batch_size=16, experiment_folder='../experiments/econ_reg', finetuning_rate=0.0001, fp16=False, hard_student_rule=False, learning_rate=0.0001, logdir='../experiments/econ_reg/Dec13_16-58_ECON_experiments/seed0/2022_12_13-16_58_stBERT', logging_steps=500, loss_weights=False, lower_case=False, max_grad_norm=1.0, max_rule_seq_length=10, max_seq_length=64, max_size=1000, metric='mse', n_gpu=1, no_cuda=False, num_epochs=15, num_iter=25, num_labels=1, num_supervised_trials=5, num_unsup_epochs=25, oversample=1, overwrite=False, sample_size=16384, seed=0, soft_labels=False, student_name='bert', teacher_name='ran', tokenizer_method='clean', train_batch_size=16, unsup_batch_size=128, warmup_steps=0, weak_sources=None, weight_decay=0.0)
2022-12-13 16:58:14,266 INFO building student: bert
2022-12-13 16:58:14,266 INFO building teacher
2022-12-13 16:58:14,266 INFO No weak sources specified for Teacher. Using default: ['econ_regrules']
2022-12-13 16:58:14,267 INFO loading data
2022-12-13 16:58:14,274 INFO Pre-processing train data for student...
2022-12-13 16:58:14,274 INFO train DATASET: 247 examples
2022-12-13 16:58:14,274 INFO train LABELS:
3.338052914979758
2022-12-13 16:58:14,276 INFO Pre-processing dev data for student...
2022-12-13 16:58:14,276 INFO dev DATASET: 18 examples
2022-12-13 16:58:14,277 INFO dev LABELS:
2.138967777777778
2022-12-13 16:58:14,277 INFO [4.57732, 5.39412, 3.88678, 0.93698, -1.04081, -0.58869, -1.53302, 3.76668, 7.29736, 10.30496, 13.36852, 10.56301, 9.14988, 7.2547, 5.47138, 5.17, 3.60142, 2.24206, 5.36784, 6.19179, 6.78258, 5.42076, 0.52335, -1.7829, -2.43001, -0.76976, 2.72709, 6.16873, 7.77884, 8.0145, 6.57755, 3.21555, 2.40215, 0.9469, 1.99603, 3.04933, 1.98087, 3.07291, 0.35513, -2.87143, -2.01841, -0.7248, 2.65814, 7.41665, 9.1219, 6.73, 4.58866, 4.92542, 2.05821, 2.48539, 0.88268, -0.66913, 1.56445, 3.00992, 6.39553, 7.56728, 6.72769, 6.00401, 4.3071, 3.59787, 3.82216, 4.81693, 5.15824, 6.21582, 6.18075, 5.51983, 5.15634, 5.47714, 5.65928, 6.3469, 8.46216, 8.4775, 7.49014, 6.04287, 4.50502, 2.92504, 2.63752, 2.73849, 2.67084, 3.84521, 5.51558, 5.33667, 4.95957, 4.4716, 3.06714, 2.9501, 2.04665, 0.32493, 0.16284, 0.42258, -0.1667, 2.69724, 3.10661, 3.00589, 4.3672, 3.47607, 5.25519, 5.38194, 6.89448, 7.56189, 6.31966, 4.77109, 4.02376, 0.63877, -0.20842, -0.629, -1.94545, -2.29905, -1.83426, 0.79868, 2.55402, 6.15239, 6.17259, 4.95864, 4.31481, 3.22596, 4.46632, 5.7709, 5.01203, 4.11706, 6.07815, 5.24577, 6.6581, 6.50991, 2.65686, 2.38992, 1.28456, 1.42078, -0.77506, -1.6238, -0.03913, 1.59998, 2.9687, 4.32577, 1.2999, -2.19035, -1.01057, -2.55592, -1.44316, 1.43146, 3.26853, 5.73717, 7.89997, 8.57828, 7.9967, 6.90084, 5.5758, 4.55509, 3.68422, 4.26244, 4.18227, 4.14559, 3.70158, 3.11924, 2.90803, 2.71584, 3.35848, 3.26693, 4.47902, 4.24219, 4.4846, 4.19287, 3.79897, 4.31524, 3.74829, 3.90811, 2.7438, 2.8213, 2.41277, 1.72722, 0.60286, -0.95024, -0.53889, -0.10272, 1.1665, 2.85887, 3.16976, 3.66532, 4.38259, 3.31998, 2.80667, 2.28652, 2.60762, 3.43052, 4.2254, 4.33678, 4.11593, 3.48113, 2.40217, 2.67311, 2.19958, 2.6011, 4.00213, 4.04992, 4.42131, 4.31413, 4.30807, 4.6738, 4.48768, 4.85501, 4.09573, 4.09777, 4.87954, 4.82186, 4.72753, 4.80021, 4.82763, 4.22596, 5.24468, 3.97408, 2.90162, 2.19554, 0.99193, 0.48735, 0.17064, 1.32881, 1.32288, 2.14067, 1.99129, 1.67619, 1.95699, 3.23991, 4.29508, 4.35338, 4.23481, 3.49083, 3.35577, 3.90862, 3.60741, 3.44767, 2.98267, 3.22486, 2.97727, 2.32829, 2.6089, 1.54072, 1.93864, 2.39856, 2.16088, 1.4468, 1.38013, 0.2422, -2.54034, -3.28239, -3.9955, -3.13768, 0.08166]
2022-12-13 16:58:14,280 INFO Pre-processing test data for student...
2022-12-13 16:58:14,280 INFO test DATASET: 32 examples
2022-12-13 16:58:14,280 INFO test LABELS:
2.1615075
2022-12-13 16:58:14,283 INFO Pre-processing unlabeled data for student...
2022-12-13 16:58:14,284 INFO unlabeled DATASET: 444 examples
2022-12-13 16:58:14,284 INFO unlabeled LABELS:
-999.0
2022-12-13 16:58:14,284 INFO creating pseudo-dataset
2022-12-13 16:58:14,284 INFO copying data from unlabeled dataset
2022-12-13 16:58:14,293 INFO done
2022-12-13 16:58:14,296 INFO PSEUDO-DATASET:
444 examples
 with mean PSEUDO-LABELS:
-999.0
2022-12-13 16:58:14,296 INFO copying data from train dataset
2022-12-13 16:58:14,302 INFO done
2022-12-13 16:58:14,305 INFO PSEUDO-DATASET:
247 examples
 with mean PSEUDO-LABELS:
3.3380529149797575
2022-12-13 16:58:14,305 INFO Class labels: 1
2022-12-13 16:58:14,305 INFO X Train Shape (247, 7) (247,)
2022-12-13 16:58:14,306 INFO X Dev Shape (18, 7) (18,)
2022-12-13 16:58:23,036 INFO Saving supervised_student to ../experiments/econ_reg/Dec13_16-58_ECON_experiments/seed0/2022_12_13-16_58_stBERT/supervised_student
2022-12-13 16:58:23,036 INFO Saving model at ../experiments/econ_reg/Dec13_16-58_ECON_experiments/seed0/2022_12_13-16_58_stBERT/supervised_student/final_model.h5
2022-12-13 16:58:23,046 INFO 

	*** Evaluating on dev data ***
2022-12-13 16:58:23,046 INFO Predicting labels for 18 texts
2022-12-13 16:58:23,166 INFO Evaluating student dev on 18 examples
2022-12-13 16:58:23,167 INFO student dev performance: 12.72
2022-12-13 16:58:23,167 INFO {'mse': 12.724145315072679, 'r2': 16.943265386491813, 'var_explained': 17.69760274046067, 'ignored': 0, 'total': 18, 'perf': 12.724145315072679}
2022-12-13 16:58:23,167 INFO 

	*** Evaluating on test data ***
2022-12-13 16:58:23,167 INFO Predicting labels for 32 texts
2022-12-13 16:58:23,279 INFO Evaluating student test on 32 examples
2022-12-13 16:58:23,280 INFO student test performance: 1.67
2022-12-13 16:58:23,281 INFO initializing teacher on unlabeled data with majority voting
2022-12-13 16:58:23,281 INFO Applying Teacher with 7 LF(s) on 444 data
2022-12-13 16:58:23,281 INFO There are 3/7 active rules
2022-12-13 16:58:23,281 INFO Coverage: 100.0% (444/444)
2022-12-13 16:58:23,285 INFO evaluating majority voting
2022-12-13 16:58:23,285 INFO Applying Teacher with 7 LF(s) on 247 data
2022-12-13 16:58:23,286 INFO There are 7/7 active rules
2022-12-13 16:58:23,286 INFO Coverage: 100.0% (247/247)
2022-12-13 16:58:23,289 INFO Evaluating teacher train on 247 examples
2022-12-13 16:58:23,291 INFO teacher train performance: 1.96
2022-12-13 16:58:23,291 INFO Applying Teacher with 7 LF(s) on 18 data
2022-12-13 16:58:23,291 INFO There are 7/7 active rules
2022-12-13 16:58:23,291 INFO Coverage: 100.0% (18/18)
2022-12-13 16:58:23,291 INFO Evaluating teacher dev on 18 examples
2022-12-13 16:58:23,292 INFO teacher dev performance: 10.07
2022-12-13 16:58:23,292 INFO Applying Teacher with 7 LF(s) on 32 data
2022-12-13 16:58:23,292 INFO There are 7/7 active rules
2022-12-13 16:58:23,292 INFO Coverage: 100.0% (32/32)
2022-12-13 16:58:23,293 INFO Evaluating teacher test on 32 examples
2022-12-13 16:58:23,294 INFO teacher test performance: 0.29
2022-12-13 16:58:23,294 INFO 

	 *** Starting loop 0 ***
2022-12-13 16:58:23,294 INFO Adding Student as extra rule in Teacher
2022-12-13 16:58:23,294 INFO Getting rule predictions
2022-12-13 16:58:23,294 INFO Applying Teacher with 7 LF(s) on 247 data
2022-12-13 16:58:23,294 INFO Applying Teacher with 7 LF(s) on 18 data
2022-12-13 16:58:23,294 INFO Applying Teacher with 7 LF(s) on 444 data
2022-12-13 16:58:23,295 INFO Getting student predictions on train (and dev) dataset
2022-12-13 16:58:23,295 INFO Predicting labels for 247 texts
2022-12-13 16:58:23,411 INFO Predicting labels for 18 texts
2022-12-13 16:58:23,523 INFO Predicting labels for 444 texts
2022-12-13 16:58:23,640 INFO Training Rule Attention Network
2022-12-13 16:58:23,642 INFO X Train Shape (247, 7) (247, 8) (247,)
2022-12-13 16:58:23,642 INFO X Dev Shape (18, 7) (18, 8) (18,)
2022-12-13 16:58:23,644 INFO X Unsup Shape (444, 7) (444, 8)
2022-12-13 16:58:23,719 INFO 

		*** Training RAN ***
2022-12-13 16:58:24,853 INFO Applying Teacher with 7 LF(s) on 444 data
2022-12-13 16:58:24,854 INFO Predicting labels for 444 texts
2022-12-13 16:58:24,969 INFO There are 3/7 active rules
2022-12-13 16:58:24,969 INFO Coverage: 100.0% (444/444)
2022-12-13 16:58:24,971 INFO RAN - Predicting labels for 444 texts
2022-12-13 16:58:25,038 INFO DONE, Getting attention scores...
2022-12-13 16:58:25,095 INFO the attention scores are
2022-12-13 16:58:25,095 INFO [[-0.15105543  0.09696904  0.42282683 ...  0.42282683  0.42282683
   0.42282683]
 [-0.14464056  0.10688075  0.40492797 ...  0.40492797  0.40492797
   0.40492797]
 [-0.03217548  0.07856672  0.23360237 ...  0.23360237  0.23360237
   0.23360237]
 ...
 [-0.05711032  0.562546    0.3130581  ...  0.64809865  0.64809865
   0.64809865]
 [-0.06079368  0.58051306  0.20519562 ...  0.5837159   0.5837159
   0.5837159 ]
 [-0.05437569  0.5678094   0.11297327 ...  0.5148397   0.5148397
   0.5148397 ]]
2022-12-13 16:58:25,096 INFO [[ 3.79385829e-01 -2.94869000e+00 -9.99000000e+02 ... -9.99000000e+02
  -9.99000000e+02 -9.99000000e+02]
 [ 3.61278385e-01 -2.75736000e+00 -9.99000000e+02 ... -9.99000000e+02
  -9.99000000e+02 -9.99000000e+02]
 [ 2.92831451e-01 -7.87400000e-02 -9.99000000e+02 ... -9.99000000e+02
  -9.99000000e+02 -9.99000000e+02]
 ...
 [ 7.12436974e-01 -3.71401000e+00 -2.13952000e+00 ... -9.99000000e+02
  -9.99000000e+02  3.93627539e+00]
 [ 7.57463813e-01 -2.56603000e+00 -2.90272000e+00 ... -9.99000000e+02
  -9.99000000e+02  3.86859912e+00]
 [ 7.75300860e-01 -1.60938000e+00 -3.23101000e+00 ... -9.99000000e+02
  -9.99000000e+02  3.83700435e+00]]
2022-12-13 16:58:25,098 INFO [[8. 1. 0. ... 0. 0. 0.]
 [8. 1. 0. ... 0. 0. 0.]
 [8. 1. 0. ... 0. 0. 0.]
 ...
 [8. 1. 2. ... 0. 0. 0.]
 [8. 1. 2. ... 0. 0. 0.]
 [8. 1. 2. ... 0. 0. 0.]]
2022-12-13 16:58:25,098 INFO [[-3.43239903e-01]
 [-3.46964240e-01]
 [-1.56083368e-02]
 [ 2.04946741e-01]
 [ 7.20584989e-01]
 [ 9.95073855e-01]
 [ 1.20609617e+00]
 [ 1.23563814e+00]
 [ 1.56648219e+00]
 [ 1.76517951e+00]
 [ 1.30065322e+00]
 [ 1.17616665e+00]
 [ 1.18051732e+00]
 [ 8.80664945e-01]
 [ 6.28416896e-01]
 [ 5.61693251e-01]
 [ 6.92083895e-01]
 [ 7.84224212e-01]
 [ 5.77283978e-01]
 [ 6.46304369e-01]
 [ 6.51918173e-01]
 [ 1.01845109e+00]
 [ 7.89499283e-01]
 [ 6.51918173e-01]
 [ 6.74206078e-01]
 [ 3.57995838e-01]
 [ 1.56583250e-01]
 [ 7.16431588e-02]
 [ 1.14378500e+00]
 [ 8.56837630e-01]
 [ 8.15882683e-02]
 [ 7.32958436e-01]
 [ 8.11205029e-01]
 [ 1.10504174e+00]
 [ 7.87642598e-01]
 [ 7.97252715e-01]
 [ 1.79478258e-01]
 [ 6.68981671e-02]
 [ 5.45427799e-02]
 [ 6.96696043e-02]
 [ 5.80853224e-02]
 [ 2.41488218e-02]
 [-4.80845571e-02]
 [-5.52634597e-02]
 [-2.11894512e-02]
 [ 3.22027206e-02]
 [-1.39868379e-01]
 [ 1.56136826e-01]
 [ 1.71018735e-01]
 [ 1.39895141e-01]
 [ 3.38460952e-01]
 [ 6.00343227e-01]
 [ 1.05980468e+00]
 [ 8.33821297e-01]
 [ 1.19920576e+00]
 [ 9.66422141e-01]
 [ 8.13988805e-01]
 [ 9.60381985e-01]
 [ 2.33833879e-01]
 [ 1.58360988e-01]
 [ 1.17278099e-01]
 [ 6.44301772e-02]
 [ 9.15293097e-02]
 [ 7.75245428e-02]
 [ 7.80104399e-02]
 [ 8.09150338e-02]
 [-3.63464952e-02]
 [ 5.67216873e-02]
 [ 1.36923060e-01]
 [ 1.10508412e-01]
 [-1.20362878e-01]
 [ 1.03158981e-01]
 [-1.55811250e-01]
 [-1.83087349e-01]
 [ 1.70070529e-02]
 [ 5.94241023e-02]
 [ 5.11507392e-02]
 [-3.59374285e-03]
 [-1.53133273e-02]
 [-3.67572904e-02]
 [-1.59184456e-01]
 [-1.35181606e-01]
 [-1.22063756e-02]
 [-3.36947083e-01]
 [-4.73837495e-01]
 [-4.24718022e-01]
 [-2.87993133e-01]
 [-4.33431864e-01]
 [-4.77022171e-01]
 [-2.04931676e-01]
 [-4.60980296e-01]
 [-3.45294833e-01]
 [-4.45273161e-01]
 [-5.74650526e-01]
 [-3.12880337e-01]
 [-2.66698837e-01]
 [-1.47463202e-01]
 [-1.07530415e-01]
 [-8.44943523e-02]
 [ 5.09955883e-02]
 [ 1.81744725e-01]
 [ 3.03335577e-01]
 [ 2.78091311e-01]
 [ 3.34103733e-01]
 [ 3.14383447e-01]
 [ 3.51613224e-01]
 [ 4.06297982e-01]
 [ 3.20764750e-01]
 [ 3.52893144e-01]
 [ 3.18850309e-01]
 [ 2.39376962e-01]
 [ 3.06707442e-01]
 [ 2.92109728e-01]
 [ 3.19099128e-01]
 [ 3.80968809e-01]
 [ 3.46710980e-01]
 [ 3.78883362e-01]
 [ 4.13197577e-01]
 [ 1.64547503e-01]
 [ 7.87062049e-02]
 [ 3.98299098e-02]
 [-4.42821383e-02]
 [-9.20891166e-02]
 [ 3.34680080e-02]
 [-1.68963045e-01]
 [ 3.25244606e-01]
 [ 2.75134027e-01]
 [ 4.29886907e-01]
 [ 6.17775738e-01]
 [ 6.78267419e-01]
 [ 7.24866867e-01]
 [ 7.49786675e-01]
 [ 1.20581591e+00]
 [ 1.03833318e+00]
 [ 7.29074657e-01]
 [ 6.70592904e-01]
 [ 4.81466353e-01]
 [ 3.21659416e-01]
 [ 2.20021456e-01]
 [ 2.47898430e-01]
 [ 2.46429563e-01]
 [ 2.49296576e-01]
 [ 2.13502854e-01]
 [ 1.27633572e-01]
 [ 6.27917051e-02]
 [ 4.74904776e-02]
 [-1.28384709e-01]
 [-1.29149795e-01]
 [-9.00866032e-01]
 [-7.38842010e-01]
 [-1.42984402e+00]
 [-2.09103537e+00]
 [-5.04625034e+00]
 [-4.08224010e+00]
 [-1.70004606e+00]
 [-1.80030906e+00]
 [-4.47206616e-01]
 [-3.12801838e-01]
 [-3.69890273e-01]
 [-7.53181577e-02]
 [ 7.32750177e-01]
 [ 6.64716482e-01]
 [ 5.03456056e-01]
 [ 4.57180262e-01]
 [ 2.36751628e+00]
 [ 1.80070436e+00]
 [ 3.01625848e-01]
 [ 6.52763009e-01]
 [ 3.94019306e-01]
 [ 5.97064853e-01]
 [ 8.01771224e-01]
 [ 7.14808226e-01]
 [ 9.51745272e-01]
 [ 1.09301162e+00]
 [ 8.83429170e-01]
 [ 7.41142273e-01]
 [ 1.05827856e+00]
 [ 1.09421861e+00]
 [ 8.96179438e-01]
 [ 8.52809727e-01]
 [ 8.22724283e-01]
 [ 8.30997109e-01]
 [ 7.96799362e-01]
 [ 9.05883074e-01]
 [ 6.21615648e-01]
 [ 5.60322046e-01]
 [ 5.45426190e-01]
 [ 7.36520171e-01]
 [ 5.64073563e-01]
 [ 6.05470717e-01]
 [ 7.19268560e-01]
 [ 7.85411954e-01]
 [ 9.44477141e-01]
 [ 9.53418136e-01]
 [ 1.18881130e+00]
 [ 9.76744890e-01]
 [ 1.11818480e+00]
 [ 1.23236465e+00]
 [ 1.18903601e+00]
 [ 1.07067406e+00]
 [ 1.09901595e+00]
 [ 1.19283640e+00]
 [ 1.35868621e+00]
 [ 1.56324434e+00]
 [ 1.41126502e+00]
 [ 1.28297102e+00]
 [ 4.63453114e-01]
 [ 1.33673275e+00]
 [ 6.10800624e-01]
 [ 5.20966411e-01]
 [ 2.44288653e-01]
 [-1.14178360e+00]
 [-2.45928526e-01]
 [-3.43259424e-01]
 [-4.25655317e+00]
 [-5.69152498e+00]
 [ 7.42042780e-01]
 [ 1.54081392e+00]
 [ 6.61016107e-01]
 [ 2.49570608e-01]
 [-1.56062579e+00]
 [-2.33070230e+00]
 [-2.33376646e+00]
 [-2.42989016e+00]
 [-6.04966402e-01]
 [-1.49424660e+00]
 [-1.09595704e+00]
 [-1.54809475e+00]
 [-1.22289670e+00]
 [-1.38645697e+00]
 [-2.36988020e+00]
 [-3.39995670e+00]
 [-4.06688929e+00]
 [-2.82666802e+00]
 [-5.51889420e-01]
 [-1.63703799e-01]
 [-4.26306725e-02]
 [-7.01251030e-02]
 [-2.81074047e-02]
 [-2.40336657e-01]
 [-1.25912571e+00]
 [-1.06071043e+00]
 [-5.92530966e-01]
 [-1.14917755e-01]
 [-3.90666187e-01]
 [-4.51568007e-01]
 [-4.09704030e-01]
 [-3.38808715e-01]
 [-5.90007186e-01]
 [-8.97946715e-01]
 [-5.36352634e-01]
 [-7.55969167e-01]
 [-6.85254276e-01]
 [-5.19306242e-01]
 [-2.46224165e-01]
 [-2.60071635e-01]
 [ 1.03637218e-01]
 [ 2.33768404e-01]
 [ 3.11806202e-02]
 [-3.39948773e-01]
 [-9.70489383e-02]
 [-6.79050684e-02]
 [-8.78829956e-02]
 [-1.06931448e-01]
 [-1.20547056e-01]
 [-2.51124620e-01]
 [ 4.19056416e-03]
 [-1.33143663e-02]
 [ 1.08017683e-01]
 [ 1.36965990e-01]
 [-7.25216866e-02]
 [-7.08851814e-02]
 [-4.18024778e-01]
 [-3.71924818e-01]
 [-4.91228402e-01]
 [-7.20985651e-01]
 [-1.10609496e+00]
 [-1.44839787e+00]
 [-1.78403687e+00]
 [-1.73951626e+00]
 [-1.17353833e+00]
 [-1.72840667e+00]
 [-1.08503222e+00]
 [-9.15909886e-01]
 [-6.15575135e-01]
 [-4.89214480e-01]
 [-4.54419732e-01]
 [-3.25891495e-01]
 [ 7.35564828e-02]
 [ 6.25853240e-02]
 [ 3.29416692e-02]
 [ 2.15403765e-01]
 [ 5.76054931e-01]
 [ 5.49282014e-01]
 [ 6.18956327e-01]
 [ 5.49606144e-01]
 [ 4.81706321e-01]
 [ 5.04791141e-01]
 [ 5.87036431e-01]
 [ 7.06950843e-01]
 [ 6.10976458e-01]
 [ 5.74975193e-01]
 [ 6.28512919e-01]
 [ 7.22585797e-01]
 [ 6.70655787e-01]
 [ 6.75494552e-01]
 [ 5.46864748e-01]
 [ 4.39635396e-01]
 [ 3.36669534e-01]
 [ 2.09390283e-01]
 [ 2.09960908e-01]
 [ 1.13928437e-01]
 [ 1.00971162e-01]
 [ 6.31092191e-02]
 [ 8.32448602e-02]
 [ 5.66264391e-02]
 [ 1.48288131e-01]
 [ 1.46636397e-01]
 [ 2.65756845e-02]
 [ 3.24769020e-02]
 [ 9.01156664e-03]
 [ 1.61831379e-02]
 [-1.80690289e-01]
 [-2.80318558e-01]
 [-2.63076186e-01]
 [-2.97794938e-01]
 [-3.38973820e-01]
 [-3.86755824e-01]
 [-2.75721729e-01]
 [-3.13144982e-01]
 [-3.04539800e-01]
 [-2.01295078e-01]
 [-9.58003402e-02]
 [-1.86359823e-01]
 [-2.36883342e-01]
 [-2.49226749e-01]
 [-2.56695926e-01]
 [-2.69587278e-01]
 [-3.36987376e-01]
 [-2.83516765e-01]
 [-3.18881989e-01]
 [-5.04763007e-01]
 [-3.68896723e-01]
 [-6.30704582e-01]
 [-7.22370863e-01]
 [-7.79041588e-01]
 [-6.38719082e-01]
 [-5.65678775e-01]
 [-6.15330040e-01]
 [-6.41454279e-01]
 [-6.98708177e-01]
 [-7.00522006e-01]
 [-5.77443421e-01]
 [-6.51522040e-01]
 [-2.33359933e-01]
 [-9.42901373e-02]
 [-3.35514069e-01]
 [-3.80144477e-01]
 [-3.80846858e-01]
 [-4.83731389e-01]
 [-7.11962819e-01]
 [-6.45555198e-01]
 [-8.30763698e-01]
 [-8.60501528e-01]
 [-9.75687623e-01]
 [-8.37852716e-01]
 [-1.24259818e+00]
 [-1.25105548e+00]
 [-1.24879384e+00]
 [-1.26095819e+00]
 [-1.17986631e+00]
 [-1.18374765e+00]
 [-3.07218730e-01]
 [-3.47506046e-01]
 [ 1.65236443e-01]
 [ 3.31417233e-01]
 [ 4.72163588e-01]
 [ 7.65422821e-01]
 [ 1.21178019e+00]
 [ 1.27558100e+00]
 [ 1.24013436e+00]
 [ 1.20665956e+00]
 [ 1.23658621e+00]
 [ 1.15113473e+00]
 [ 9.24738169e-01]
 [ 8.38014483e-01]
 [ 6.75281763e-01]
 [ 6.22084677e-01]
 [ 5.50660491e-01]
 [ 5.50399363e-01]
 [ 6.03654683e-01]
 [ 7.29505062e-01]
 [ 6.72390521e-01]
 [ 6.65662289e-01]
 [ 3.80576491e-01]
 [ 3.16218704e-01]
 [ 3.01439196e-01]
 [ 4.12802041e-01]
 [ 2.75932103e-01]
 [ 2.32645482e-01]
 [ 1.55473113e-01]
 [ 1.32006198e-01]
 [ 2.00036705e-01]
 [ 2.10693061e-01]
 [ 2.41468832e-01]
 [ 1.12897784e-01]
 [ 1.57166511e-01]
 [ 1.30478442e-01]
 [ 9.83944535e-02]
 [ 4.50903773e-02]
 [-4.86779213e-03]
 [-7.31201768e-02]
 [-1.85282290e-01]
 [-2.34722614e-01]
 [-2.22611248e-01]
 [-1.31430268e-01]
 [-1.37851298e-01]
 [-1.00757957e-01]
 [-2.61547506e-01]
 [-2.59261072e-01]
 [-2.11854696e-01]
 [-3.56813490e-01]
 [-5.67505538e-01]
 [-6.77920341e-01]
 [-5.75686753e-01]
 [-5.24963140e-01]
 [-4.34185863e-02]
 [ 1.39443234e-01]
 [ 4.34070051e-01]
 [ 6.79546893e-01]
 [ 9.92487729e-01]
 [ 9.99618769e-01]
 [ 1.18557763e+00]
 [ 1.19066322e+00]
 [ 1.31213284e+00]
 [ 9.95098352e-01]
 [-1.78267241e-01]
 [-4.67474461e-01]
 [-1.09449434e+00]
 [-7.33349800e-01]
 [ 9.72580910e-03]
 [-2.48688459e-01]
 [ 1.26874685e-01]
 [ 6.54445887e-01]]
2022-12-13 16:58:25,109 INFO Applying Teacher with 7 LF(s) on 247 data
2022-12-13 16:58:25,109 INFO Predicting labels for 247 texts
2022-12-13 16:58:25,248 INFO There are 7/7 active rules
2022-12-13 16:58:25,248 INFO Coverage: 100.0% (247/247)
2022-12-13 16:58:25,250 INFO RAN - Predicting labels for 247 texts
2022-12-13 16:58:25,278 INFO DONE, Getting attention scores...
2022-12-13 16:58:25,335 INFO the attention scores are
2022-12-13 16:58:25,335 INFO [[-0.28199866  0.11001088  0.06107315 ...  0.06107315  0.06107315
   0.06107315]
 [-0.2386697  -0.01177157  0.38324755 ...  0.10339162  0.10339162
   0.10339162]
 [-0.09524047 -0.20557654  0.38339144 ... -0.00757486 -0.00757486
  -0.00757486]
 ...
 [-0.44289002  0.79843277  0.18710454 ... -0.13236123  0.33230466
   0.1883736 ]
 [-0.38138267  1.0711622  -0.09232818 ...  0.24571502  0.5380845
   0.5304033 ]
 [-0.09923143  0.9157656  -0.40600902 ...  0.48749256  0.8484076
   0.5120282 ]]
2022-12-13 16:58:25,336 INFO [[ 5.91805816e-01 -9.99000000e+02 -9.99000000e+02 ... -9.99000000e+02
  -9.99000000e+02 -9.99000000e+02]
 [ 1.17945457e+00 -9.99000000e+02 -9.99000000e+02 ... -9.99000000e+02
  -9.99000000e+02 -9.99000000e+02]
 [ 1.65338385e+00 -9.99000000e+02 -9.99000000e+02 ...  5.59520826e+00
  -9.99000000e+02 -9.99000000e+02]
 ...
 [ 1.06742787e+00 -4.28800000e+00 -3.49699000e+00 ... -2.35151438e+00
  -2.33360379e+00  3.80563189e+00]
 [ 6.69940650e-01 -3.71401000e+00 -2.26130000e+00 ... -2.46230144e+00
  -2.47809853e+00  3.92263042e+00]
 [ 1.15008402e+00 -3.33135000e+00 -2.89819000e+00 ... -1.09507485e+00
  -1.06009013e+00  3.86903509e+00]]
2022-12-13 16:58:25,337 INFO [[8. 3. 0. ... 0. 0. 0.]
 [8. 3. 4. ... 0. 0. 0.]
 [8. 3. 4. ... 0. 0. 0.]
 ...
 [8. 1. 2. ... 5. 6. 7.]
 [8. 1. 2. ... 5. 6. 7.]
 [8. 1. 2. ... 5. 6. 7.]]
2022-12-13 16:58:25,338 INFO [[-1.7612278e-03]
 [ 7.2227305e-01]
 [ 2.7644053e+00]
 [ 2.5839484e+00]
 [-3.6610916e-01]
 [-3.2049924e-01]
 [-1.7467713e+00]
 [-8.1985050e-01]
 [ 6.4916954e+00]
 [ 5.8311758e+00]
 [ 9.2308969e+00]
 [ 8.8779440e+00]
 [ 4.0794911e+00]
 [ 3.0735040e-01]
 [ 1.7453269e+00]
 [ 5.6619406e-02]
 [ 1.3432698e+00]
 [ 4.0207243e-01]
 [-1.2188588e+00]
 [ 3.3087084e+00]
 [ 3.8210981e+00]
 [ 4.4857054e+00]
 [ 2.7737451e+00]
 [-6.3976216e-01]
 [-1.3244079e-01]
 [-2.2778201e+00]
 [ 4.3928045e-01]
 [ 5.1080627e+00]
 [ 4.7259040e+00]
 [ 3.7179816e+00]
 [ 1.6610074e+00]
 [ 1.1791170e+00]
 [-2.4607575e+00]
 [-4.9875897e-01]
 [-5.8897483e-01]
 [ 8.7195647e-01]
 [ 8.8987136e-01]
 [ 3.4605527e-01]
 [ 1.1499541e+00]
 [ 1.1042711e+00]
 [-4.3256378e+00]
 [-1.3387195e+00]
 [ 2.6617050e+00]
 [ 7.8134398e+00]
 [ 9.9818459e+00]
 [ 1.1857182e+01]
 [ 5.7189016e+00]
 [ 2.8268268e+00]
 [ 5.4278946e+00]
 [ 2.3420966e+00]
 [ 2.7794781e+00]
 [ 2.0824442e+00]
 [ 2.9685852e-01]
 [ 2.6344173e+00]
 [ 3.5521204e+00]
 [ 8.8150711e+00]
 [ 8.1317301e+00]
 [ 5.6777711e+00]
 [ 4.7313671e+00]
 [ 3.8086495e+00]
 [ 3.5118563e+00]
 [ 3.9696226e+00]
 [ 4.7959213e+00]
 [ 4.6261244e+00]
 [ 6.1205111e+00]
 [ 5.5161295e+00]
 [ 4.9990573e+00]
 [ 4.6826630e+00]
 [ 5.3784151e+00]
 [ 5.5512819e+00]
 [ 6.0518374e+00]
 [ 9.4168215e+00]
 [ 7.9084182e+00]
 [ 6.7385082e+00]
 [ 5.1778431e+00]
 [ 4.0754762e+00]
 [ 2.9475973e+00]
 [ 2.8602452e+00]
 [ 2.8735375e+00]
 [ 2.8042150e+00]
 [ 4.1413102e+00]
 [ 5.6968412e+00]
 [ 4.8569112e+00]
 [ 4.3322854e+00]
 [ 3.8450480e+00]
 [ 3.0412765e+00]
 [ 3.0086246e+00]
 [ 2.4308145e+00]
 [ 1.2397296e+00]
 [ 1.3670465e+00]
 [ 1.5639913e+00]
 [ 6.3767266e-01]
 [ 3.6466160e+00]
 [ 3.6504450e+00]
 [ 3.3133130e+00]
 [ 3.9871144e+00]
 [ 3.1364031e+00]
 [ 4.9187336e+00]
 [ 4.8645835e+00]
 [ 6.4739389e+00]
 [ 7.0271893e+00]
 [ 5.4273367e+00]
 [ 4.4375548e+00]
 [ 3.5482016e+00]
 [ 2.0404935e+00]
 [ 1.6174726e+00]
 [ 1.8338479e+00]
 [ 1.8043706e+00]
 [ 4.0956945e+00]
 [ 3.4159751e+00]
 [ 7.6548786e+00]
 [ 8.3490887e+00]
 [ 7.3501773e+00]
 [ 7.2232141e+00]
 [ 6.3638296e+00]
 [ 4.5488367e+00]
 [ 3.8624010e+00]
 [ 5.0203576e+00]
 [ 6.0134978e+00]
 [ 5.1567268e+00]
 [ 4.3966651e+00]
 [ 6.5092645e+00]
 [ 5.5136838e+00]
 [ 6.7007990e+00]
 [ 6.2798986e+00]
 [ 3.8495970e+00]
 [ 3.0295014e+00]
 [ 2.6497359e+00]
 [ 1.9748724e+00]
 [ 9.5346975e-01]
 [ 1.7499913e+00]
 [-1.5859320e+00]
 [ 3.5284290e+00]
 [ 6.1582837e+00]
 [ 6.1127701e+00]
 [ 2.2839844e+00]
 [-8.0268246e-01]
 [-2.2849431e+00]
 [-2.1273456e+00]
 [-1.8785443e+00]
 [ 2.7474713e+00]
 [ 4.8654289e+00]
 [ 7.8503189e+00]
 [ 8.4500141e+00]
 [ 8.1253080e+00]
 [ 6.1811557e+00]
 [ 5.5077009e+00]
 [ 4.5183563e+00]
 [ 3.9038343e+00]
 [ 3.3969207e+00]
 [ 4.1574659e+00]
 [ 4.0840621e+00]
 [ 3.8454432e+00]
 [ 3.4690428e+00]
 [ 2.8666172e+00]
 [ 3.0241022e+00]
 [ 3.2543182e+00]
 [ 3.8592534e+00]
 [ 3.9870620e+00]
 [ 4.6754012e+00]
 [ 4.3062615e+00]
 [ 4.3418794e+00]
 [ 4.0428462e+00]
 [ 3.7304773e+00]
 [ 4.1072044e+00]
 [ 3.6067121e+00]
 [ 3.8390119e+00]
 [ 2.9237134e+00]
 [ 3.0465951e+00]
 [ 2.7532973e+00]
 [ 2.3370004e+00]
 [ 1.4979918e+00]
 [ 1.0440999e+00]
 [ 1.4877248e+00]
 [ 2.0908570e+00]
 [ 2.9367814e+00]
 [ 3.6526546e+00]
 [ 2.7217000e+00]
 [ 3.5112104e+00]
 [ 3.8388636e+00]
 [ 3.2742319e+00]
 [ 2.9321175e+00]
 [ 2.7410982e+00]
 [ 2.7814128e+00]
 [ 3.3992131e+00]
 [ 4.1031914e+00]
 [ 4.0633440e+00]
 [ 3.8087313e+00]
 [ 3.3857629e+00]
 [ 2.6787217e+00]
 [ 2.9882202e+00]
 [ 2.5606699e+00]
 [ 3.0054502e+00]
 [ 4.1051035e+00]
 [ 3.8400440e+00]
 [ 4.0574441e+00]
 [ 4.0099030e+00]
 [ 4.0549459e+00]
 [ 4.4867878e+00]
 [ 4.2283115e+00]
 [ 4.5571227e+00]
 [ 4.0031290e+00]
 [ 4.0137248e+00]
 [ 4.6587439e+00]
 [ 4.5179062e+00]
 [ 4.4660039e+00]
 [ 4.6046438e+00]
 [ 4.7114534e+00]
 [ 4.2053051e+00]
 [ 5.2828865e+00]
 [ 3.9573741e+00]
 [ 3.2715144e+00]
 [ 2.5628669e+00]
 [ 1.7213311e+00]
 [ 1.1650081e+00]
 [ 1.1134354e+00]
 [ 1.7751983e+00]
 [ 1.3323293e+00]
 [ 2.2603111e+00]
 [ 2.0798786e+00]
 [ 1.9806122e+00]
 [ 2.0354891e+00]
 [ 2.9325562e+00]
 [ 4.1881118e+00]
 [ 4.3866777e+00]
 [ 3.9227176e+00]
 [ 3.2454643e+00]
 [ 3.1747718e+00]
 [ 3.5113518e+00]
 [ 3.2561855e+00]
 [ 3.2049253e+00]
 [ 2.9760859e+00]
 [ 3.3231583e+00]
 [ 3.0908594e+00]
 [ 2.8262708e+00]
 [ 2.9409993e+00]
 [ 2.3646374e+00]
 [ 2.7396574e+00]
 [ 2.7488794e+00]
 [ 2.3360672e+00]
 [ 1.8246939e+00]
 [ 1.6562769e+00]
 [ 5.0462139e-01]
 [-2.7679596e+00]
 [-5.1757288e+00]
 [-4.9165792e+00]
 [-2.4754291e+00]]
