2022-11-17 21:13:29,091 INFO 

		 *** NEW EXPERIMENT ***
args=Namespace(adam_epsilon=1e-08, convert_abstain_to_random=False, datapath='../data', dataset='econ', debug=False, device=device(type='cuda'), downsample=1.0, eval_batch_size=16, experiment_folder='../experiments/econ', finetuning_rate=0.0001, fp16=False, hard_student_rule=False, learning_rate=0.0001, logdir='../experiments/econ/Nov17_21-13_ECON_experiments/seed0/2022_11_17-21_13_stBERT', logging_steps=500, loss_weights=False, lower_case=False, max_grad_norm=1.0, max_rule_seq_length=10, max_seq_length=64, max_size=1000, metric='weighted_acc', n_gpu=1, no_cuda=False, num_epochs=70, num_iter=25, num_labels=2, num_supervised_trials=5, num_unsup_epochs=25, oversample=3, overwrite=False, sample_size=16384, seed=0, soft_labels=False, student_name='bert', teacher_name='ran', tokenizer_method='clean', train_batch_size=16, unsup_batch_size=128, warmup_steps=0, weak_sources=None, weight_decay=0.0)
2022-11-17 21:13:29,091 INFO building student: bert
2022-11-17 21:13:29,091 INFO building teacher
2022-11-17 21:13:29,091 INFO No weak sources specified for Teacher. Using default: ['econrules']
2022-11-17 21:13:29,092 INFO loading data
2022-11-17 21:13:29,096 INFO Pre-processing train data for student...
2022-11-17 21:13:29,100 INFO train DATASET: 247 examples
2022-11-17 21:13:29,104 INFO train LABELS:
1    182
0     65
Name: label, dtype: int64
2022-11-17 21:13:29,104 INFO Oversampling train data 3 times
2022-11-17 21:13:29,107 INFO train DATASET: 741 examples
2022-11-17 21:13:29,109 INFO train LABELS:
1    546
0    195
Name: label, dtype: int64
2022-11-17 21:13:29,111 INFO Pre-processing dev data for student...
2022-11-17 21:13:29,114 INFO dev DATASET: 18 examples
2022-11-17 21:13:29,115 INFO dev LABELS:
1    11
0     7
Name: label, dtype: int64
2022-11-17 21:13:29,117 INFO Pre-processing test data for student...
2022-11-17 21:13:29,121 INFO test DATASET: 32 examples
2022-11-17 21:13:29,122 INFO test LABELS:
1    18
0    14
Name: label, dtype: int64
2022-11-17 21:13:29,127 INFO Pre-processing unlabeled data for student...
2022-11-17 21:13:29,129 INFO unlabeled DATASET: 444 examples
2022-11-17 21:13:29,131 INFO unlabeled LABELS:
Series([], Name: label, dtype: int64)
2022-11-17 21:13:29,131 INFO creating pseudo-dataset
2022-11-17 21:13:29,131 INFO copying data from unlabeled dataset
2022-11-17 21:13:29,141 INFO done
2022-11-17 21:13:29,141 INFO [WARNING] sample size = 16384 > 444
2022-11-17 21:13:29,141 INFO Downsampling 444 data
2022-11-17 21:13:29,141 INFO copying data from train dataset
2022-11-17 21:13:29,157 INFO done
2022-11-17 21:13:29,158 INFO Balancing Pseudo Dataset to keep 1092 items...
2022-11-17 21:13:29,162 INFO PSEUDO-DATASET:
1092 examples
PSEUDO-LABELS:
1    546
0    546
Name: label, dtype: int64
2022-11-17 21:13:29,163 INFO Class labels: 2
2022-11-17 21:13:29,164 INFO X Train Shape (1092, 7) (1092,)
2022-11-17 21:13:29,164 INFO X Dev Shape (18, 7) (18,)
