2022-12-04 19:18:05,533 INFO 

		 *** NEW EXPERIMENT ***
args=Namespace(adam_epsilon=1e-08, convert_abstain_to_random=False, datapath='../data', dataset='econ', debug=False, device=device(type='cuda'), downsample=1.0, eval_batch_size=16, experiment_folder='../experiments/econ', finetuning_rate=0.0001, fp16=False, hard_student_rule=False, learning_rate=0.0001, logdir='../experiments/econ/Dec04_19-17_ECON_experiments/seed0/2022_12_04-19_18_stBERT', logging_steps=500, loss_weights=False, lower_case=False, max_grad_norm=1.0, max_rule_seq_length=10, max_seq_length=64, max_size=1000, metric='weighted_acc', n_gpu=1, no_cuda=False, num_epochs=15, num_iter=25, num_labels=2, num_supervised_trials=5, num_unsup_epochs=25, oversample=3, overwrite=False, sample_size=16384, seed=0, soft_labels=False, student_name='bert', teacher_name='ran', tokenizer_method='clean', train_batch_size=16, unsup_batch_size=128, warmup_steps=0, weak_sources=None, weight_decay=0.0)
2022-12-04 19:18:05,533 INFO building student: bert
2022-12-04 19:18:05,533 INFO building teacher
2022-12-04 19:18:05,533 INFO No weak sources specified for Teacher. Using default: ['econrules']
2022-12-04 19:18:05,533 INFO loading data
2022-12-04 19:18:05,538 INFO Pre-processing train data for student...
2022-12-04 19:18:05,542 INFO train DATASET: 247 examples
2022-12-04 19:18:05,546 INFO train LABELS:
1    182
0     65
Name: label, dtype: int64
2022-12-04 19:18:05,546 INFO Oversampling train data 3 times
2022-12-04 19:18:05,550 INFO train DATASET: 741 examples
2022-12-04 19:18:05,551 INFO train LABELS:
1    546
0    195
Name: label, dtype: int64
2022-12-04 19:18:05,554 INFO Pre-processing dev data for student...
2022-12-04 19:18:05,557 INFO dev DATASET: 18 examples
2022-12-04 19:18:05,559 INFO dev LABELS:
1    11
0     7
Name: label, dtype: int64
2022-12-04 19:18:05,562 INFO Pre-processing test data for student...
2022-12-04 19:18:05,565 INFO test DATASET: 32 examples
2022-12-04 19:18:05,567 INFO test LABELS:
1    18
0    14
Name: label, dtype: int64
2022-12-04 19:18:05,571 INFO Pre-processing unlabeled data for student...
2022-12-04 19:18:05,574 INFO unlabeled DATASET: 444 examples
2022-12-04 19:18:05,576 INFO unlabeled LABELS:
Series([], Name: label, dtype: int64)
2022-12-04 19:18:05,576 INFO creating pseudo-dataset
2022-12-04 19:18:05,576 INFO copying data from unlabeled dataset
2022-12-04 19:18:05,587 INFO done
2022-12-04 19:18:05,587 INFO [WARNING] sample size = 16384 > 444
2022-12-04 19:18:05,587 INFO Downsampling 444 data
