2022-12-13 19:38:50,544 INFO 

		 *** NEW EXPERIMENT ***
args=Namespace(adam_epsilon=1e-08, convert_abstain_to_random=False, datapath='../data', dataset='econ_reg', debug=False, device=device(type='cuda'), downsample=1.0, eval_batch_size=16, experiment_folder='../experiments/econ_reg', finetuning_rate=0.0001, fp16=False, hard_student_rule=False, learning_rate=0.0001, logdir='../experiments/econ_reg/Dec13_19-38_ECON_experiments/seed0/2022_12_13-19_38_stBERT', logging_steps=500, loss_weights=False, lower_case=False, max_grad_norm=1.0, max_rule_seq_length=10, max_seq_length=64, max_size=1000, metric='mse', n_gpu=1, no_cuda=False, num_epochs=15, num_iter=25, num_labels=1, num_supervised_trials=5, num_unsup_epochs=25, oversample=1, overwrite=False, sample_size=16384, seed=0, soft_labels=False, student_name='bert', teacher_name='ran', tokenizer_method='clean', train_batch_size=16, unsup_batch_size=128, warmup_steps=0, weak_sources=None, weight_decay=0.0)
2022-12-13 19:38:50,544 INFO building student: bert
2022-12-13 19:38:50,544 INFO building teacher
2022-12-13 19:38:50,544 INFO No weak sources specified for Teacher. Using default: ['econ_regrules']
2022-12-13 19:38:50,545 INFO loading data
2022-12-13 19:38:50,553 INFO Pre-processing train data for student...
2022-12-13 19:38:50,553 INFO train DATASET: 247 examples
2022-12-13 19:38:50,554 INFO train LABELS:
3.338052914979758
2022-12-13 19:38:50,556 INFO Pre-processing dev data for student...
2022-12-13 19:38:50,556 INFO dev DATASET: 18 examples
2022-12-13 19:38:50,557 INFO dev LABELS:
2.138967777777778
2022-12-13 19:38:50,557 INFO [4.57732, 5.39412, 3.88678, 0.93698, -1.04081, -0.58869, -1.53302, 3.76668, 7.29736, 10.30496, 13.36852, 10.56301, 9.14988, 7.2547, 5.47138, 5.17, 3.60142, 2.24206, 5.36784, 6.19179, 6.78258, 5.42076, 0.52335, -1.7829, -2.43001, -0.76976, 2.72709, 6.16873, 7.77884, 8.0145, 6.57755, 3.21555, 2.40215, 0.9469, 1.99603, 3.04933, 1.98087, 3.07291, 0.35513, -2.87143, -2.01841, -0.7248, 2.65814, 7.41665, 9.1219, 6.73, 4.58866, 4.92542, 2.05821, 2.48539, 0.88268, -0.66913, 1.56445, 3.00992, 6.39553, 7.56728, 6.72769, 6.00401, 4.3071, 3.59787, 3.82216, 4.81693, 5.15824, 6.21582, 6.18075, 5.51983, 5.15634, 5.47714, 5.65928, 6.3469, 8.46216, 8.4775, 7.49014, 6.04287, 4.50502, 2.92504, 2.63752, 2.73849, 2.67084, 3.84521, 5.51558, 5.33667, 4.95957, 4.4716, 3.06714, 2.9501, 2.04665, 0.32493, 0.16284, 0.42258, -0.1667, 2.69724, 3.10661, 3.00589, 4.3672, 3.47607, 5.25519, 5.38194, 6.89448, 7.56189, 6.31966, 4.77109, 4.02376, 0.63877, -0.20842, -0.629, -1.94545, -2.29905, -1.83426, 0.79868, 2.55402, 6.15239, 6.17259, 4.95864, 4.31481, 3.22596, 4.46632, 5.7709, 5.01203, 4.11706, 6.07815, 5.24577, 6.6581, 6.50991, 2.65686, 2.38992, 1.28456, 1.42078, -0.77506, -1.6238, -0.03913, 1.59998, 2.9687, 4.32577, 1.2999, -2.19035, -1.01057, -2.55592, -1.44316, 1.43146, 3.26853, 5.73717, 7.89997, 8.57828, 7.9967, 6.90084, 5.5758, 4.55509, 3.68422, 4.26244, 4.18227, 4.14559, 3.70158, 3.11924, 2.90803, 2.71584, 3.35848, 3.26693, 4.47902, 4.24219, 4.4846, 4.19287, 3.79897, 4.31524, 3.74829, 3.90811, 2.7438, 2.8213, 2.41277, 1.72722, 0.60286, -0.95024, -0.53889, -0.10272, 1.1665, 2.85887, 3.16976, 3.66532, 4.38259, 3.31998, 2.80667, 2.28652, 2.60762, 3.43052, 4.2254, 4.33678, 4.11593, 3.48113, 2.40217, 2.67311, 2.19958, 2.6011, 4.00213, 4.04992, 4.42131, 4.31413, 4.30807, 4.6738, 4.48768, 4.85501, 4.09573, 4.09777, 4.87954, 4.82186, 4.72753, 4.80021, 4.82763, 4.22596, 5.24468, 3.97408, 2.90162, 2.19554, 0.99193, 0.48735, 0.17064, 1.32881, 1.32288, 2.14067, 1.99129, 1.67619, 1.95699, 3.23991, 4.29508, 4.35338, 4.23481, 3.49083, 3.35577, 3.90862, 3.60741, 3.44767, 2.98267, 3.22486, 2.97727, 2.32829, 2.6089, 1.54072, 1.93864, 2.39856, 2.16088, 1.4468, 1.38013, 0.2422, -2.54034, -3.28239, -3.9955, -3.13768, 0.08166]
2022-12-13 19:38:50,560 INFO Pre-processing test data for student...
2022-12-13 19:38:50,560 INFO test DATASET: 32 examples
2022-12-13 19:38:50,560 INFO test LABELS:
2.1615075
2022-12-13 19:38:50,564 INFO Pre-processing unlabeled data for student...
2022-12-13 19:38:50,564 INFO unlabeled DATASET: 444 examples
2022-12-13 19:38:50,564 INFO unlabeled LABELS:
-999.0
2022-12-13 19:38:50,564 INFO creating pseudo-dataset
2022-12-13 19:38:50,564 INFO copying data from unlabeled dataset
2022-12-13 19:38:50,573 INFO done
2022-12-13 19:38:50,580 INFO PSEUDO-DATASET:
444 examples
 with mean PSEUDO-LABELS:
-999.0
2022-12-13 19:38:50,580 INFO copying data from train dataset
2022-12-13 19:38:50,586 INFO done
2022-12-13 19:38:50,588 INFO PSEUDO-DATASET:
247 examples
 with mean PSEUDO-LABELS:
3.3380529149797575
2022-12-13 19:38:50,588 INFO Class labels: 1
2022-12-13 19:38:50,589 INFO X Train Shape (247, 7) (247,)
2022-12-13 19:38:50,589 INFO X Dev Shape (18, 7) (18,)
2022-12-13 19:39:02,403 INFO Saving supervised_student to ../experiments/econ_reg/Dec13_19-38_ECON_experiments/seed0/2022_12_13-19_38_stBERT/supervised_student
2022-12-13 19:39:02,403 INFO Saving model at ../experiments/econ_reg/Dec13_19-38_ECON_experiments/seed0/2022_12_13-19_38_stBERT/supervised_student/final_model.h5
2022-12-13 19:39:02,413 INFO 

	*** Evaluating on dev data ***
2022-12-13 19:39:02,413 INFO Predicting labels for 18 texts
2022-12-13 19:39:02,533 INFO Evaluating student dev on 18 examples
2022-12-13 19:39:02,534 INFO student dev performance: 12.72
2022-12-13 19:39:02,535 INFO {'mse': 12.724145315072679, 'r2': 16.943265386491813, 'var_explained': 17.69760274046067, 'ignored': 0, 'total': 18, 'perf': 12.724145315072679}
2022-12-13 19:39:02,535 INFO 

	*** Evaluating on test data ***
2022-12-13 19:39:02,535 INFO Predicting labels for 32 texts
2022-12-13 19:39:02,641 INFO Evaluating student test on 32 examples
2022-12-13 19:39:02,642 INFO student test performance: 1.67
2022-12-13 19:39:02,642 INFO initializing teacher on unlabeled data with majority voting
2022-12-13 19:39:02,643 INFO Applying Teacher with 7 LF(s) on 444 data
2022-12-13 19:39:02,643 INFO There are 3/7 active rules
2022-12-13 19:39:02,643 INFO Coverage: 100.0% (444/444)
2022-12-13 19:39:02,647 INFO evaluating majority voting
2022-12-13 19:39:02,647 INFO Applying Teacher with 7 LF(s) on 247 data
2022-12-13 19:39:02,647 INFO There are 7/7 active rules
2022-12-13 19:39:02,647 INFO Coverage: 100.0% (247/247)
2022-12-13 19:39:02,649 INFO Evaluating teacher train on 247 examples
2022-12-13 19:39:02,650 INFO teacher train performance: 1.96
2022-12-13 19:39:02,650 INFO Applying Teacher with 7 LF(s) on 18 data
2022-12-13 19:39:02,651 INFO There are 7/7 active rules
2022-12-13 19:39:02,651 INFO Coverage: 100.0% (18/18)
2022-12-13 19:39:02,651 INFO Evaluating teacher dev on 18 examples
2022-12-13 19:39:02,652 INFO teacher dev performance: 10.07
2022-12-13 19:39:02,652 INFO Applying Teacher with 7 LF(s) on 32 data
2022-12-13 19:39:02,652 INFO There are 7/7 active rules
2022-12-13 19:39:02,652 INFO Coverage: 100.0% (32/32)
2022-12-13 19:39:02,652 INFO Evaluating teacher test on 32 examples
2022-12-13 19:39:02,653 INFO teacher test performance: 0.29
2022-12-13 19:39:02,653 INFO 

	 *** Starting loop 0 ***
2022-12-13 19:39:02,654 INFO Adding Student as extra rule in Teacher
2022-12-13 19:39:02,654 INFO Getting rule predictions
2022-12-13 19:39:02,654 INFO Applying Teacher with 7 LF(s) on 247 data
2022-12-13 19:39:02,654 INFO Applying Teacher with 7 LF(s) on 18 data
2022-12-13 19:39:02,654 INFO Applying Teacher with 7 LF(s) on 444 data
2022-12-13 19:39:02,655 INFO Getting student predictions on train (and dev) dataset
2022-12-13 19:39:02,655 INFO Predicting labels for 247 texts
2022-12-13 19:39:02,774 INFO Predicting labels for 18 texts
2022-12-13 19:39:02,887 INFO Predicting labels for 444 texts
2022-12-13 19:39:03,002 INFO Training Rule Attention Network
2022-12-13 19:39:03,003 INFO X Train Shape (247, 7) (247, 8) (247,)
2022-12-13 19:39:03,003 INFO X Dev Shape (18, 7) (18, 8) (18,)
2022-12-13 19:39:03,005 INFO X Unsup Shape (444, 7) (444, 8)
2022-12-13 19:39:03,071 INFO 

		*** Training RAN ***
2022-12-13 19:39:04,247 INFO Applying Teacher with 7 LF(s) on 444 data
2022-12-13 19:39:04,249 INFO Predicting labels for 444 texts
2022-12-13 19:39:04,359 INFO There are 3/7 active rules
2022-12-13 19:39:04,359 INFO Coverage: 100.0% (444/444)
2022-12-13 19:39:04,361 INFO RAN - Predicting labels for 444 texts
2022-12-13 19:39:04,425 INFO DONE, Getting attention scores...
2022-12-13 19:39:04,479 INFO the attention scores are
2022-12-13 19:39:04,479 INFO [[-0.15105543  0.09696904  0.42282683 ...  0.42282683  0.42282683
   0.42282683]
 [-0.14464056  0.10688075  0.40492797 ...  0.40492797  0.40492797
   0.40492797]
 [-0.03217548  0.07856672  0.23360237 ...  0.23360237  0.23360237
   0.23360237]
 ...
 [-0.05711032  0.562546    0.3130581  ...  0.64809865  0.64809865
   0.64809865]
 [-0.06079368  0.58051306  0.20519562 ...  0.5837159   0.5837159
   0.5837159 ]
 [-0.05437569  0.5678094   0.11297327 ...  0.5148397   0.5148397
   0.5148397 ]]
2022-12-13 19:39:04,483 INFO [[ 3.79385829e-01 -2.94869000e+00 -9.99000000e+02 ... -9.99000000e+02
  -9.99000000e+02 -9.99000000e+02]
 [ 3.61278385e-01 -2.75736000e+00 -9.99000000e+02 ... -9.99000000e+02
  -9.99000000e+02 -9.99000000e+02]
 [ 2.92831451e-01 -7.87400000e-02 -9.99000000e+02 ... -9.99000000e+02
  -9.99000000e+02 -9.99000000e+02]
 ...
 [ 7.12436974e-01 -3.71401000e+00 -2.13952000e+00 ... -9.99000000e+02
  -9.99000000e+02  3.93627539e+00]
 [ 7.57463813e-01 -2.56603000e+00 -2.90272000e+00 ... -9.99000000e+02
  -9.99000000e+02  3.86859912e+00]
 [ 7.75300860e-01 -1.60938000e+00 -3.23101000e+00 ... -9.99000000e+02
  -9.99000000e+02  3.83700435e+00]]
2022-12-13 19:39:04,485 INFO [[8. 1. 0. ... 0. 0. 0.]
 [8. 1. 0. ... 0. 0. 0.]
 [8. 1. 0. ... 0. 0. 0.]
 ...
 [8. 1. 2. ... 0. 0. 0.]
 [8. 1. 2. ... 0. 0. 0.]
 [8. 1. 2. ... 0. 0. 0.]]
2022-12-13 19:39:04,486 INFO [[-3.43239903e-01]
 [-3.46964240e-01]
 [-1.56083368e-02]
 [ 2.04946741e-01]
 [ 7.20584989e-01]
 [ 9.95073855e-01]
 [ 1.20609617e+00]
 [ 1.23563814e+00]
 [ 1.56648219e+00]
 [ 1.76517951e+00]
 [ 1.30065322e+00]
 [ 1.17616665e+00]
 [ 1.18051732e+00]
 [ 8.80664945e-01]
 [ 6.28416896e-01]
 [ 5.61693251e-01]
 [ 6.92083895e-01]
 [ 7.84224212e-01]
 [ 5.77283978e-01]
 [ 6.46304369e-01]
 [ 6.51918173e-01]
 [ 1.01845109e+00]
 [ 7.89499283e-01]
 [ 6.51918173e-01]
 [ 6.74206078e-01]
 [ 3.57995838e-01]
 [ 1.56583250e-01]
 [ 7.16431588e-02]
 [ 1.14378500e+00]
 [ 8.56837630e-01]
 [ 8.15882683e-02]
 [ 7.32958436e-01]
 [ 8.11205029e-01]
 [ 1.10504174e+00]
 [ 7.87642598e-01]
 [ 7.97252715e-01]
 [ 1.79478258e-01]
 [ 6.68981671e-02]
 [ 5.45427799e-02]
 [ 6.96696043e-02]
 [ 5.80853224e-02]
 [ 2.41488218e-02]
 [-4.80845571e-02]
 [-5.52634597e-02]
 [-2.11894512e-02]
 [ 3.22027206e-02]
 [-1.39868379e-01]
 [ 1.56136826e-01]
 [ 1.71018735e-01]
 [ 1.39895141e-01]
 [ 3.38460952e-01]
 [ 6.00343227e-01]
 [ 1.05980468e+00]
 [ 8.33821297e-01]
 [ 1.19920576e+00]
 [ 9.66422141e-01]
 [ 8.13988805e-01]
 [ 9.60381985e-01]
 [ 2.33833879e-01]
 [ 1.58360988e-01]
 [ 1.17278099e-01]
 [ 6.44301772e-02]
 [ 9.15293097e-02]
 [ 7.75245428e-02]
 [ 7.80104399e-02]
 [ 8.09150338e-02]
 [-3.63464952e-02]
 [ 5.67216873e-02]
 [ 1.36923060e-01]
 [ 1.10508412e-01]
 [-1.20362878e-01]
 [ 1.03158981e-01]
 [-1.55811250e-01]
 [-1.83087349e-01]
 [ 1.70070529e-02]
 [ 5.94241023e-02]
 [ 5.11507392e-02]
 [-3.59374285e-03]
 [-1.53133273e-02]
 [-3.67572904e-02]
 [-1.59184456e-01]
 [-1.35181606e-01]
 [-1.22063756e-02]
 [-3.36947083e-01]
 [-4.73837495e-01]
 [-4.24718022e-01]
 [-2.87993133e-01]
 [-4.33431864e-01]
 [-4.77022171e-01]
 [-2.04931676e-01]
 [-4.60980296e-01]
 [-3.45294833e-01]
 [-4.45273161e-01]
 [-5.74650526e-01]
 [-3.12880337e-01]
 [-2.66698837e-01]
 [-1.47463202e-01]
 [-1.07530415e-01]
 [-8.44943523e-02]
 [ 5.09955883e-02]
 [ 1.81744725e-01]
 [ 3.03335577e-01]
 [ 2.78091311e-01]
 [ 3.34103733e-01]
 [ 3.14383447e-01]
 [ 3.51613224e-01]
 [ 4.06297982e-01]
 [ 3.20764750e-01]
 [ 3.52893144e-01]
 [ 3.18850309e-01]
 [ 2.39376962e-01]
 [ 3.06707442e-01]
 [ 2.92109728e-01]
 [ 3.19099128e-01]
 [ 3.80968809e-01]
 [ 3.46710980e-01]
 [ 3.78883362e-01]
 [ 4.13197577e-01]
 [ 1.64547503e-01]
 [ 7.87062049e-02]
 [ 3.98299098e-02]
 [-4.42821383e-02]
 [-9.20891166e-02]
 [ 3.34680080e-02]
 [-1.68963045e-01]
 [ 3.25244606e-01]
 [ 2.75134027e-01]
 [ 4.29886907e-01]
 [ 6.17775738e-01]
 [ 6.78267419e-01]
 [ 7.24866867e-01]
 [ 7.49786675e-01]
 [ 1.20581591e+00]
 [ 1.03833318e+00]
 [ 7.29074657e-01]
 [ 6.70592904e-01]
 [ 4.81466353e-01]
 [ 3.21659416e-01]
 [ 2.20021456e-01]
 [ 2.47898430e-01]
 [ 2.46429563e-01]
 [ 2.49296576e-01]
 [ 2.13502854e-01]
 [ 1.27633572e-01]
 [ 6.27917051e-02]
 [ 4.74904776e-02]
 [-1.28384709e-01]
 [-1.29149795e-01]
 [-9.00866032e-01]
 [-7.38842010e-01]
 [-1.42984402e+00]
 [-2.09103537e+00]
 [-5.04625034e+00]
 [-4.08224010e+00]
 [-1.70004606e+00]
 [-1.80030906e+00]
 [-4.47206616e-01]
 [-3.12801838e-01]
 [-3.69890273e-01]
 [-7.53181577e-02]
 [ 7.32750177e-01]
 [ 6.64716482e-01]
 [ 5.03456056e-01]
 [ 4.57180262e-01]
 [ 2.36751628e+00]
 [ 1.80070436e+00]
 [ 3.01625848e-01]
 [ 6.52763009e-01]
 [ 3.94019306e-01]
 [ 5.97064853e-01]
 [ 8.01771224e-01]
 [ 7.14808226e-01]
 [ 9.51745272e-01]
 [ 1.09301162e+00]
 [ 8.83429170e-01]
 [ 7.41142273e-01]
 [ 1.05827856e+00]
 [ 1.09421861e+00]
 [ 8.96179438e-01]
 [ 8.52809727e-01]
 [ 8.22724283e-01]
 [ 8.30997109e-01]
 [ 7.96799362e-01]
 [ 9.05883074e-01]
 [ 6.21615648e-01]
 [ 5.60322046e-01]
 [ 5.45426190e-01]
 [ 7.36520171e-01]
 [ 5.64073563e-01]
 [ 6.05470717e-01]
 [ 7.19268560e-01]
 [ 7.85411954e-01]
 [ 9.44477141e-01]
 [ 9.53418136e-01]
 [ 1.18881130e+00]
 [ 9.76744890e-01]
 [ 1.11818480e+00]
 [ 1.23236465e+00]
 [ 1.18903601e+00]
 [ 1.07067406e+00]
 [ 1.09901595e+00]
 [ 1.19283640e+00]
 [ 1.35868621e+00]
 [ 1.56324434e+00]
 [ 1.41126502e+00]
 [ 1.28297102e+00]
 [ 4.63453114e-01]
 [ 1.33673275e+00]
 [ 6.10800624e-01]
 [ 5.20966411e-01]
 [ 2.44288653e-01]
 [-1.14178360e+00]
 [-2.45928526e-01]
 [-3.43259424e-01]
 [-4.25655317e+00]
 [-5.69152498e+00]
 [ 7.42042780e-01]
 [ 1.54081392e+00]
 [ 6.61016107e-01]
 [ 2.49570608e-01]
 [-1.56062579e+00]
 [-2.33070230e+00]
 [-2.33376646e+00]
 [-2.42989016e+00]
 [-6.04966402e-01]
 [-1.49424660e+00]
 [-1.09595704e+00]
 [-1.54809475e+00]
 [-1.22289670e+00]
 [-1.38645697e+00]
 [-2.36988020e+00]
 [-3.39995670e+00]
 [-4.06688929e+00]
 [-2.82666802e+00]
 [-5.51889420e-01]
 [-1.63703799e-01]
 [-4.26306725e-02]
 [-7.01251030e-02]
 [-2.81074047e-02]
 [-2.40336657e-01]
 [-1.25912571e+00]
 [-1.06071043e+00]
 [-5.92530966e-01]
 [-1.14917755e-01]
 [-3.90666187e-01]
 [-4.51568007e-01]
 [-4.09704030e-01]
 [-3.38808715e-01]
 [-5.90007186e-01]
 [-8.97946715e-01]
 [-5.36352634e-01]
 [-7.55969167e-01]
 [-6.85254276e-01]
 [-5.19306242e-01]
 [-2.46224165e-01]
 [-2.60071635e-01]
 [ 1.03637218e-01]
 [ 2.33768404e-01]
 [ 3.11806202e-02]
 [-3.39948773e-01]
 [-9.70489383e-02]
 [-6.79050684e-02]
 [-8.78829956e-02]
 [-1.06931448e-01]
 [-1.20547056e-01]
 [-2.51124620e-01]
 [ 4.19056416e-03]
 [-1.33143663e-02]
 [ 1.08017683e-01]
 [ 1.36965990e-01]
 [-7.25216866e-02]
 [-7.08851814e-02]
 [-4.18024778e-01]
 [-3.71924818e-01]
 [-4.91228402e-01]
 [-7.20985651e-01]
 [-1.10609496e+00]
 [-1.44839787e+00]
 [-1.78403687e+00]
 [-1.73951626e+00]
 [-1.17353833e+00]
 [-1.72840667e+00]
 [-1.08503222e+00]
 [-9.15909886e-01]
 [-6.15575135e-01]
 [-4.89214480e-01]
 [-4.54419732e-01]
 [-3.25891495e-01]
 [ 7.35564828e-02]
 [ 6.25853240e-02]
 [ 3.29416692e-02]
 [ 2.15403765e-01]
 [ 5.76054931e-01]
 [ 5.49282014e-01]
 [ 6.18956327e-01]
 [ 5.49606144e-01]
 [ 4.81706321e-01]
 [ 5.04791141e-01]
 [ 5.87036431e-01]
 [ 7.06950843e-01]
 [ 6.10976458e-01]
 [ 5.74975193e-01]
 [ 6.28512919e-01]
 [ 7.22585797e-01]
 [ 6.70655787e-01]
 [ 6.75494552e-01]
 [ 5.46864748e-01]
 [ 4.39635396e-01]
 [ 3.36669534e-01]
 [ 2.09390283e-01]
 [ 2.09960908e-01]
 [ 1.13928437e-01]
 [ 1.00971162e-01]
 [ 6.31092191e-02]
 [ 8.32448602e-02]
 [ 5.66264391e-02]
 [ 1.48288131e-01]
 [ 1.46636397e-01]
 [ 2.65756845e-02]
 [ 3.24769020e-02]
 [ 9.01156664e-03]
 [ 1.61831379e-02]
 [-1.80690289e-01]
 [-2.80318558e-01]
 [-2.63076186e-01]
 [-2.97794938e-01]
 [-3.38973820e-01]
 [-3.86755824e-01]
 [-2.75721729e-01]
 [-3.13144982e-01]
 [-3.04539800e-01]
 [-2.01295078e-01]
 [-9.58003402e-02]
 [-1.86359823e-01]
 [-2.36883342e-01]
 [-2.49226749e-01]
 [-2.56695926e-01]
 [-2.69587278e-01]
 [-3.36987376e-01]
 [-2.83516765e-01]
 [-3.18881989e-01]
 [-5.04763007e-01]
 [-3.68896723e-01]
 [-6.30704582e-01]
 [-7.22370863e-01]
 [-7.79041588e-01]
 [-6.38719082e-01]
 [-5.65678775e-01]
 [-6.15330040e-01]
 [-6.41454279e-01]
 [-6.98708177e-01]
 [-7.00522006e-01]
 [-5.77443421e-01]
 [-6.51522040e-01]
 [-2.33359933e-01]
 [-9.42901373e-02]
 [-3.35514069e-01]
 [-3.80144477e-01]
 [-3.80846858e-01]
 [-4.83731389e-01]
 [-7.11962819e-01]
 [-6.45555198e-01]
 [-8.30763698e-01]
 [-8.60501528e-01]
 [-9.75687623e-01]
 [-8.37852716e-01]
 [-1.24259818e+00]
 [-1.25105548e+00]
 [-1.24879384e+00]
 [-1.26095819e+00]
 [-1.17986631e+00]
 [-1.18374765e+00]
 [-3.07218730e-01]
 [-3.47506046e-01]
 [ 1.65236443e-01]
 [ 3.31417233e-01]
 [ 4.72163588e-01]
 [ 7.65422821e-01]
 [ 1.21178019e+00]
 [ 1.27558100e+00]
 [ 1.24013436e+00]
 [ 1.20665956e+00]
 [ 1.23658621e+00]
 [ 1.15113473e+00]
 [ 9.24738169e-01]
 [ 8.38014483e-01]
 [ 6.75281763e-01]
 [ 6.22084677e-01]
 [ 5.50660491e-01]
 [ 5.50399363e-01]
 [ 6.03654683e-01]
 [ 7.29505062e-01]
 [ 6.72390521e-01]
 [ 6.65662289e-01]
 [ 3.80576491e-01]
 [ 3.16218704e-01]
 [ 3.01439196e-01]
 [ 4.12802041e-01]
 [ 2.75932103e-01]
 [ 2.32645482e-01]
 [ 1.55473113e-01]
 [ 1.32006198e-01]
 [ 2.00036705e-01]
 [ 2.10693061e-01]
 [ 2.41468832e-01]
 [ 1.12897784e-01]
 [ 1.57166511e-01]
 [ 1.30478442e-01]
 [ 9.83944535e-02]
 [ 4.50903773e-02]
 [-4.86779213e-03]
 [-7.31201768e-02]
 [-1.85282290e-01]
 [-2.34722614e-01]
 [-2.22611248e-01]
 [-1.31430268e-01]
 [-1.37851298e-01]
 [-1.00757957e-01]
 [-2.61547506e-01]
 [-2.59261072e-01]
 [-2.11854696e-01]
 [-3.56813490e-01]
 [-5.67505538e-01]
 [-6.77920341e-01]
 [-5.75686753e-01]
 [-5.24963140e-01]
 [-4.34185863e-02]
 [ 1.39443234e-01]
 [ 4.34070051e-01]
 [ 6.79546893e-01]
 [ 9.92487729e-01]
 [ 9.99618769e-01]
 [ 1.18557763e+00]
 [ 1.19066322e+00]
 [ 1.31213284e+00]
 [ 9.95098352e-01]
 [-1.78267241e-01]
 [-4.67474461e-01]
 [-1.09449434e+00]
 [-7.33349800e-01]
 [ 9.72580910e-03]
 [-2.48688459e-01]
 [ 1.26874685e-01]
 [ 6.54445887e-01]]
2022-12-13 19:39:04,495 INFO Applying Teacher with 7 LF(s) on 18 data
2022-12-13 19:39:04,495 INFO Predicting labels for 18 texts
2022-12-13 19:39:04,630 INFO There are 7/7 active rules
2022-12-13 19:39:04,630 INFO Coverage: 100.0% (18/18)
2022-12-13 19:39:04,630 INFO RAN - Predicting labels for 18 texts
2022-12-13 19:39:04,656 INFO DONE, Getting attention scores...
2022-12-13 19:39:04,715 INFO the attention scores are
2022-12-13 19:39:04,715 INFO [[-8.94092992e-02  6.15158379e-02 -1.12979505e-02  7.85063207e-03
   2.37864181e-01  2.79795408e-01 -9.84678417e-02  3.84427726e-01]
 [-7.47680143e-02  4.07304317e-02 -2.64956634e-02 -4.49936837e-03
   2.58133411e-01  3.17909420e-01 -1.30450115e-01  4.28797483e-01]
 [-3.31596285e-03  7.82275200e-03 -2.36238670e-02 -2.02473775e-02
   2.49401763e-01  3.04693758e-01 -1.09433830e-01  4.32708502e-01]
 [ 7.66992345e-02 -1.69817805e-02 -2.21089441e-02  8.03916529e-03
   2.11978421e-01  2.61823356e-01 -7.75188059e-02  4.01580513e-01]
 [ 1.95450336e-02 -9.13713872e-03 -1.40512567e-02  6.76487386e-03
   2.48209193e-01  2.13159606e-01 -6.06771260e-02  3.90134156e-01]
 [ 1.53686032e-02  3.15457806e-02 -8.86527821e-04  2.40132697e-02
   2.07259580e-01  1.78832784e-01 -2.97991484e-02  3.53193521e-01]
 [-4.13325727e-02  7.13881180e-02  2.77361460e-03  3.75719368e-02
   2.14733943e-01  1.86250433e-01 -6.68300539e-02  3.36416602e-01]
 [-6.37212768e-02  6.40792325e-02 -6.73655234e-03  2.22336501e-03
   2.43769631e-01  2.34549254e-01 -9.67561007e-02  3.67752254e-01]
 [-2.87651449e-01  6.12930238e-01  1.46995151e+00  5.37756920e-01
  -3.12254071e-01  5.91476560e-01  9.54645336e-01  2.07845107e-01]
 [-1.13790941e+00  9.62167978e-05  7.57727146e-01  1.27146304e+00
  -9.30592537e-01  4.42503214e-01  1.01615858e+00 -3.70737791e-01]
 [ 4.73595977e-01  1.74528837e+00  4.68970016e-02 -3.31690460e-01
   2.21774459e+00 -9.97107267e-01  5.97119182e-02  1.03331435e+00]
 [-9.79374945e-01  1.01959443e+00 -5.38483083e-01  9.02676523e-01
   3.65043044e-01  4.05159175e-01  9.26036656e-01  7.01331496e-01]
 [ 3.59690338e-01 -3.82932276e-01 -1.35725367e+00  2.43050367e-01
   4.76312590e+00 -1.33983481e+00 -9.83120501e-03  1.39460638e-01]
 [-1.42539334e+00 -6.08656704e-01  1.22000135e-01  5.67067042e-02
   2.58784771e+00  2.32939407e-01 -6.09280109e-01  6.71736002e-01]
 [-1.62991017e-01  2.19584674e-01 -5.48175395e-01 -2.09523141e-01
   1.01481211e+00  1.03082097e+00 -2.21395388e-01  6.63496137e-01]
 [-7.54571438e-01 -5.28905690e-02 -3.87144744e-01  2.52660066e-01
   1.85836017e+00  9.00025070e-01 -1.28015661e+00  1.07226908e+00]
 [-7.43679330e-02  5.98612905e-01  4.25260961e-01  2.65358239e-01
   1.75139928e+00 -4.27438736e-01 -9.63792920e-01  6.15017772e-01]
 [-3.06545049e-01  2.01960757e-01 -1.46009758e-01  1.69562623e-02
   1.17424905e+00  2.10671261e-01 -7.56129384e-01  7.25130379e-01]]
2022-12-13 19:39:04,718 INFO [[  1.43394876   4.13052     -1.0397       3.09512535   3.2640617
    3.36577426   3.38303295   3.74570201]
 [  1.55368197   4.32185     -1.16019      3.26444319   3.38013403
    3.42866391   3.45133803   3.69176021]
 [  1.59562862   4.13052     -0.09388      3.17231135   3.13661551
    3.19246989   3.2085621    3.7404877 ]
 [  1.52920783   3.3652       0.37592      2.45453612   2.10439016
    2.17771614   2.19542974   3.74528048]
 [  1.45397806   4.13052      0.57936      2.32457052   2.34719456
    2.25001327   2.26135611   3.76101001]
 [  1.33705139   3.55653      0.2345       2.30350816   2.39490513
    2.42491638   2.41907165   3.73167016]
 [  1.31640184   3.74786     -1.31536      2.44877788   2.62815397
    2.66483617   2.67631789   3.69222505]
 [  1.281057     4.32185     -1.67532      2.67637763   2.88433132
    2.94144384   2.95495034   3.71147699]
 [  0.82351023 -17.87243     -2.26674      1.18132536   0.47719557
    0.73805402   0.76381479   3.94327977]
 [  1.73537648  -9.07125     -2.44369     -6.64196399 -10.47253677
   -9.79685495  -9.72717433   3.91855079]
 [  1.35259855  -2.94869     -2.70229     -1.2448897    2.50850567
    0.65652246   0.65661963   3.89366301]
 [  1.43219614  -2.18337     -1.98187     -0.81204923  -0.14289642
    1.27295365   1.09075199   3.96299655]
 [  2.75321054  20.01091     -6.77519      1.49854892   3.09643784
    3.15310123   3.34717023   3.50553497]
 [  2.83250499  12.54904    -10.4054      11.11174653  16.26117834
   15.78320197  15.77421789   3.15038757]
 [  2.28122735   7.76579    -11.62188      4.70926655   0.65812355
    3.15291517   3.2200178    3.03716262]
 [  2.71044803   7.95712    -15.96234      5.35883863   5.56750998
    3.97744687   4.24789846   2.61943487]
 [  2.66368508   7.95712    -15.74107      3.62418387   2.53832359
    2.77953225   2.58725645   2.59260978]
 [  2.2966826    7.00047    -12.37459      2.01389003   1.1590782
    0.93962593   0.96931809   2.6567521 ]]
2022-12-13 19:39:04,721 INFO [[8. 1. 2. 3. 4. 5. 6. 7.]
 [8. 1. 2. 3. 4. 5. 6. 7.]
 [8. 1. 2. 3. 4. 5. 6. 7.]
 [8. 1. 2. 3. 4. 5. 6. 7.]
 [8. 1. 2. 3. 4. 5. 6. 7.]
 [8. 1. 2. 3. 4. 5. 6. 7.]
 [8. 1. 2. 3. 4. 5. 6. 7.]
 [8. 1. 2. 3. 4. 5. 6. 7.]
 [8. 1. 2. 3. 4. 5. 6. 7.]
 [8. 1. 2. 3. 4. 5. 6. 7.]
 [8. 1. 2. 3. 4. 5. 6. 7.]
 [8. 1. 2. 3. 4. 5. 6. 7.]
 [8. 1. 2. 3. 4. 5. 6. 7.]
 [8. 1. 2. 3. 4. 5. 6. 7.]
 [8. 1. 2. 3. 4. 5. 6. 7.]
 [8. 1. 2. 3. 4. 5. 6. 7.]
 [8. 1. 2. 3. 4. 5. 6. 7.]
 [8. 1. 2. 3. 4. 5. 6. 7.]]
2022-12-13 19:39:04,724 INFO [[  2.9868922]
 [  3.1712375]
 [  2.9874265]
 [  2.42167  ]
 [  2.3905547]
 [  2.363786 ]
 [  2.4254475]
 [  2.684567 ]
 [-12.05187  ]
 [-18.198818 ]
 [  4.751647 ]
 [  0.9584131]
 [ 13.867421 ]
 [ 25.948454 ]
 [ 11.937768 ]
 [ 16.364622 ]
 [  1.1912466]
 [  5.303303 ]]
2022-12-13 19:39:04,724 INFO Evaluating teacher dev iter0 on 18 examples
2022-12-13 19:39:04,725 INFO teacher dev iter0 performance: 54.07
2022-12-13 19:39:04,725 INFO Applying Teacher with 7 LF(s) on 32 data
2022-12-13 19:39:04,726 INFO Predicting labels for 32 texts
2022-12-13 19:39:04,854 INFO There are 7/7 active rules
2022-12-13 19:39:04,854 INFO Coverage: 100.0% (32/32)
2022-12-13 19:39:04,855 INFO RAN - Predicting labels for 32 texts
2022-12-13 19:39:04,882 INFO DONE, Getting attention scores...
2022-12-13 19:39:04,942 INFO the attention scores are
2022-12-13 19:39:04,942 INFO [[-2.62638152e-01  4.60698634e-01 -1.77437887e-01  8.66804942e-02
   1.22904110e+00  3.92135084e-01  7.24410295e-01  3.60549986e-01]
 [-2.04582334e-01  1.12837285e-01  8.83067586e-03  3.19617510e-01
   9.71837759e-01  3.27393115e-01  6.60380125e-01  4.54372317e-02]
 [ 6.07540086e-02  9.56490636e-03  6.16190881e-02  5.48181310e-02
   7.94562697e-01  2.77876556e-01  7.31471181e-02  4.57638055e-02]
 [-1.35574192e-01  7.57174939e-03 -6.65354207e-02 -6.60518035e-02
   3.05772185e-01  3.87908161e-01 -4.44816351e-02  3.74391794e-01]
 [-7.75273964e-02 -5.95839024e-02 -1.06704287e-01 -4.26260456e-02
   3.74464691e-01  3.92311096e-01 -1.54610351e-01  4.08344388e-01]
 [-4.40013632e-02 -1.46292567e-01 -8.43518600e-02  6.90658838e-02
   4.28859115e-01  3.25446844e-01 -1.68874934e-01  4.02122378e-01]
 [-6.23512790e-02  2.62579322e-03  6.93859346e-03  1.39934897e-01
   4.83861566e-01  1.39076948e-01 -1.63627937e-01  3.31695646e-01]
 [-2.25369707e-02  1.65622056e-01  3.95880491e-02  9.37409773e-02
   5.15478790e-01  5.01544178e-02 -2.36964330e-01  2.92633772e-01]
 [-1.36430234e-01  2.01854259e-01  1.41825993e-02  5.91056682e-02
   5.99085510e-01  5.58100417e-02 -1.95663765e-01  2.66269386e-01]
 [-1.58849567e-01  1.31601200e-01 -2.23940294e-02  7.91862607e-03
   4.09259498e-01  2.36600190e-01 -6.76269233e-02  2.77981162e-01]
 [-1.93533868e-01  1.57914147e-01 -1.03225194e-01 -2.05554813e-02
   3.94372046e-01  2.66728222e-01 -1.46436721e-01  3.07252347e-01]
 [-2.24372208e-01  9.01771337e-02 -1.27498165e-01 -3.24123502e-02
   4.84349370e-01  3.27489018e-01 -2.40002707e-01  4.12364423e-01]
 [-1.17976964e-02  3.98932174e-02 -7.86132589e-02  3.05593759e-03
   4.18363035e-01  2.31147334e-01 -1.68384209e-01  3.49518836e-01]
 [-1.05888821e-01  4.33426425e-02 -2.59021986e-02  7.77710676e-02
   4.76664543e-01  1.57900155e-01 -1.76226035e-01  3.31590593e-01]
 [-1.35243759e-02  1.29318595e-01  3.74799967e-02  5.56784421e-02
   4.65953708e-01  1.08249247e-01 -1.54421255e-01  2.46812627e-01]
 [-1.36763662e-01  1.13604382e-01 -2.19048206e-02  1.91461295e-04
   3.78628552e-01  1.89729884e-01 -1.06946960e-01  2.88090229e-01]
 [-1.49548590e-01  1.26378909e-01 -6.24470785e-02 -4.05550376e-02
   4.28042889e-01  2.44093999e-01 -9.55509841e-02  2.94176519e-01]
 [-6.48304895e-02  5.92849106e-02 -1.43394068e-01 -5.75653091e-02
   4.93939161e-01  2.53505111e-01 -1.69776663e-01  3.17743659e-01]
 [-2.35324413e-01  1.33444697e-01 -2.53490265e-02 -7.06394017e-03
   5.81811726e-01  1.77467018e-01 -1.96453884e-01  3.39406252e-01]
 [-1.27209932e-01  1.03206769e-01 -2.19293106e-02 -3.89615074e-02
   5.11487246e-01  2.23108694e-01 -8.72143805e-02  2.92997897e-01]
 [-1.63201272e-01  6.13070205e-02 -1.31987572e-01 -3.43768969e-02
   4.23124313e-01  3.37932467e-01 -1.86538056e-01  3.75878096e-01]
 [-2.67227978e-01  5.31970561e-02 -4.23724130e-02 -3.53719071e-02
   4.85692859e-01  3.40297997e-01 -1.87808439e-01  3.91516149e-01]
 [-9.18382481e-02 -1.24718845e-02 -1.14410095e-01 -7.13791475e-02
   5.22189975e-01  3.66436660e-01 -1.92664847e-01  4.15948272e-01]
 [-1.28910989e-01 -8.92381966e-02 -1.38642892e-01  6.30416572e-02
   5.03286719e-01  3.59509170e-01 -2.46462479e-01  4.43605006e-01]
 [-6.17175773e-02  4.12338227e-02  5.17914630e-03  8.61607119e-02
   5.87173045e-01  1.53134257e-01 -2.19557092e-01  3.68092954e-01]
 [-1.22310594e-02  9.45679992e-02  1.21379290e-02  4.93335314e-02
   4.56255913e-01  1.09912314e-01 -1.51495025e-01  3.08182359e-01]
 [-4.91612703e-02  1.17071457e-01 -2.54413839e-02  2.66235918e-02
   4.03938949e-01  1.40900701e-01 -1.50863752e-01  3.03527832e-01]
 [-8.48935917e-02  1.48613602e-01 -7.59500824e-03  2.77486630e-02
   3.64892483e-01  1.30671874e-01 -1.21571586e-01  2.94633448e-01]
 [-9.15074572e-02  1.39662802e-01  2.43561734e-02  2.50865854e-02
   2.78137207e-01  1.59537375e-01 -7.42519498e-02  2.78719783e-01]
 [-3.95252258e-02  1.09162092e-01 -4.35459465e-02 -9.47280228e-03
   2.30848894e-01  2.26201192e-01 -1.07906550e-01  3.23537797e-01]
 [-3.47145572e-02  5.76773062e-02 -9.59063508e-03  2.49166414e-03
   2.07349822e-01  2.23464191e-01 -7.10192919e-02  3.18142474e-01]
 [-3.67934480e-02  5.68439141e-02 -1.24035981e-02 -1.63514093e-02
   2.43896112e-01  2.27877989e-01 -8.76103789e-02  3.41751039e-01]]
2022-12-13 19:39:04,948 INFO [[ 1.55752254 -0.4614     -2.31702     0.55139954  2.50741946  2.65511885
   2.67722589  3.92689195]
 [ 0.77323961  1.64323    -0.50253     1.99036229  3.0067308   3.61334069
   3.66442913  4.08419597]
 [ 1.09442616  3.55653    -0.51325     2.97908189  3.62442873  3.91092451
   4.01071518  4.08701389]
 [ 1.14612758  4.51318     0.57184     3.33883964  3.56409984  3.76843306
   3.82284735  4.18951862]
 [ 1.155339    4.70451    -0.61059     2.86048775  2.61805519  2.75719282
   2.79804171  4.07957066]
 [ 0.90299338  4.89584    -1.74662     2.21399526  1.93066667  1.92515181
   1.95000862  3.9837123 ]
 [ 1.01440156  4.13052    -3.08444     1.96430093  1.94818129  1.89357632
   1.89598089  3.86073435]
 [ 1.10937548  4.51318    -4.18376     1.2650459   1.04061821  1.14035981
   1.14289295  3.75493532]
 [ 1.15010428  4.89584    -4.67205     1.78070266  2.25132653  2.14754871
   2.16059911  3.70601727]
 [ 1.04528105  5.08717    -4.66329     2.6999395   3.32953867  3.42658127
   3.42225895  3.69531148]
 [ 1.04065371  4.89584    -4.00988     2.50677828  2.47315023  2.73991297
   2.77140238  3.75434633]
 [ 1.05779839  5.2785     -3.66395     2.69343055  2.87464754  2.85693163
   2.89791105  3.78763878]
 [ 1.04737985  3.93919    -3.4494      1.81770041  1.43197285  1.61176943
   1.62385733  3.81213678]
 [ 0.92162156  4.51318    -2.84668     1.86055878  2.03372204  1.91488214
   1.93866802  3.86821801]
 [ 0.89594722  5.08717    -2.92066     1.58746467  1.59323512  1.71576676
   1.7106263   3.87264699]
 [ 0.84128481  4.51318    -2.88052     2.11950041  2.56758841  2.54107336
   2.56113745  3.87651008]
 [ 0.93084437  6.04382    -2.68109     2.64175995  3.03364183  3.16185114
   3.16972772  3.89955293]
 [ 0.97495663  6.04382    -3.28318     1.58566468  1.11169939  1.39068947
   1.42678481  3.83775791]
 [ 1.03506315  5.46983    -3.35488     2.57347149  3.25725749  3.00180687
   3.03238223  3.83085747]
 [ 1.01112926  6.23515    -3.27289     2.8971784   3.14280753  3.37259259
   3.35503385  3.83874822]
 [ 1.05782485  5.08717    -2.67489     2.66881088  2.59802545  2.72384315
   2.76692505  3.89245039]
 [ 1.04551768  4.89584    -3.16849     3.69031406  4.28737074  4.1575173
   4.17474916  3.8430213 ]
 [ 1.15580785  5.2785     -3.24389     3.07495018  2.72792156  3.01355092
   3.01678818  3.83383996]
 [ 1.08585119  4.70451    -3.50059     2.34371347  1.9959722   1.95783052
   2.00109676  3.81105985]
 [ 1.13826001  5.08717    -3.75506     2.08097566  2.04564351  1.96650599
   1.96358771  3.74422376]
 [ 1.14908934  3.93919    -3.72995     1.88776326  1.91362087  1.94628467
   1.94264697  3.74086593]
 [ 1.08627558  4.13052    -3.73042     1.64842523  1.66902387  1.73292775
   1.74543889  3.73697108]
 [ 1.05117583  3.55653    -3.81368     1.88782298  2.17882569  2.19020401
   2.20421048  3.72703329]
 [ 1.03916991  3.55653    -3.45063     2.19144855  2.49262413  2.59206827
   2.6033866   3.71385316]
 [ 0.98233694  4.70451    -1.88971     2.05345554  2.09722666  2.24562276
   2.27135178  3.81595656]
 [ 1.06039321  4.32185    -0.73088     2.22790034  2.44639504  2.46660015
   2.49285929  3.87936265]
 [ 1.11161625  4.70451    -0.97892     2.42379139  2.63659616  2.71565311
   2.7276631   3.85549117]]
2022-12-13 19:39:04,954 INFO [[8. 1. 2. 3. 4. 5. 6. 7.]
 [8. 1. 2. 3. 4. 5. 6. 7.]
 [8. 1. 2. 3. 4. 5. 6. 7.]
 [8. 1. 2. 3. 4. 5. 6. 7.]
 [8. 1. 2. 3. 4. 5. 6. 7.]
 [8. 1. 2. 3. 4. 5. 6. 7.]
 [8. 1. 2. 3. 4. 5. 6. 7.]
 [8. 1. 2. 3. 4. 5. 6. 7.]
 [8. 1. 2. 3. 4. 5. 6. 7.]
 [8. 1. 2. 3. 4. 5. 6. 7.]
 [8. 1. 2. 3. 4. 5. 6. 7.]
 [8. 1. 2. 3. 4. 5. 6. 7.]
 [8. 1. 2. 3. 4. 5. 6. 7.]
 [8. 1. 2. 3. 4. 5. 6. 7.]
 [8. 1. 2. 3. 4. 5. 6. 7.]
 [8. 1. 2. 3. 4. 5. 6. 7.]
 [8. 1. 2. 3. 4. 5. 6. 7.]
 [8. 1. 2. 3. 4. 5. 6. 7.]
 [8. 1. 2. 3. 4. 5. 6. 7.]
 [8. 1. 2. 3. 4. 5. 6. 7.]
 [8. 1. 2. 3. 4. 5. 6. 7.]
 [8. 1. 2. 3. 4. 5. 6. 7.]
 [8. 1. 2. 3. 4. 5. 6. 7.]
 [8. 1. 2. 3. 4. 5. 6. 7.]
 [8. 1. 2. 3. 4. 5. 6. 7.]
 [8. 1. 2. 3. 4. 5. 6. 7.]
 [8. 1. 2. 3. 4. 5. 6. 7.]
 [8. 1. 2. 3. 4. 5. 6. 7.]
 [8. 1. 2. 3. 4. 5. 6. 7.]
 [8. 1. 2. 3. 4. 5. 6. 7.]
 [8. 1. 2. 3. 4. 5. 6. 7.]
 [8. 1. 2. 3. 4. 5. 6. 7.]]
2022-12-13 19:39:04,959 INFO [[7.3154297]
 [7.3694715]
 [4.67919  ]
 [3.5702868]
 [2.868648 ]
 [2.271435 ]
 [2.3774254]
 [2.0970469]
 [2.9029648]
 [3.5984101]
 [3.3879633]
 [3.8128343]
 [2.452136 ]
 [2.5292408]
 [2.2444353]
 [2.7583213]
 [3.5994983]
 [2.5534568]
 [3.6855345]
 [3.6658762]
 [3.3672605]
 [4.202468 ]
 [3.5218852]
 [2.9790976]
 [2.748752 ]
 [2.3519118]
 [2.3582633]
 [2.4320345]
 [2.321196 ]
 [2.5191817]
 [2.3406277]
 [2.539572 ]]
2022-12-13 19:39:04,960 INFO Evaluating teacher test iter0 on 32 examples
2022-12-13 19:39:04,961 INFO teacher test iter0 performance: 2.54
2022-12-13 19:39:04,962 INFO Creating Pseudo Dataset with 444 items...
2022-12-13 19:39:04,965 INFO PSEUDO-DATASET:
444 examples
 with mean PSEUDO-LABELS:
0.02743291214679007
2022-12-13 19:39:04,966 INFO training student on pseudo-labeled instances provided by the teacher
2022-12-13 19:39:05,885 INFO fine-tuning the student on clean labeled data
2022-12-13 19:39:06,700 INFO Predicting labels for 18 texts
2022-12-13 19:39:06,828 INFO Evaluating student dev iter0 on 18 examples
2022-12-13 19:39:06,829 INFO student dev iter0 performance: 12.73
2022-12-13 19:39:06,829 INFO Predicting labels for 32 texts
2022-12-13 19:39:06,985 INFO Evaluating student test iter0 on 32 examples
2022-12-13 19:39:06,986 INFO student test iter0 performance: 1.60
2022-12-13 19:39:06,986 INFO Student Dev performance on iter 0: 12.730377683578107
2022-12-13 19:39:06,986 INFO Student Test performance on iter 0: 1.6024639401883538
2022-12-13 19:39:06,986 INFO Improved dev performance from 12.72 to 12.73
2022-12-13 19:39:06,986 INFO Saving student_best to ../experiments/econ_reg/Dec13_19-38_ECON_experiments/seed0/2022_12_13-19_38_stBERT/student_best
2022-12-13 19:39:06,986 INFO Saving model at ../experiments/econ_reg/Dec13_19-38_ECON_experiments/seed0/2022_12_13-19_38_stBERT/student_best/final_model.h5
2022-12-13 19:39:06,996 INFO Saving teacher at ../experiments/econ_reg/Dec13_19-38_ECON_experiments/seed0/2022_12_13-19_38_stBERT/teacher_best
2022-12-13 19:39:06,996 INFO Saving rule attention network at ../experiments/econ_reg/Dec13_19-38_ECON_experiments/seed0/2022_12_13-19_38_stBERT/teacher_best/rule_attention_network.h5
2022-12-13 19:39:07,004 INFO Final Results
2022-12-13 19:39:07,004 INFO TEACHER PERFORMANCES:
0:	10.07	0.29
1:	54.07	2.54
2022-12-13 19:39:07,004 INFO STUDENT PERFORMANCES:
0:	12.72	1.67
1:	12.73	1.60
2022-12-13 19:39:07,004 INFO BEST DEV mse = 12.730 for epoch 1
2022-12-13 19:39:07,004 INFO FINAL TEST mse = 1.602 for epoch 1 (max=1.67 for epoch 0)
2022-12-13 19:39:07,004 INFO Saving student_last to ../experiments/econ_reg/Dec13_19-38_ECON_experiments/seed0/2022_12_13-19_38_stBERT/student_last
2022-12-13 19:39:07,005 INFO Saving model at ../experiments/econ_reg/Dec13_19-38_ECON_experiments/seed0/2022_12_13-19_38_stBERT/student_last/final_model.h5
2022-12-13 19:39:07,015 INFO Saving teacher at ../experiments/econ_reg/Dec13_19-38_ECON_experiments/seed0/2022_12_13-19_38_stBERT/teacher_last
2022-12-13 19:39:07,015 INFO Saving rule attention network at ../experiments/econ_reg/Dec13_19-38_ECON_experiments/seed0/2022_12_13-19_38_stBERT/teacher_last/rule_attention_network.h5
2022-12-13 19:39:07,024 INFO 	*** Final Results ***
2022-12-13 19:39:07,024 INFO 
student_train:	{'dev_loss': 12.724145889282227}
2022-12-13 19:39:07,024 INFO 
supervised_student_dev:	{'mse': 12.724145315072679, 'r2': 16.943265386491813, 'var_explained': 17.69760274046067, 'ignored': 0, 'total': 18, 'perf': 12.724145315072679}
2022-12-13 19:39:07,025 INFO 
supervised_student_test:	{'mse': 1.6734363736602704, 'r2': -303.04758755788885, 'var_explained': -6.639555480424364, 'ignored': 0, 'total': 32, 'perf': 1.6734363736602704}
2022-12-13 19:39:07,025 INFO 
teacher_train:	{'mse': 1.964282890845551, 'r2': 73.43854672719033, 'var_explained': 74.21887383947193, 'ignored': 0, 'total': 247, 'perf': 1.964282890845551}
2022-12-13 19:39:07,025 INFO 
teacher_dev:	{'mse': 54.066954920030625, 'r2': -252.92152163918007, 'var_explained': -230.9787802486542, 'ignored': 0, 'total': 18, 'perf': 54.066954920030625}
2022-12-13 19:39:07,025 INFO 
teacher_test:	{'mse': 2.536001281562891, 'r2': -510.7965708561461, 'var_explained': -234.827761143134, 'ignored': 0, 'total': 32, 'perf': 2.536001281562891}
2022-12-13 19:39:07,026 INFO 
teacher_train_iter:	[{'mse': 1.964282890845551, 'r2': 73.43854672719033, 'var_explained': 74.21887383947193, 'ignored': 0, 'total': 247, 'perf': 1.964282890845551}]
2022-12-13 19:39:07,026 INFO 
teacher_dev_iter:	[{'mse': 10.06782251954834, 'r2': 34.28238656222455, 'var_explained': 35.437258352947275, 'ignored': 0, 'total': 18, 'perf': 10.06782251954834}, {'mse': 54.066954920030625, 'r2': -252.92152163918007, 'var_explained': -230.9787802486542, 'ignored': 0, 'total': 18, 'perf': 54.066954920030625}]
2022-12-13 19:39:07,026 INFO 
teacher_test_iter:	[{'mse': 0.29446293547838565, 'r2': 29.078525100906084, 'var_explained': 29.35653434829424, 'ignored': 0, 'total': 32, 'perf': 0.29446293547838565}, {'mse': 2.536001281562891, 'r2': -510.7965708561461, 'var_explained': -234.827761143134, 'ignored': 0, 'total': 32, 'perf': 2.536001281562891}]
2022-12-13 19:39:07,026 INFO 
student_train_iter:	[{'dev_loss': 12.724145889282227}, {}]
2022-12-13 19:39:07,026 INFO 
student_dev_iter:	[{'mse': 12.724145315072679, 'r2': 16.943265386491813, 'var_explained': 17.69760274046067, 'ignored': 0, 'total': 18, 'perf': 12.724145315072679}, {'mse': 12.730377683578107, 'r2': 16.90258366177465, 'var_explained': 17.535049408759452, 'ignored': 0, 'total': 18, 'perf': 12.730377683578107}]
2022-12-13 19:39:07,026 INFO 
student_test_iter:	[{'mse': 1.6734363736602704, 'r2': -303.04758755788885, 'var_explained': -6.639555480424364, 'ignored': 0, 'total': 32, 'perf': 1.6734363736602704}, {'mse': 1.6024639401883538, 'r2': -285.9538584241058, 'var_explained': -6.834811607201452, 'ignored': 0, 'total': 32, 'perf': 1.6024639401883538}]
2022-12-13 19:39:07,026 INFO 
student_dev:	{'mse': 12.730377683578107, 'r2': 16.90258366177465, 'var_explained': 17.535049408759452, 'ignored': 0, 'total': 18, 'perf': 12.730377683578107}
2022-12-13 19:39:07,027 INFO 
student_test:	{'mse': 1.6024639401883538, 'r2': -285.9538584241058, 'var_explained': -6.834811607201452, 'ignored': 0, 'total': 32, 'perf': 1.6024639401883538}
2022-12-13 19:39:07,027 INFO Saving results at ../experiments/econ_reg/Dec13_19-38_ECON_experiments/seed0/2022_12_13-19_38_stBERT/results.pkl
2022-12-13 19:39:07,029 INFO Dataset: econ_reg
2022-12-13 19:39:07,029 INFO Weak Sources: ['econ_regrules']
2022-12-13 19:39:07,029 INFO Model: bert

2022-12-13 19:39:07,029 INFO Teacher Train mse: 2.0
2022-12-13 19:39:07,029 INFO Teacher Dev mse: 54.1
2022-12-13 19:39:07,029 INFO Teacher Test mse: 2.5

2022-12-13 19:39:07,030 INFO Student Dev mse: 12.7
2022-12-13 19:39:07,030 INFO Student Test mse: 1.6
2022-12-13 19:39:07,031 INFO Saved report at ../experiments/econ_reg/Dec13_19-38_ECON_experiments/seed0/2022_12_13-19_38_stBERT/results.txt
